{"/Users/mattstratton/src/github.com/mattstratton/conducky/frontend/components/Button.js": {"path":"/Users/mattstratton/src/github.com/mattstratton/conducky/frontend/components/Button.js","statementMap":{"0":{"start":{"line":4,"column":2},"end":{"line":19,"column":4}}},"fnMap":{"0":{"name":"Button","decl":{"start":{"line":3,"column":24},"end":{"line":3,"column":30}},"loc":{"start":{"line":3,"column":95},"end":{"line":20,"column":1}},"line":3}},"branchMap":{"0":{"loc":{"start":{"line":3,"column":43},"end":{"line":3,"column":57}},"type":"default-arg","locations":[{"start":{"line":3,"column":55},"end":{"line":3,"column":57}}],"line":3},"1":{"loc":{"start":{"line":3,"column":59},"end":{"line":3,"column":81}},"type":"default-arg","locations":[{"start":{"line":3,"column":76},"end":{"line":3,"column":81}}],"line":3},"2":{"loc":{"start":{"line":7,"column":8},"end":{"line":13,"column":21}},"type":"cond-expr","locations":[{"start":{"line":8,"column":12},"end":{"line":8,"column":21}},{"start":{"line":9,"column":12},"end":{"line":13,"column":21}}],"line":7}},"s":{"0":3},"f":{"0":3},"b":{"0":[2],"1":[3],"2":[0,3]},"_coverageSchema":"1a1c01bbd47fc00a2c39e90264f33305004495a9","hash":"3a6970185f50d168133b5997c926f93573f61133"}
,"/Users/mattstratton/src/github.com/mattstratton/conducky/frontend/components/Card.js": {"path":"/Users/mattstratton/src/github.com/mattstratton/conducky/frontend/components/Card.js","statementMap":{"0":{"start":{"line":4,"column":2},"end":{"line":11,"column":4}}},"fnMap":{"0":{"name":"Card","decl":{"start":{"line":3,"column":24},"end":{"line":3,"column":28}},"loc":{"start":{"line":3,"column":69},"end":{"line":12,"column":1}},"line":3}},"branchMap":{"0":{"loc":{"start":{"line":3,"column":41},"end":{"line":3,"column":55}},"type":"default-arg","locations":[{"start":{"line":3,"column":53},"end":{"line":3,"column":55}}],"line":3}},"s":{"0":1},"f":{"0":1},"b":{"0":[0]},"_coverageSchema":"1a1c01bbd47fc00a2c39e90264f33305004495a9","hash":"41e36faceafc8ec326d893922259ebb8018af4e9"}
,"/Users/mattstratton/src/github.com/mattstratton/conducky/frontend/components/Input.js": {"path":"/Users/mattstratton/src/github.com/mattstratton/conducky/frontend/components/Input.js","statementMap":{"0":{"start":{"line":4,"column":2},"end":{"line":9,"column":4}}},"fnMap":{"0":{"name":"Input","decl":{"start":{"line":3,"column":24},"end":{"line":3,"column":29}},"loc":{"start":{"line":3,"column":60},"end":{"line":10,"column":1}},"line":3}},"branchMap":{"0":{"loc":{"start":{"line":3,"column":32},"end":{"line":3,"column":46}},"type":"default-arg","locations":[{"start":{"line":3,"column":44},"end":{"line":3,"column":46}}],"line":3}},"s":{"0":2},"f":{"0":2},"b":{"0":[0]},"_coverageSchema":"1a1c01bbd47fc00a2c39e90264f33305004495a9","hash":"febd6241e24fcd7405b134f2cadf3afef879ff92"}
,"/Users/mattstratton/src/github.com/mattstratton/conducky/frontend/components/Table.js": {"path":"/Users/mattstratton/src/github.com/mattstratton/conducky/frontend/components/Table.js","statementMap":{"0":{"start":{"line":4,"column":2},"end":{"line":13,"column":4}}},"fnMap":{"0":{"name":"Table","decl":{"start":{"line":3,"column":24},"end":{"line":3,"column":29}},"loc":{"start":{"line":3,"column":70},"end":{"line":14,"column":1}},"line":3}},"branchMap":{"0":{"loc":{"start":{"line":3,"column":42},"end":{"line":3,"column":56}},"type":"default-arg","locations":[{"start":{"line":3,"column":54},"end":{"line":3,"column":56}}],"line":3}},"s":{"0":0},"f":{"0":0},"b":{"0":[0]},"_coverageSchema":"1a1c01bbd47fc00a2c39e90264f33305004495a9","hash":"cea7ff86ee59e0422ac4907e407024610cc61692"}
,"/Users/mattstratton/src/github.com/mattstratton/conducky/frontend/components/index.js": {"path":"/Users/mattstratton/src/github.com/mattstratton/conducky/frontend/components/index.js","statementMap":{},"fnMap":{},"branchMap":{},"s":{},"f":{},"b":{},"_coverageSchema":"1a1c01bbd47fc00a2c39e90264f33305004495a9","hash":"15404769c2add006fb8df6f94e3a8caecccfe62f"}
,"/Users/mattstratton/src/github.com/mattstratton/conducky/frontend/context/ModalContext.js": {"path":"/Users/mattstratton/src/github.com/mattstratton/conducky/frontend/context/ModalContext.js","statementMap":{"0":{"start":{"line":2,"column":28},"end":{"line":2,"column":66}}},"fnMap":{"0":{"name":"(anonymous_0)","decl":{"start":{"line":2,"column":55},"end":{"line":2,"column":56}},"loc":{"start":{"line":2,"column":61},"end":{"line":2,"column":63}},"line":2}},"branchMap":{},"s":{"0":1},"f":{"0":0},"b":{},"_coverageSchema":"1a1c01bbd47fc00a2c39e90264f33305004495a9","hash":"4e05f45ce3c0c8e90e967d73cb07becac5a4076a"}
,"/Users/mattstratton/src/github.com/mattstratton/conducky/frontend/pages/_app.js": {"path":"/Users/mattstratton/src/github.com/mattstratton/conducky/frontend/pages/_app.js","statementMap":{"0":{"start":{"line":9,"column":27},"end":{"line":9,"column":75}},"1":{"start":{"line":12,"column":31},"end":{"line":12,"column":91}},"2":{"start":{"line":15,"column":34},"end":{"line":15,"column":49}},"3":{"start":{"line":17,"column":2},"end":{"line":25,"column":9}},"4":{"start":{"line":18,"column":18},"end":{"line":18,"column":47}},"5":{"start":{"line":19,"column":4},"end":{"line":24,"column":5}},"6":{"start":{"line":19,"column":26},"end":{"line":19,"column":44}},"7":{"start":{"line":20,"column":9},"end":{"line":24,"column":5}},"8":{"start":{"line":20,"column":32},"end":{"line":20,"column":51}},"9":{"start":{"line":23,"column":6},"end":{"line":23,"column":77}},"10":{"start":{"line":27,"column":2},"end":{"line":30,"column":17}},"11":{"start":{"line":28,"column":4},"end":{"line":29,"column":59}},"12":{"start":{"line":28,"column":18},"end":{"line":28,"column":65}},"13":{"start":{"line":29,"column":9},"end":{"line":29,"column":59}},"14":{"start":{"line":32,"column":25},"end":{"line":37,"column":3}},"15":{"start":{"line":33,"column":4},"end":{"line":36,"column":7}},"16":{"start":{"line":34,"column":6},"end":{"line":34,"column":60}},"17":{"start":{"line":35,"column":6},"end":{"line":35,"column":17}},"18":{"start":{"line":38,"column":2},"end":{"line":38,"column":38}},"19":{"start":{"line":42,"column":39},"end":{"line":42,"column":66}},"20":{"start":{"line":43,"column":2},"end":{"line":52,"column":4}},"21":{"start":{"line":56,"column":2},"end":{"line":56,"column":25}},"22":{"start":{"line":56,"column":13},"end":{"line":56,"column":25}},"23":{"start":{"line":57,"column":2},"end":{"line":64,"column":4}},"24":{"start":{"line":68,"column":26},"end":{"line":68,"column":38}},"25":{"start":{"line":69,"column":40},"end":{"line":69,"column":52}},"26":{"start":{"line":70,"column":38},"end":{"line":70,"column":50}},"27":{"start":{"line":71,"column":32},"end":{"line":71,"column":44}},"28":{"start":{"line":72,"column":34},"end":{"line":72,"column":46}},"29":{"start":{"line":73,"column":32},"end":{"line":73,"column":44}},"30":{"start":{"line":74,"column":38},"end":{"line":74,"column":53}},"31":{"start":{"line":75,"column":22},"end":{"line":79,"column":3}},"32":{"start":{"line":80,"column":23},"end":{"line":111,"column":3}},"33":{"start":{"line":81,"column":4},"end":{"line":81,"column":23}},"34":{"start":{"line":82,"column":4},"end":{"line":82,"column":24}},"35":{"start":{"line":83,"column":4},"end":{"line":83,"column":19}},"36":{"start":{"line":84,"column":21},"end":{"line":84,"column":35}},"37":{"start":{"line":85,"column":4},"end":{"line":85,"column":34}},"38":{"start":{"line":86,"column":4},"end":{"line":86,"column":48}},"39":{"start":{"line":87,"column":4},"end":{"line":87,"column":86}},"40":{"start":{"line":87,"column":20},"end":{"line":87,"column":86}},"41":{"start":{"line":88,"column":4},"end":{"line":88,"column":53}},"42":{"start":{"line":88,"column":17},"end":{"line":88,"column":53}},"43":{"start":{"line":89,"column":4},"end":{"line":93,"column":5}},"44":{"start":{"line":90,"column":6},"end":{"line":92,"column":7}},"45":{"start":{"line":90,"column":19},"end":{"line":90,"column":20}},"46":{"start":{"line":91,"column":8},"end":{"line":91,"column":49}},"47":{"start":{"line":94,"column":16},"end":{"line":98,"column":6}},"48":{"start":{"line":99,"column":4},"end":{"line":109,"column":5}},"49":{"start":{"line":100,"column":6},"end":{"line":100,"column":38}},"50":{"start":{"line":101,"column":6},"end":{"line":101,"column":18}},"51":{"start":{"line":102,"column":6},"end":{"line":102,"column":25}},"52":{"start":{"line":103,"column":6},"end":{"line":103,"column":24}},"53":{"start":{"line":104,"column":6},"end":{"line":104,"column":21}},"54":{"start":{"line":105,"column":6},"end":{"line":105,"column":22}},"55":{"start":{"line":106,"column":6},"end":{"line":106,"column":33}},"56":{"start":{"line":106,"column":21},"end":{"line":106,"column":33}},"57":{"start":{"line":108,"column":6},"end":{"line":108,"column":45}},"58":{"start":{"line":110,"column":4},"end":{"line":110,"column":25}},"59":{"start":{"line":112,"column":2},"end":{"line":181,"column":4}},"60":{"start":{"line":119,"column":25},"end":{"line":119,"column":48}},"61":{"start":{"line":125,"column":12},"end":{"line":125,"column":71}},"62":{"start":{"line":134,"column":25},"end":{"line":134,"column":55}},"63":{"start":{"line":145,"column":25},"end":{"line":145,"column":54}},"64":{"start":{"line":156,"column":25},"end":{"line":156,"column":51}},"65":{"start":{"line":168,"column":25},"end":{"line":168,"column":64}},"66":{"start":{"line":185,"column":26},"end":{"line":185,"column":41}},"67":{"start":{"line":186,"column":30},"end":{"line":186,"column":42}},"68":{"start":{"line":187,"column":22},"end":{"line":187,"column":30}},"69":{"start":{"line":188,"column":2},"end":{"line":192,"column":9}},"70":{"start":{"line":189,"column":4},"end":{"line":191,"column":50}},"71":{"start":{"line":190,"column":19},"end":{"line":190,"column":55}},"72":{"start":{"line":191,"column":20},"end":{"line":191,"column":48}},"73":{"start":{"line":194,"column":2},"end":{"line":200,"column":13}},"74":{"start":{"line":196,"column":6},"end":{"line":196,"column":89}},"75":{"start":{"line":196,"column":74},"end":{"line":196,"column":89}},"76":{"start":{"line":198,"column":4},"end":{"line":198,"column":66}},"77":{"start":{"line":198,"column":14},"end":{"line":198,"column":66}},"78":{"start":{"line":199,"column":4},"end":{"line":199,"column":72}},"79":{"start":{"line":199,"column":17},"end":{"line":199,"column":71}},"80":{"start":{"line":201,"column":2},"end":{"line":225,"column":4}},"81":{"start":{"line":203,"column":29},"end":{"line":203,"column":45}},"82":{"start":{"line":203,"column":42},"end":{"line":203,"column":44}},"83":{"start":{"line":214,"column":16},"end":{"line":218,"column":21}},"84":{"start":{"line":229,"column":28},"end":{"line":229,"column":51}},"85":{"start":{"line":230,"column":17},"end":{"line":230,"column":28}},"86":{"start":{"line":231,"column":15},"end":{"line":231,"column":28}},"87":{"start":{"line":232,"column":46},"end":{"line":232,"column":61}},"88":{"start":{"line":234,"column":25},"end":{"line":234,"column":57}},"89":{"start":{"line":235,"column":20},"end":{"line":235,"column":61}},"90":{"start":{"line":237,"column":2},"end":{"line":244,"column":9}},"91":{"start":{"line":238,"column":4},"end":{"line":241,"column":34}},"92":{"start":{"line":239,"column":19},"end":{"line":239,"column":45}},"93":{"start":{"line":240,"column":20},"end":{"line":240,"column":52}},"94":{"start":{"line":241,"column":19},"end":{"line":241,"column":32}},"95":{"start":{"line":246,"column":23},"end":{"line":253,"column":3}},"96":{"start":{"line":247,"column":4},"end":{"line":250,"column":7}},"97":{"start":{"line":251,"column":4},"end":{"line":251,"column":18}},"98":{"start":{"line":252,"column":4},"end":{"line":252,"column":31}},"99":{"start":{"line":256,"column":19},"end":{"line":263,"column":3}},"100":{"start":{"line":265,"column":2},"end":{"line":343,"column":4}},"101":{"start":{"line":275,"column":25},"end":{"line":275,"column":51}},"102":{"start":{"line":275,"column":48},"end":{"line":275,"column":50}},"103":{"start":{"line":285,"column":30},"end":{"line":285,"column":36}},"104":{"start":{"line":286,"column":10},"end":{"line":288,"column":17}},"105":{"start":{"line":307,"column":92},"end":{"line":307,"column":116}},"106":{"start":{"line":315,"column":33},"end":{"line":315,"column":57}},"107":{"start":{"line":322,"column":32},"end":{"line":322,"column":38}},"108":{"start":{"line":323,"column":12},"end":{"line":325,"column":19}},"109":{"start":{"line":323,"column":200},"end":{"line":323,"column":224}},"110":{"start":{"line":337,"column":121},"end":{"line":337,"column":145}},"111":{"start":{"line":347,"column":24},"end":{"line":347,"column":48}},"112":{"start":{"line":348,"column":17},"end":{"line":348,"column":28}},"113":{"start":{"line":349,"column":15},"end":{"line":349,"column":28}},"114":{"start":{"line":350,"column":25},"end":{"line":350,"column":57}},"115":{"start":{"line":351,"column":20},"end":{"line":351,"column":61}},"116":{"start":{"line":353,"column":2},"end":{"line":360,"column":4}},"117":{"start":{"line":355,"column":21},"end":{"line":355,"column":41}},"118":{"start":{"line":364,"column":36},"end":{"line":364,"column":51}},"119":{"start":{"line":365,"column":36},"end":{"line":365,"column":48}},"120":{"start":{"line":366,"column":52},"end":{"line":366,"column":66}},"121":{"start":{"line":367,"column":26},"end":{"line":367,"column":40}},"122":{"start":{"line":369,"column":2},"end":{"line":376,"column":37}},"123":{"start":{"line":370,"column":4},"end":{"line":375,"column":5}},"124":{"start":{"line":371,"column":6},"end":{"line":374,"column":54}},"125":{"start":{"line":372,"column":21},"end":{"line":372,"column":47}},"126":{"start":{"line":373,"column":22},"end":{"line":373,"column":92}},"127":{"start":{"line":374,"column":21},"end":{"line":374,"column":52}},"128":{"start":{"line":377,"column":20},"end":{"line":381,"column":3}},"129":{"start":{"line":378,"column":4},"end":{"line":378,"column":31}},"130":{"start":{"line":379,"column":4},"end":{"line":379,"column":29}},"131":{"start":{"line":380,"column":4},"end":{"line":380,"column":23}},"132":{"start":{"line":382,"column":24},"end":{"line":382,"column":37}},"133":{"start":{"line":383,"column":2},"end":{"line":412,"column":4}},"134":{"start":{"line":388,"column":55},"end":{"line":388,"column":74}},"135":{"start":{"line":395,"column":97},"end":{"line":395,"column":116}}},"fnMap":{"0":{"name":"(anonymous_0)","decl":{"start":{"line":9,"column":64},"end":{"line":9,"column":65}},"loc":{"start":{"line":9,"column":70},"end":{"line":9,"column":72}},"line":9},"1":{"name":"(anonymous_1)","decl":{"start":{"line":12,"column":80},"end":{"line":12,"column":81}},"loc":{"start":{"line":12,"column":86},"end":{"line":12,"column":88}},"line":12},"2":{"name":"useDarkMode","decl":{"start":{"line":14,"column":9},"end":{"line":14,"column":20}},"loc":{"start":{"line":14,"column":23},"end":{"line":39,"column":1}},"line":14},"3":{"name":"(anonymous_3)","decl":{"start":{"line":17,"column":12},"end":{"line":17,"column":13}},"loc":{"start":{"line":17,"column":18},"end":{"line":25,"column":3}},"line":17},"4":{"name":"(anonymous_4)","decl":{"start":{"line":27,"column":12},"end":{"line":27,"column":13}},"loc":{"start":{"line":27,"column":18},"end":{"line":30,"column":3}},"line":27},"5":{"name":"(anonymous_5)","decl":{"start":{"line":32,"column":25},"end":{"line":32,"column":26}},"loc":{"start":{"line":32,"column":31},"end":{"line":37,"column":3}},"line":32},"6":{"name":"(anonymous_6)","decl":{"start":{"line":33,"column":16},"end":{"line":33,"column":17}},"loc":{"start":{"line":33,"column":22},"end":{"line":36,"column":5}},"line":33},"7":{"name":"DarkModeToggle","decl":{"start":{"line":41,"column":9},"end":{"line":41,"column":23}},"loc":{"start":{"line":41,"column":26},"end":{"line":53,"column":1}},"line":41},"8":{"name":"SimpleModal","decl":{"start":{"line":55,"column":9},"end":{"line":55,"column":20}},"loc":{"start":{"line":55,"column":50},"end":{"line":65,"column":1}},"line":55},"9":{"name":"ReportForm","decl":{"start":{"line":67,"column":9},"end":{"line":67,"column":19}},"loc":{"start":{"line":67,"column":57},"end":{"line":182,"column":1}},"line":67},"10":{"name":"(anonymous_10)","decl":{"start":{"line":80,"column":23},"end":{"line":80,"column":24}},"loc":{"start":{"line":80,"column":34},"end":{"line":111,"column":3}},"line":80},"11":{"name":"(anonymous_11)","decl":{"start":{"line":119,"column":20},"end":{"line":119,"column":21}},"loc":{"start":{"line":119,"column":25},"end":{"line":119,"column":48}},"line":119},"12":{"name":"(anonymous_12)","decl":{"start":{"line":124,"column":27},"end":{"line":124,"column":28}},"loc":{"start":{"line":125,"column":12},"end":{"line":125,"column":71}},"line":125},"13":{"name":"(anonymous_13)","decl":{"start":{"line":134,"column":20},"end":{"line":134,"column":21}},"loc":{"start":{"line":134,"column":25},"end":{"line":134,"column":55}},"line":134},"14":{"name":"(anonymous_14)","decl":{"start":{"line":145,"column":20},"end":{"line":145,"column":21}},"loc":{"start":{"line":145,"column":25},"end":{"line":145,"column":54}},"line":145},"15":{"name":"(anonymous_15)","decl":{"start":{"line":156,"column":20},"end":{"line":156,"column":21}},"loc":{"start":{"line":156,"column":25},"end":{"line":156,"column":51}},"line":156},"16":{"name":"(anonymous_16)","decl":{"start":{"line":168,"column":20},"end":{"line":168,"column":21}},"loc":{"start":{"line":168,"column":25},"end":{"line":168,"column":64}},"line":168},"17":{"name":"MyEventsDropdown","decl":{"start":{"line":184,"column":9},"end":{"line":184,"column":25}},"loc":{"start":{"line":184,"column":28},"end":{"line":226,"column":1}},"line":184},"18":{"name":"(anonymous_18)","decl":{"start":{"line":188,"column":12},"end":{"line":188,"column":13}},"loc":{"start":{"line":188,"column":18},"end":{"line":192,"column":3}},"line":188},"19":{"name":"(anonymous_19)","decl":{"start":{"line":190,"column":12},"end":{"line":190,"column":13}},"loc":{"start":{"line":190,"column":19},"end":{"line":190,"column":55}},"line":190},"20":{"name":"(anonymous_20)","decl":{"start":{"line":191,"column":12},"end":{"line":191,"column":13}},"loc":{"start":{"line":191,"column":20},"end":{"line":191,"column":48}},"line":191},"21":{"name":"(anonymous_21)","decl":{"start":{"line":194,"column":12},"end":{"line":194,"column":13}},"loc":{"start":{"line":194,"column":18},"end":{"line":200,"column":3}},"line":194},"22":{"name":"handleClick","decl":{"start":{"line":195,"column":13},"end":{"line":195,"column":24}},"loc":{"start":{"line":195,"column":28},"end":{"line":197,"column":5}},"line":195},"23":{"name":"(anonymous_23)","decl":{"start":{"line":199,"column":11},"end":{"line":199,"column":12}},"loc":{"start":{"line":199,"column":17},"end":{"line":199,"column":71}},"line":199},"24":{"name":"(anonymous_24)","decl":{"start":{"line":203,"column":23},"end":{"line":203,"column":24}},"loc":{"start":{"line":203,"column":29},"end":{"line":203,"column":45}},"line":203},"25":{"name":"(anonymous_25)","decl":{"start":{"line":203,"column":37},"end":{"line":203,"column":38}},"loc":{"start":{"line":203,"column":42},"end":{"line":203,"column":44}},"line":203},"26":{"name":"(anonymous_26)","decl":{"start":{"line":213,"column":26},"end":{"line":213,"column":27}},"loc":{"start":{"line":214,"column":16},"end":{"line":218,"column":21}},"line":214},"27":{"name":"Header","decl":{"start":{"line":228,"column":9},"end":{"line":228,"column":15}},"loc":{"start":{"line":228,"column":18},"end":{"line":344,"column":1}},"line":228},"28":{"name":"(anonymous_28)","decl":{"start":{"line":237,"column":12},"end":{"line":237,"column":13}},"loc":{"start":{"line":237,"column":18},"end":{"line":244,"column":3}},"line":237},"29":{"name":"(anonymous_29)","decl":{"start":{"line":239,"column":12},"end":{"line":239,"column":13}},"loc":{"start":{"line":239,"column":19},"end":{"line":239,"column":45}},"line":239},"30":{"name":"(anonymous_30)","decl":{"start":{"line":240,"column":12},"end":{"line":240,"column":13}},"loc":{"start":{"line":240,"column":20},"end":{"line":240,"column":52}},"line":240},"31":{"name":"(anonymous_31)","decl":{"start":{"line":241,"column":13},"end":{"line":241,"column":14}},"loc":{"start":{"line":241,"column":19},"end":{"line":241,"column":32}},"line":241},"32":{"name":"(anonymous_32)","decl":{"start":{"line":246,"column":23},"end":{"line":246,"column":24}},"loc":{"start":{"line":246,"column":35},"end":{"line":253,"column":3}},"line":246},"33":{"name":"(anonymous_33)","decl":{"start":{"line":275,"column":19},"end":{"line":275,"column":20}},"loc":{"start":{"line":275,"column":25},"end":{"line":275,"column":51}},"line":275},"34":{"name":"(anonymous_34)","decl":{"start":{"line":275,"column":43},"end":{"line":275,"column":44}},"loc":{"start":{"line":275,"column":48},"end":{"line":275,"column":50}},"line":275},"35":{"name":"(anonymous_35)","decl":{"start":{"line":285,"column":25},"end":{"line":285,"column":26}},"loc":{"start":{"line":285,"column":30},"end":{"line":285,"column":36}},"line":285},"36":{"name":"(anonymous_36)","decl":{"start":{"line":285,"column":42},"end":{"line":285,"column":43}},"loc":{"start":{"line":286,"column":10},"end":{"line":288,"column":17}},"line":286},"37":{"name":"(anonymous_37)","decl":{"start":{"line":307,"column":86},"end":{"line":307,"column":87}},"loc":{"start":{"line":307,"column":92},"end":{"line":307,"column":116}},"line":307},"38":{"name":"(anonymous_38)","decl":{"start":{"line":315,"column":27},"end":{"line":315,"column":28}},"loc":{"start":{"line":315,"column":33},"end":{"line":315,"column":57}},"line":315},"39":{"name":"(anonymous_39)","decl":{"start":{"line":322,"column":27},"end":{"line":322,"column":28}},"loc":{"start":{"line":322,"column":32},"end":{"line":322,"column":38}},"line":322},"40":{"name":"(anonymous_40)","decl":{"start":{"line":322,"column":44},"end":{"line":322,"column":45}},"loc":{"start":{"line":323,"column":12},"end":{"line":325,"column":19}},"line":323},"41":{"name":"(anonymous_41)","decl":{"start":{"line":323,"column":194},"end":{"line":323,"column":195}},"loc":{"start":{"line":323,"column":200},"end":{"line":323,"column":224}},"line":323},"42":{"name":"(anonymous_42)","decl":{"start":{"line":337,"column":115},"end":{"line":337,"column":116}},"loc":{"start":{"line":337,"column":121},"end":{"line":337,"column":145}},"line":337},"43":{"name":"SubmitReportNavButton","decl":{"start":{"line":346,"column":9},"end":{"line":346,"column":30}},"loc":{"start":{"line":346,"column":33},"end":{"line":361,"column":1}},"line":346},"44":{"name":"(anonymous_44)","decl":{"start":{"line":355,"column":15},"end":{"line":355,"column":16}},"loc":{"start":{"line":355,"column":21},"end":{"line":355,"column":41}},"line":355},"45":{"name":"MyApp","decl":{"start":{"line":363,"column":9},"end":{"line":363,"column":14}},"loc":{"start":{"line":363,"column":41},"end":{"line":413,"column":1}},"line":363},"46":{"name":"(anonymous_46)","decl":{"start":{"line":369,"column":12},"end":{"line":369,"column":13}},"loc":{"start":{"line":369,"column":18},"end":{"line":376,"column":3}},"line":369},"47":{"name":"(anonymous_47)","decl":{"start":{"line":372,"column":14},"end":{"line":372,"column":15}},"loc":{"start":{"line":372,"column":21},"end":{"line":372,"column":47}},"line":372},"48":{"name":"(anonymous_48)","decl":{"start":{"line":373,"column":14},"end":{"line":373,"column":15}},"loc":{"start":{"line":373,"column":22},"end":{"line":373,"column":92}},"line":373},"49":{"name":"(anonymous_49)","decl":{"start":{"line":374,"column":15},"end":{"line":374,"column":16}},"loc":{"start":{"line":374,"column":21},"end":{"line":374,"column":52}},"line":374},"50":{"name":"(anonymous_50)","decl":{"start":{"line":377,"column":20},"end":{"line":377,"column":21}},"loc":{"start":{"line":377,"column":36},"end":{"line":381,"column":3}},"line":377},"51":{"name":"(anonymous_51)","decl":{"start":{"line":388,"column":49},"end":{"line":388,"column":50}},"loc":{"start":{"line":388,"column":55},"end":{"line":388,"column":74}},"line":388},"52":{"name":"(anonymous_52)","decl":{"start":{"line":395,"column":91},"end":{"line":395,"column":92}},"loc":{"start":{"line":395,"column":97},"end":{"line":395,"column":116}},"line":395}},"branchMap":{"0":{"loc":{"start":{"line":19,"column":4},"end":{"line":24,"column":5}},"type":"if","locations":[{"start":{"line":19,"column":4},"end":{"line":24,"column":5}},{"start":{"line":20,"column":9},"end":{"line":24,"column":5}}],"line":19},"1":{"loc":{"start":{"line":20,"column":9},"end":{"line":24,"column":5}},"type":"if","locations":[{"start":{"line":20,"column":9},"end":{"line":24,"column":5}},{"start":{"line":21,"column":9},"end":{"line":24,"column":5}}],"line":20},"2":{"loc":{"start":{"line":28,"column":4},"end":{"line":29,"column":59}},"type":"if","locations":[{"start":{"line":28,"column":4},"end":{"line":29,"column":59}},{"start":{"line":29,"column":9},"end":{"line":29,"column":59}}],"line":28},"3":{"loc":{"start":{"line":34,"column":36},"end":{"line":34,"column":58}},"type":"cond-expr","locations":[{"start":{"line":34,"column":42},"end":{"line":34,"column":48}},{"start":{"line":34,"column":51},"end":{"line":34,"column":58}}],"line":34},"4":{"loc":{"start":{"line":50,"column":7},"end":{"line":50,"column":29}},"type":"cond-expr","locations":[{"start":{"line":50,"column":18},"end":{"line":50,"column":22}},{"start":{"line":50,"column":25},"end":{"line":50,"column":29}}],"line":50},"5":{"loc":{"start":{"line":56,"column":2},"end":{"line":56,"column":25}},"type":"if","locations":[{"start":{"line":56,"column":2},"end":{"line":56,"column":25}},{"start":{},"end":{}}],"line":56},"6":{"loc":{"start":{"line":87,"column":4},"end":{"line":87,"column":86}},"type":"if","locations":[{"start":{"line":87,"column":4},"end":{"line":87,"column":86}},{"start":{},"end":{}}],"line":87},"7":{"loc":{"start":{"line":88,"column":4},"end":{"line":88,"column":53}},"type":"if","locations":[{"start":{"line":88,"column":4},"end":{"line":88,"column":53}},{"start":{},"end":{}}],"line":88},"8":{"loc":{"start":{"line":89,"column":4},"end":{"line":93,"column":5}},"type":"if","locations":[{"start":{"line":89,"column":4},"end":{"line":93,"column":5}},{"start":{},"end":{}}],"line":89},"9":{"loc":{"start":{"line":89,"column":8},"end":{"line":89,"column":39}},"type":"binary-expr","locations":[{"start":{"line":89,"column":8},"end":{"line":89,"column":16}},{"start":{"line":89,"column":20},"end":{"line":89,"column":39}}],"line":89},"10":{"loc":{"start":{"line":94,"column":29},"end":{"line":94,"column":87}},"type":"binary-expr","locations":[{"start":{"line":94,"column":29},"end":{"line":94,"column":60}},{"start":{"line":94,"column":64},"end":{"line":94,"column":87}}],"line":94},"11":{"loc":{"start":{"line":99,"column":4},"end":{"line":109,"column":5}},"type":"if","locations":[{"start":{"line":99,"column":4},"end":{"line":109,"column":5}},{"start":{"line":107,"column":11},"end":{"line":109,"column":5}}],"line":99},"12":{"loc":{"start":{"line":106,"column":6},"end":{"line":106,"column":33}},"type":"if","locations":[{"start":{"line":106,"column":6},"end":{"line":106,"column":33}},{"start":{},"end":{}}],"line":106},"13":{"loc":{"start":{"line":177,"column":9},"end":{"line":177,"column":55}},"type":"cond-expr","locations":[{"start":{"line":177,"column":22},"end":{"line":177,"column":37}},{"start":{"line":177,"column":40},"end":{"line":177,"column":55}}],"line":177},"14":{"loc":{"start":{"line":179,"column":7},"end":{"line":179,"column":73}},"type":"binary-expr","locations":[{"start":{"line":179,"column":7},"end":{"line":179,"column":14}},{"start":{"line":179,"column":18},"end":{"line":179,"column":73}}],"line":179},"15":{"loc":{"start":{"line":189,"column":11},"end":{"line":189,"column":69}},"type":"binary-expr","locations":[{"start":{"line":189,"column":11},"end":{"line":189,"column":42}},{"start":{"line":189,"column":46},"end":{"line":189,"column":69}}],"line":189},"16":{"loc":{"start":{"line":190,"column":19},"end":{"line":190,"column":55}},"type":"cond-expr","locations":[{"start":{"line":190,"column":28},"end":{"line":190,"column":38}},{"start":{"line":190,"column":41},"end":{"line":190,"column":55}}],"line":190},"17":{"loc":{"start":{"line":191,"column":30},"end":{"line":191,"column":47}},"type":"binary-expr","locations":[{"start":{"line":191,"column":30},"end":{"line":191,"column":41}},{"start":{"line":191,"column":45},"end":{"line":191,"column":47}}],"line":191},"18":{"loc":{"start":{"line":196,"column":6},"end":{"line":196,"column":89}},"type":"if","locations":[{"start":{"line":196,"column":6},"end":{"line":196,"column":89}},{"start":{},"end":{}}],"line":196},"19":{"loc":{"start":{"line":196,"column":10},"end":{"line":196,"column":72}},"type":"binary-expr","locations":[{"start":{"line":196,"column":10},"end":{"line":196,"column":29}},{"start":{"line":196,"column":33},"end":{"line":196,"column":72}}],"line":196},"20":{"loc":{"start":{"line":198,"column":4},"end":{"line":198,"column":66}},"type":"if","locations":[{"start":{"line":198,"column":4},"end":{"line":198,"column":66}},{"start":{},"end":{}}],"line":198},"21":{"loc":{"start":{"line":206,"column":7},"end":{"line":223,"column":7}},"type":"binary-expr","locations":[{"start":{"line":206,"column":7},"end":{"line":206,"column":11}},{"start":{"line":207,"column":8},"end":{"line":222,"column":14}}],"line":206},"22":{"loc":{"start":{"line":209,"column":11},"end":{"line":221,"column":11}},"type":"cond-expr","locations":[{"start":{"line":210,"column":12},"end":{"line":210,"column":77}},{"start":{"line":212,"column":12},"end":{"line":220,"column":17}}],"line":209},"23":{"loc":{"start":{"line":235,"column":20},"end":{"line":235,"column":61}},"type":"cond-expr","locations":[{"start":{"line":235,"column":37},"end":{"line":235,"column":54}},{"start":{"line":235,"column":57},"end":{"line":235,"column":61}}],"line":235},"24":{"loc":{"start":{"line":238,"column":11},"end":{"line":238,"column":69}},"type":"binary-expr","locations":[{"start":{"line":238,"column":11},"end":{"line":238,"column":42}},{"start":{"line":238,"column":46},"end":{"line":238,"column":69}}],"line":238},"25":{"loc":{"start":{"line":239,"column":19},"end":{"line":239,"column":45}},"type":"cond-expr","locations":[{"start":{"line":239,"column":28},"end":{"line":239,"column":38}},{"start":{"line":239,"column":41},"end":{"line":239,"column":45}}],"line":239},"26":{"loc":{"start":{"line":240,"column":28},"end":{"line":240,"column":51}},"type":"cond-expr","locations":[{"start":{"line":240,"column":35},"end":{"line":240,"column":44}},{"start":{"line":240,"column":47},"end":{"line":240,"column":51}}],"line":240},"27":{"loc":{"start":{"line":247,"column":17},"end":{"line":247,"column":75}},"type":"binary-expr","locations":[{"start":{"line":247,"column":17},"end":{"line":247,"column":48}},{"start":{"line":247,"column":52},"end":{"line":247,"column":75}}],"line":247},"28":{"loc":{"start":{"line":262,"column":13},"end":{"line":262,"column":68}},"type":"binary-expr","locations":[{"start":{"line":262,"column":13},"end":{"line":262,"column":17}},{"start":{"line":262,"column":21},"end":{"line":262,"column":31}},{"start":{"line":262,"column":35},"end":{"line":262,"column":68}}],"line":262},"29":{"loc":{"start":{"line":279,"column":66},"end":{"line":279,"column":133}},"type":"cond-expr","locations":[{"start":{"line":279,"column":83},"end":{"line":279,"column":105}},{"start":{"line":279,"column":108},"end":{"line":279,"column":133}}],"line":279},"30":{"loc":{"start":{"line":290,"column":9},"end":{"line":290,"column":47}},"type":"binary-expr","locations":[{"start":{"line":290,"column":9},"end":{"line":290,"column":18}},{"start":{"line":290,"column":22},"end":{"line":290,"column":47}}],"line":290},"31":{"loc":{"start":{"line":294,"column":9},"end":{"line":302,"column":9}},"type":"cond-expr","locations":[{"start":{"line":295,"column":10},"end":{"line":299,"column":13}},{"start":{"line":301,"column":10},"end":{"line":301,"column":111}}],"line":294},"32":{"loc":{"start":{"line":296,"column":84},"end":{"line":296,"column":150}},"type":"binary-expr","locations":[{"start":{"line":296,"column":84},"end":{"line":296,"column":93}},{"start":{"line":296,"column":97},"end":{"line":296,"column":150}}],"line":296},"33":{"loc":{"start":{"line":306,"column":7},"end":{"line":308,"column":7}},"type":"binary-expr","locations":[{"start":{"line":306,"column":7},"end":{"line":306,"column":21}},{"start":{"line":307,"column":8},"end":{"line":307,"column":120}}],"line":306},"34":{"loc":{"start":{"line":310,"column":148},"end":{"line":310,"column":202}},"type":"cond-expr","locations":[{"start":{"line":310,"column":165},"end":{"line":310,"column":180}},{"start":{"line":310,"column":183},"end":{"line":310,"column":202}}],"line":310},"35":{"loc":{"start":{"line":327,"column":11},"end":{"line":327,"column":77}},"type":"binary-expr","locations":[{"start":{"line":327,"column":11},"end":{"line":327,"column":20}},{"start":{"line":327,"column":24},"end":{"line":327,"column":77}}],"line":327},"36":{"loc":{"start":{"line":330,"column":11},"end":{"line":338,"column":11}},"type":"cond-expr","locations":[{"start":{"line":331,"column":12},"end":{"line":335,"column":15}},{"start":{"line":337,"column":12},"end":{"line":337,"column":159}}],"line":330},"37":{"loc":{"start":{"line":332,"column":73},"end":{"line":332,"column":139}},"type":"binary-expr","locations":[{"start":{"line":332,"column":73},"end":{"line":332,"column":82}},{"start":{"line":332,"column":86},"end":{"line":332,"column":139}}],"line":332},"38":{"loc":{"start":{"line":351,"column":20},"end":{"line":351,"column":61}},"type":"cond-expr","locations":[{"start":{"line":351,"column":37},"end":{"line":351,"column":54}},{"start":{"line":351,"column":57},"end":{"line":351,"column":61}}],"line":351},"39":{"loc":{"start":{"line":370,"column":4},"end":{"line":375,"column":5}},"type":"if","locations":[{"start":{"line":370,"column":4},"end":{"line":375,"column":5}},{"start":{},"end":{}}],"line":370},"40":{"loc":{"start":{"line":370,"column":8},"end":{"line":370,"column":38}},"type":"binary-expr","locations":[{"start":{"line":370,"column":8},"end":{"line":370,"column":17}},{"start":{"line":370,"column":21},"end":{"line":370,"column":38}}],"line":370},"41":{"loc":{"start":{"line":371,"column":13},"end":{"line":371,"column":71}},"type":"binary-expr","locations":[{"start":{"line":371,"column":13},"end":{"line":371,"column":44}},{"start":{"line":371,"column":48},"end":{"line":371,"column":71}}],"line":371},"42":{"loc":{"start":{"line":372,"column":21},"end":{"line":372,"column":47}},"type":"cond-expr","locations":[{"start":{"line":372,"column":30},"end":{"line":372,"column":40}},{"start":{"line":372,"column":43},"end":{"line":372,"column":47}}],"line":372},"43":{"loc":{"start":{"line":373,"column":35},"end":{"line":373,"column":91}},"type":"cond-expr","locations":[{"start":{"line":373,"column":56},"end":{"line":373,"column":71}},{"start":{"line":373,"column":74},"end":{"line":373,"column":91}}],"line":373},"44":{"loc":{"start":{"line":373,"column":35},"end":{"line":373,"column":53}},"type":"binary-expr","locations":[{"start":{"line":373,"column":35},"end":{"line":373,"column":39}},{"start":{"line":373,"column":43},"end":{"line":373,"column":53}}],"line":373},"45":{"loc":{"start":{"line":379,"column":17},"end":{"line":379,"column":27}},"type":"binary-expr","locations":[{"start":{"line":379,"column":17},"end":{"line":379,"column":21}},{"start":{"line":379,"column":25},"end":{"line":379,"column":27}}],"line":379},"46":{"loc":{"start":{"line":391,"column":15},"end":{"line":393,"column":15}},"type":"binary-expr","locations":[{"start":{"line":391,"column":15},"end":{"line":391,"column":32}},{"start":{"line":392,"column":16},"end":{"line":392,"column":116}}],"line":391},"47":{"loc":{"start":{"line":392,"column":75},"end":{"line":392,"column":105}},"type":"binary-expr","locations":[{"start":{"line":392,"column":75},"end":{"line":392,"column":84}},{"start":{"line":392,"column":88},"end":{"line":392,"column":105}}],"line":392},"48":{"loc":{"start":{"line":394,"column":15},"end":{"line":396,"column":73}},"type":"cond-expr","locations":[{"start":{"line":395,"column":16},"end":{"line":395,"column":120}},{"start":{"line":396,"column":18},"end":{"line":396,"column":73}}],"line":394}},"s":{"0":1,"1":1,"2":0,"3":0,"4":0,"5":0,"6":0,"7":0,"8":0,"9":0,"10":0,"11":0,"12":0,"13":0,"14":0,"15":0,"16":0,"17":0,"18":0,"19":0,"20":0,"21":0,"22":0,"23":0,"24":0,"25":0,"26":0,"27":0,"28":0,"29":0,"30":0,"31":0,"32":0,"33":0,"34":0,"35":0,"36":0,"37":0,"38":0,"39":0,"40":0,"41":0,"42":0,"43":0,"44":0,"45":0,"46":0,"47":0,"48":0,"49":0,"50":0,"51":0,"52":0,"53":0,"54":0,"55":0,"56":0,"57":0,"58":0,"59":0,"60":0,"61":0,"62":0,"63":0,"64":0,"65":0,"66":0,"67":0,"68":0,"69":0,"70":0,"71":0,"72":0,"73":0,"74":0,"75":0,"76":0,"77":0,"78":0,"79":0,"80":0,"81":0,"82":0,"83":0,"84":0,"85":0,"86":0,"87":0,"88":0,"89":0,"90":0,"91":0,"92":0,"93":0,"94":0,"95":0,"96":0,"97":0,"98":0,"99":0,"100":0,"101":0,"102":0,"103":0,"104":0,"105":0,"106":0,"107":0,"108":0,"109":0,"110":0,"111":0,"112":0,"113":0,"114":0,"115":0,"116":0,"117":0,"118":0,"119":0,"120":0,"121":0,"122":0,"123":0,"124":0,"125":0,"126":0,"127":0,"128":0,"129":0,"130":0,"131":0,"132":0,"133":0,"134":0,"135":0},"f":{"0":0,"1":0,"2":0,"3":0,"4":0,"5":0,"6":0,"7":0,"8":0,"9":0,"10":0,"11":0,"12":0,"13":0,"14":0,"15":0,"16":0,"17":0,"18":0,"19":0,"20":0,"21":0,"22":0,"23":0,"24":0,"25":0,"26":0,"27":0,"28":0,"29":0,"30":0,"31":0,"32":0,"33":0,"34":0,"35":0,"36":0,"37":0,"38":0,"39":0,"40":0,"41":0,"42":0,"43":0,"44":0,"45":0,"46":0,"47":0,"48":0,"49":0,"50":0,"51":0,"52":0},"b":{"0":[0,0],"1":[0,0],"2":[0,0],"3":[0,0],"4":[0,0],"5":[0,0],"6":[0,0],"7":[0,0],"8":[0,0],"9":[0,0],"10":[0,0],"11":[0,0],"12":[0,0],"13":[0,0],"14":[0,0],"15":[0,0],"16":[0,0],"17":[0,0],"18":[0,0],"19":[0,0],"20":[0,0],"21":[0,0],"22":[0,0],"23":[0,0],"24":[0,0],"25":[0,0],"26":[0,0],"27":[0,0],"28":[0,0,0],"29":[0,0],"30":[0,0],"31":[0,0],"32":[0,0],"33":[0,0],"34":[0,0],"35":[0,0],"36":[0,0],"37":[0,0],"38":[0,0],"39":[0,0],"40":[0,0],"41":[0,0],"42":[0,0],"43":[0,0],"44":[0,0],"45":[0,0],"46":[0,0],"47":[0,0],"48":[0,0]},"_coverageSchema":"1a1c01bbd47fc00a2c39e90264f33305004495a9","hash":"ccdde3ad34fcd8fb816819b8f4f7b3f897a069a2"}
,"/Users/mattstratton/src/github.com/mattstratton/conducky/frontend/pages/login.js": {"path":"/Users/mattstratton/src/github.com/mattstratton/conducky/frontend/pages/login.js","statementMap":{"0":{"start":{"line":8,"column":28},"end":{"line":8,"column":40}},"1":{"start":{"line":9,"column":34},"end":{"line":9,"column":46}},"2":{"start":{"line":10,"column":28},"end":{"line":10,"column":40}},"3":{"start":{"line":11,"column":17},"end":{"line":11,"column":28}},"4":{"start":{"line":12,"column":32},"end":{"line":12,"column":45}},"5":{"start":{"line":13,"column":22},"end":{"line":13,"column":45}},"6":{"start":{"line":15,"column":2},"end":{"line":23,"column":26}},"7":{"start":{"line":17,"column":4},"end":{"line":22,"column":5}},"8":{"start":{"line":18,"column":6},"end":{"line":18,"column":36}},"9":{"start":{"line":19,"column":11},"end":{"line":22,"column":5}},"10":{"start":{"line":20,"column":22},"end":{"line":20,"column":75}},"11":{"start":{"line":21,"column":6},"end":{"line":21,"column":33}},"12":{"start":{"line":25,"column":23},"end":{"line":56,"column":3}},"13":{"start":{"line":26,"column":4},"end":{"line":26,"column":23}},"14":{"start":{"line":27,"column":4},"end":{"line":27,"column":17}},"15":{"start":{"line":28,"column":4},"end":{"line":55,"column":5}},"16":{"start":{"line":29,"column":18},"end":{"line":34,"column":8}},"17":{"start":{"line":35,"column":6},"end":{"line":52,"column":7}},"18":{"start":{"line":37,"column":27},"end":{"line":37,"column":141}},"19":{"start":{"line":38,"column":8},"end":{"line":41,"column":9}},"20":{"start":{"line":39,"column":23},"end":{"line":39,"column":46}},"21":{"start":{"line":40,"column":10},"end":{"line":40,"column":29}},"22":{"start":{"line":42,"column":8},"end":{"line":42,"column":29}},"23":{"start":{"line":44,"column":21},"end":{"line":44,"column":35}},"24":{"start":{"line":45,"column":8},"end":{"line":50,"column":9}},"25":{"start":{"line":46,"column":23},"end":{"line":46,"column":39}},"26":{"start":{"line":47,"column":10},"end":{"line":47,"column":56}},"27":{"start":{"line":51,"column":8},"end":{"line":51,"column":25}},"28":{"start":{"line":54,"column":6},"end":{"line":54,"column":32}},"29":{"start":{"line":58,"column":2},"end":{"line":86,"column":4}},"30":{"start":{"line":70,"column":61},"end":{"line":70,"column":85}},"31":{"start":{"line":79,"column":67},"end":{"line":79,"column":94}}},"fnMap":{"0":{"name":"Login","decl":{"start":{"line":7,"column":24},"end":{"line":7,"column":29}},"loc":{"start":{"line":7,"column":32},"end":{"line":87,"column":1}},"line":7},"1":{"name":"(anonymous_1)","decl":{"start":{"line":15,"column":12},"end":{"line":15,"column":13}},"loc":{"start":{"line":15,"column":18},"end":{"line":23,"column":3}},"line":15},"2":{"name":"(anonymous_2)","decl":{"start":{"line":25,"column":23},"end":{"line":25,"column":24}},"loc":{"start":{"line":25,"column":36},"end":{"line":56,"column":3}},"line":25},"3":{"name":"(anonymous_3)","decl":{"start":{"line":70,"column":56},"end":{"line":70,"column":57}},"loc":{"start":{"line":70,"column":61},"end":{"line":70,"column":85}},"line":70},"4":{"name":"(anonymous_4)","decl":{"start":{"line":79,"column":62},"end":{"line":79,"column":63}},"loc":{"start":{"line":79,"column":67},"end":{"line":79,"column":94}},"line":79}},"branchMap":{"0":{"loc":{"start":{"line":17,"column":4},"end":{"line":22,"column":5}},"type":"if","locations":[{"start":{"line":17,"column":4},"end":{"line":22,"column":5}},{"start":{"line":19,"column":11},"end":{"line":22,"column":5}}],"line":17},"1":{"loc":{"start":{"line":19,"column":11},"end":{"line":22,"column":5}},"type":"if","locations":[{"start":{"line":19,"column":11},"end":{"line":22,"column":5}},{"start":{},"end":{}}],"line":19},"2":{"loc":{"start":{"line":19,"column":15},"end":{"line":19,"column":123}},"type":"binary-expr","locations":[{"start":{"line":19,"column":15},"end":{"line":19,"column":46}},{"start":{"line":19,"column":50},"end":{"line":19,"column":67}},{"start":{"line":19,"column":71},"end":{"line":19,"column":123}}],"line":19},"3":{"loc":{"start":{"line":21,"column":17},"end":{"line":21,"column":31}},"type":"binary-expr","locations":[{"start":{"line":21,"column":17},"end":{"line":21,"column":24}},{"start":{"line":21,"column":28},"end":{"line":21,"column":31}}],"line":21},"4":{"loc":{"start":{"line":35,"column":6},"end":{"line":52,"column":7}},"type":"if","locations":[{"start":{"line":35,"column":6},"end":{"line":52,"column":7}},{"start":{"line":43,"column":13},"end":{"line":52,"column":7}}],"line":35},"5":{"loc":{"start":{"line":37,"column":40},"end":{"line":37,"column":98}},"type":"binary-expr","locations":[{"start":{"line":37,"column":40},"end":{"line":37,"column":71}},{"start":{"line":37,"column":75},"end":{"line":37,"column":98}}],"line":37},"6":{"loc":{"start":{"line":38,"column":8},"end":{"line":41,"column":9}},"type":"if","locations":[{"start":{"line":38,"column":8},"end":{"line":41,"column":9}},{"start":{},"end":{}}],"line":38},"7":{"loc":{"start":{"line":47,"column":19},"end":{"line":47,"column":55}},"type":"binary-expr","locations":[{"start":{"line":47,"column":19},"end":{"line":47,"column":29}},{"start":{"line":47,"column":33},"end":{"line":47,"column":45}},{"start":{"line":47,"column":49},"end":{"line":47,"column":55}}],"line":47},"8":{"loc":{"start":{"line":81,"column":11},"end":{"line":81,"column":103}},"type":"binary-expr","locations":[{"start":{"line":81,"column":11},"end":{"line":81,"column":16}},{"start":{"line":81,"column":20},"end":{"line":81,"column":103}}],"line":81}},"s":{"0":1,"1":1,"2":1,"3":1,"4":1,"5":1,"6":1,"7":1,"8":0,"9":1,"10":0,"11":0,"12":1,"13":0,"14":0,"15":0,"16":0,"17":0,"18":0,"19":0,"20":0,"21":0,"22":0,"23":0,"24":0,"25":0,"26":0,"27":0,"28":0,"29":1,"30":0,"31":0},"f":{"0":1,"1":1,"2":0,"3":0,"4":0},"b":{"0":[0,1],"1":[0,1],"2":[1,1,0],"3":[0,0],"4":[0,0],"5":[0,0],"6":[0,0],"7":[0,0,0],"8":[1,0]},"_coverageSchema":"1a1c01bbd47fc00a2c39e90264f33305004495a9","hash":"4ed36dbee6458cbe0278da133aea571c209dad26"}
}
