TN:
SF:components/Button.js
FN:3,Button
FNF:1
FNH:1
FNDA:3,Button
DA:4,3
LF:1
LH:1
BRDA:3,0,0,2
BRDA:3,1,0,3
BRDA:7,2,0,0
BRDA:7,2,1,3
BRF:4
BRH:3
end_of_record
TN:
SF:components/Card.js
FN:3,Card
FNF:1
FNH:1
FNDA:1,Card
DA:4,1
LF:1
LH:1
BRDA:3,0,0,0
BRF:1
BRH:0
end_of_record
TN:
SF:components/Input.js
FN:3,Input
FNF:1
FNH:1
FNDA:2,Input
DA:4,2
LF:1
LH:1
BRDA:3,0,0,0
BRF:1
BRH:0
end_of_record
TN:
SF:components/Table.js
FN:3,Table
FNF:1
FNH:0
FNDA:0,Table
DA:4,0
LF:1
LH:0
BRDA:3,0,0,0
BRF:1
BRH:0
end_of_record
TN:
SF:components/index.js
FNF:0
FNH:0
LF:0
LH:0
BRF:0
BRH:0
end_of_record
TN:
SF:context/ModalContext.js
FN:2,(anonymous_0)
FNF:1
FNH:0
FNDA:0,(anonymous_0)
DA:2,1
LF:1
LH:1
BRF:0
BRH:0
end_of_record
TN:
SF:pages/_app.js
FN:9,(anonymous_0)
FN:12,(anonymous_1)
FN:14,useDarkMode
FN:17,(anonymous_3)
FN:27,(anonymous_4)
FN:32,(anonymous_5)
FN:33,(anonymous_6)
FN:41,DarkModeToggle
FN:55,SimpleModal
FN:67,ReportForm
FN:80,(anonymous_10)
FN:119,(anonymous_11)
FN:124,(anonymous_12)
FN:134,(anonymous_13)
FN:145,(anonymous_14)
FN:156,(anonymous_15)
FN:168,(anonymous_16)
FN:184,MyEventsDropdown
FN:188,(anonymous_18)
FN:190,(anonymous_19)
FN:191,(anonymous_20)
FN:194,(anonymous_21)
FN:195,handleClick
FN:199,(anonymous_23)
FN:203,(anonymous_24)
FN:203,(anonymous_25)
FN:213,(anonymous_26)
FN:228,Header
FN:237,(anonymous_28)
FN:239,(anonymous_29)
FN:240,(anonymous_30)
FN:241,(anonymous_31)
FN:246,(anonymous_32)
FN:275,(anonymous_33)
FN:275,(anonymous_34)
FN:285,(anonymous_35)
FN:285,(anonymous_36)
FN:307,(anonymous_37)
FN:315,(anonymous_38)
FN:322,(anonymous_39)
FN:322,(anonymous_40)
FN:323,(anonymous_41)
FN:337,(anonymous_42)
FN:346,SubmitReportNavButton
FN:355,(anonymous_44)
FN:363,MyApp
FN:369,(anonymous_46)
FN:372,(anonymous_47)
FN:373,(anonymous_48)
FN:374,(anonymous_49)
FN:377,(anonymous_50)
FN:388,(anonymous_51)
FN:395,(anonymous_52)
FNF:53
FNH:0
FNDA:0,(anonymous_0)
FNDA:0,(anonymous_1)
FNDA:0,useDarkMode
FNDA:0,(anonymous_3)
FNDA:0,(anonymous_4)
FNDA:0,(anonymous_5)
FNDA:0,(anonymous_6)
FNDA:0,DarkModeToggle
FNDA:0,SimpleModal
FNDA:0,ReportForm
FNDA:0,(anonymous_10)
FNDA:0,(anonymous_11)
FNDA:0,(anonymous_12)
FNDA:0,(anonymous_13)
FNDA:0,(anonymous_14)
FNDA:0,(anonymous_15)
FNDA:0,(anonymous_16)
FNDA:0,MyEventsDropdown
FNDA:0,(anonymous_18)
FNDA:0,(anonymous_19)
FNDA:0,(anonymous_20)
FNDA:0,(anonymous_21)
FNDA:0,handleClick
FNDA:0,(anonymous_23)
FNDA:0,(anonymous_24)
FNDA:0,(anonymous_25)
FNDA:0,(anonymous_26)
FNDA:0,Header
FNDA:0,(anonymous_28)
FNDA:0,(anonymous_29)
FNDA:0,(anonymous_30)
FNDA:0,(anonymous_31)
FNDA:0,(anonymous_32)
FNDA:0,(anonymous_33)
FNDA:0,(anonymous_34)
FNDA:0,(anonymous_35)
FNDA:0,(anonymous_36)
FNDA:0,(anonymous_37)
FNDA:0,(anonymous_38)
FNDA:0,(anonymous_39)
FNDA:0,(anonymous_40)
FNDA:0,(anonymous_41)
FNDA:0,(anonymous_42)
FNDA:0,SubmitReportNavButton
FNDA:0,(anonymous_44)
FNDA:0,MyApp
FNDA:0,(anonymous_46)
FNDA:0,(anonymous_47)
FNDA:0,(anonymous_48)
FNDA:0,(anonymous_49)
FNDA:0,(anonymous_50)
FNDA:0,(anonymous_51)
FNDA:0,(anonymous_52)
DA:9,1
DA:12,1
DA:15,0
DA:17,0
DA:18,0
DA:19,0
DA:20,0
DA:23,0
DA:27,0
DA:28,0
DA:29,0
DA:32,0
DA:33,0
DA:34,0
DA:35,0
DA:38,0
DA:42,0
DA:43,0
DA:56,0
DA:57,0
DA:68,0
DA:69,0
DA:70,0
DA:71,0
DA:72,0
DA:73,0
DA:74,0
DA:75,0
DA:80,0
DA:81,0
DA:82,0
DA:83,0
DA:84,0
DA:85,0
DA:86,0
DA:87,0
DA:88,0
DA:89,0
DA:90,0
DA:91,0
DA:94,0
DA:99,0
DA:100,0
DA:101,0
DA:102,0
DA:103,0
DA:104,0
DA:105,0
DA:106,0
DA:108,0
DA:110,0
DA:112,0
DA:119,0
DA:125,0
DA:134,0
DA:145,0
DA:156,0
DA:168,0
DA:185,0
DA:186,0
DA:187,0
DA:188,0
DA:189,0
DA:190,0
DA:191,0
DA:194,0
DA:196,0
DA:198,0
DA:199,0
DA:201,0
DA:203,0
DA:214,0
DA:229,0
DA:230,0
DA:231,0
DA:232,0
DA:234,0
DA:235,0
DA:237,0
DA:238,0
DA:239,0
DA:240,0
DA:241,0
DA:246,0
DA:247,0
DA:251,0
DA:252,0
DA:256,0
DA:265,0
DA:275,0
DA:285,0
DA:286,0
DA:307,0
DA:315,0
DA:322,0
DA:323,0
DA:337,0
DA:347,0
DA:348,0
DA:349,0
DA:350,0
DA:351,0
DA:353,0
DA:355,0
DA:364,0
DA:365,0
DA:366,0
DA:367,0
DA:369,0
DA:370,0
DA:371,0
DA:372,0
DA:373,0
DA:374,0
DA:377,0
DA:378,0
DA:379,0
DA:380,0
DA:382,0
DA:383,0
DA:388,0
DA:395,0
LF:122
LH:2
BRDA:19,0,0,0
BRDA:19,0,1,0
BRDA:20,1,0,0
BRDA:20,1,1,0
BRDA:28,2,0,0
BRDA:28,2,1,0
BRDA:34,3,0,0
BRDA:34,3,1,0
BRDA:50,4,0,0
BRDA:50,4,1,0
BRDA:56,5,0,0
BRDA:56,5,1,0
BRDA:87,6,0,0
BRDA:87,6,1,0
BRDA:88,7,0,0
BRDA:88,7,1,0
BRDA:89,8,0,0
BRDA:89,8,1,0
BRDA:89,9,0,0
BRDA:89,9,1,0
BRDA:94,10,0,0
BRDA:94,10,1,0
BRDA:99,11,0,0
BRDA:99,11,1,0
BRDA:106,12,0,0
BRDA:106,12,1,0
BRDA:177,13,0,0
BRDA:177,13,1,0
BRDA:179,14,0,0
BRDA:179,14,1,0
BRDA:189,15,0,0
BRDA:189,15,1,0
BRDA:190,16,0,0
BRDA:190,16,1,0
BRDA:191,17,0,0
BRDA:191,17,1,0
BRDA:196,18,0,0
BRDA:196,18,1,0
BRDA:196,19,0,0
BRDA:196,19,1,0
BRDA:198,20,0,0
BRDA:198,20,1,0
BRDA:206,21,0,0
BRDA:206,21,1,0
BRDA:209,22,0,0
BRDA:209,22,1,0
BRDA:235,23,0,0
BRDA:235,23,1,0
BRDA:238,24,0,0
BRDA:238,24,1,0
BRDA:239,25,0,0
BRDA:239,25,1,0
BRDA:240,26,0,0
BRDA:240,26,1,0
BRDA:247,27,0,0
BRDA:247,27,1,0
BRDA:262,28,0,0
BRDA:262,28,1,0
BRDA:262,28,2,0
BRDA:279,29,0,0
BRDA:279,29,1,0
BRDA:290,30,0,0
BRDA:290,30,1,0
BRDA:294,31,0,0
BRDA:294,31,1,0
BRDA:296,32,0,0
BRDA:296,32,1,0
BRDA:306,33,0,0
BRDA:306,33,1,0
BRDA:310,34,0,0
BRDA:310,34,1,0
BRDA:327,35,0,0
BRDA:327,35,1,0
BRDA:330,36,0,0
BRDA:330,36,1,0
BRDA:332,37,0,0
BRDA:332,37,1,0
BRDA:351,38,0,0
BRDA:351,38,1,0
BRDA:370,39,0,0
BRDA:370,39,1,0
BRDA:370,40,0,0
BRDA:370,40,1,0
BRDA:371,41,0,0
BRDA:371,41,1,0
BRDA:372,42,0,0
BRDA:372,42,1,0
BRDA:373,43,0,0
BRDA:373,43,1,0
BRDA:373,44,0,0
BRDA:373,44,1,0
BRDA:379,45,0,0
BRDA:379,45,1,0
BRDA:391,46,0,0
BRDA:391,46,1,0
BRDA:392,47,0,0
BRDA:392,47,1,0
BRDA:394,48,0,0
BRDA:394,48,1,0
BRF:99
BRH:0
end_of_record
TN:
SF:pages/login.js
FN:7,Login
FN:15,(anonymous_1)
FN:25,(anonymous_2)
FN:70,(anonymous_3)
FN:79,(anonymous_4)
FNF:5
FNH:2
FNDA:1,Login
FNDA:1,(anonymous_1)
FNDA:0,(anonymous_2)
FNDA:0,(anonymous_3)
FNDA:0,(anonymous_4)
DA:8,1
DA:9,1
DA:10,1
DA:11,1
DA:12,1
DA:13,1
DA:15,1
DA:17,1
DA:18,0
DA:19,1
DA:20,0
DA:21,0
DA:25,1
DA:26,0
DA:27,0
DA:28,0
DA:29,0
DA:35,0
DA:37,0
DA:38,0
DA:39,0
DA:40,0
DA:42,0
DA:44,0
DA:45,0
DA:46,0
DA:47,0
DA:51,0
DA:54,0
DA:58,1
DA:70,0
DA:79,0
LF:32
LH:11
BRDA:17,0,0,0
BRDA:17,0,1,1
BRDA:19,1,0,0
BRDA:19,1,1,1
BRDA:19,2,0,1
BRDA:19,2,1,1
BRDA:19,2,2,0
BRDA:21,3,0,0
BRDA:21,3,1,0
BRDA:35,4,0,0
BRDA:35,4,1,0
BRDA:37,5,0,0
BRDA:37,5,1,0
BRDA:38,6,0,0
BRDA:38,6,1,0
BRDA:47,7,0,0
BRDA:47,7,1,0
BRDA:47,7,2,0
BRDA:81,8,0,1
BRDA:81,8,1,0
BRF:20
BRH:5
end_of_record
