{"/Users/mattstratton/src/github.com/mattstratton/conducky/backend/index.js": {"path":"/Users/mattstratton/src/github.com/mattstratton/conducky/backend/index.js","statementMap":{"0":{"start":{"line":1,"column":16},"end":{"line":1,"column":34}},"1":{"start":{"line":2,"column":16},"end":{"line":2,"column":42}},"2":{"start":{"line":3,"column":17},"end":{"line":3,"column":36}},"3":{"start":{"line":4,"column":22},"end":{"line":4,"column":56}},"4":{"start":{"line":5,"column":15},"end":{"line":5,"column":32}},"5":{"start":{"line":6,"column":15},"end":{"line":6,"column":32}},"6":{"start":{"line":7,"column":13},"end":{"line":7,"column":28}},"7":{"start":{"line":8,"column":11},"end":{"line":8,"column":24}},"8":{"start":{"line":9,"column":25},"end":{"line":9,"column":50}},"9":{"start":{"line":10,"column":15},"end":{"line":10,"column":33}},"10":{"start":{"line":11,"column":13},"end":{"line":11,"column":28}},"11":{"start":{"line":12,"column":12},"end":{"line":12,"column":21}},"12":{"start":{"line":13,"column":13},"end":{"line":13,"column":17}},"13":{"start":{"line":14,"column":21},"end":{"line":14,"column":45}},"14":{"start":{"line":15,"column":43},"end":{"line":15,"column":66}},"15":{"start":{"line":16,"column":15},"end":{"line":16,"column":32}},"16":{"start":{"line":19,"column":0},"end":{"line":22,"column":3}},"17":{"start":{"line":20,"column":2},"end":{"line":20,"column":65}},"18":{"start":{"line":21,"column":2},"end":{"line":21,"column":9}},"19":{"start":{"line":25,"column":15},"end":{"line":28,"column":2}},"20":{"start":{"line":31,"column":19},"end":{"line":31,"column":102}},"21":{"start":{"line":34,"column":20},"end":{"line":37,"column":2}},"22":{"start":{"line":40,"column":0},"end":{"line":43,"column":4}},"23":{"start":{"line":46,"column":0},"end":{"line":46,"column":24}},"24":{"start":{"line":47,"column":0},"end":{"line":47,"column":48}},"25":{"start":{"line":50,"column":0},"end":{"line":54,"column":4}},"26":{"start":{"line":57,"column":0},"end":{"line":57,"column":69}},"27":{"start":{"line":60,"column":0},"end":{"line":60,"column":31}},"28":{"start":{"line":61,"column":0},"end":{"line":61,"column":28}},"29":{"start":{"line":64,"column":0},"end":{"line":81,"column":3}},"30":{"start":{"line":67,"column":4},"end":{"line":79,"column":5}},"31":{"start":{"line":68,"column":19},"end":{"line":68,"column":69}},"32":{"start":{"line":69,"column":6},"end":{"line":71,"column":7}},"33":{"start":{"line":70,"column":8},"end":{"line":70,"column":78}},"34":{"start":{"line":72,"column":20},"end":{"line":72,"column":69}},"35":{"start":{"line":73,"column":6},"end":{"line":75,"column":7}},"36":{"start":{"line":74,"column":8},"end":{"line":74,"column":78}},"37":{"start":{"line":76,"column":6},"end":{"line":76,"column":30}},"38":{"start":{"line":78,"column":6},"end":{"line":78,"column":23}},"39":{"start":{"line":83,"column":0},"end":{"line":85,"column":3}},"40":{"start":{"line":84,"column":2},"end":{"line":84,"column":22}},"41":{"start":{"line":86,"column":0},"end":{"line":93,"column":3}},"42":{"start":{"line":87,"column":2},"end":{"line":92,"column":3}},"43":{"start":{"line":88,"column":17},"end":{"line":88,"column":64}},"44":{"start":{"line":89,"column":4},"end":{"line":89,"column":21}},"45":{"start":{"line":91,"column":4},"end":{"line":91,"column":14}},"46":{"start":{"line":96,"column":0},"end":{"line":136,"column":3}},"47":{"start":{"line":97,"column":36},"end":{"line":97,"column":44}},"48":{"start":{"line":98,"column":2},"end":{"line":100,"column":3}},"49":{"start":{"line":99,"column":4},"end":{"line":99,"column":79}},"50":{"start":{"line":101,"column":2},"end":{"line":135,"column":3}},"51":{"start":{"line":102,"column":21},"end":{"line":102,"column":71}},"52":{"start":{"line":103,"column":4},"end":{"line":105,"column":5}},"53":{"start":{"line":104,"column":6},"end":{"line":104,"column":74}},"54":{"start":{"line":106,"column":22},"end":{"line":106,"column":47}},"55":{"start":{"line":107,"column":25},"end":{"line":107,"column":56}},"56":{"start":{"line":108,"column":17},"end":{"line":110,"column":6}},"57":{"start":{"line":112,"column":25},"end":{"line":112,"column":30}},"58":{"start":{"line":113,"column":4},"end":{"line":126,"column":5}},"59":{"start":{"line":114,"column":27},"end":{"line":114,"column":90}},"60":{"start":{"line":115,"column":6},"end":{"line":117,"column":7}},"61":{"start":{"line":116,"column":8},"end":{"line":116,"column":84}},"62":{"start":{"line":118,"column":6},"end":{"line":124,"column":9}},"63":{"start":{"line":125,"column":6},"end":{"line":125,"column":28}},"64":{"start":{"line":128,"column":4},"end":{"line":132,"column":7}},"65":{"start":{"line":134,"column":4},"end":{"line":134,"column":89}},"66":{"start":{"line":139,"column":0},"end":{"line":141,"column":3}},"67":{"start":{"line":140,"column":2},"end":{"line":140,"column":109}},"68":{"start":{"line":144,"column":0},"end":{"line":149,"column":3}},"69":{"start":{"line":145,"column":2},"end":{"line":148,"column":5}},"70":{"start":{"line":146,"column":4},"end":{"line":146,"column":70}},"71":{"start":{"line":146,"column":13},"end":{"line":146,"column":70}},"72":{"start":{"line":147,"column":4},"end":{"line":147,"column":41}},"73":{"start":{"line":152,"column":0},"end":{"line":165,"column":3}},"74":{"start":{"line":153,"column":2},"end":{"line":164,"column":3}},"75":{"start":{"line":155,"column":27},"end":{"line":158,"column":6}},"76":{"start":{"line":160,"column":18},"end":{"line":160,"column":58}},"77":{"start":{"line":160,"column":44},"end":{"line":160,"column":57}},"78":{"start":{"line":161,"column":4},"end":{"line":161,"column":95}},"79":{"start":{"line":163,"column":4},"end":{"line":163,"column":57}},"80":{"start":{"line":167,"column":0},"end":{"line":174,"column":3}},"81":{"start":{"line":169,"column":20},"end":{"line":169,"column":45}},"82":{"start":{"line":170,"column":2},"end":{"line":172,"column":3}},"83":{"start":{"line":171,"column":4},"end":{"line":171,"column":47}},"84":{"start":{"line":173,"column":2},"end":{"line":173,"column":51}},"85":{"start":{"line":176,"column":0},"end":{"line":190,"column":3}},"86":{"start":{"line":178,"column":2},"end":{"line":189,"column":3}},"87":{"start":{"line":179,"column":4},"end":{"line":185,"column":7}},"88":{"start":{"line":186,"column":4},"end":{"line":186,"column":49}},"89":{"start":{"line":188,"column":4},"end":{"line":188,"column":87}},"90":{"start":{"line":193,"column":0},"end":{"line":195,"column":3}},"91":{"start":{"line":194,"column":2},"end":{"line":194,"column":110}},"92":{"start":{"line":198,"column":0},"end":{"line":218,"column":3}},"93":{"start":{"line":199,"column":25},"end":{"line":199,"column":33}},"94":{"start":{"line":200,"column":2},"end":{"line":202,"column":3}},"95":{"start":{"line":201,"column":4},"end":{"line":201,"column":74}},"96":{"start":{"line":204,"column":22},"end":{"line":204,"column":36}},"97":{"start":{"line":205,"column":2},"end":{"line":207,"column":3}},"98":{"start":{"line":206,"column":4},"end":{"line":206,"column":128}},"99":{"start":{"line":208,"column":2},"end":{"line":217,"column":3}},"100":{"start":{"line":209,"column":21},"end":{"line":209,"column":71}},"101":{"start":{"line":210,"column":4},"end":{"line":212,"column":5}},"102":{"start":{"line":211,"column":6},"end":{"line":211,"column":69}},"103":{"start":{"line":213,"column":18},"end":{"line":213,"column":69}},"104":{"start":{"line":214,"column":4},"end":{"line":214,"column":36}},"105":{"start":{"line":216,"column":4},"end":{"line":216,"column":84}},"106":{"start":{"line":221,"column":0},"end":{"line":228,"column":3}},"107":{"start":{"line":222,"column":2},"end":{"line":227,"column":3}},"108":{"start":{"line":223,"column":19},"end":{"line":223,"column":82}},"109":{"start":{"line":224,"column":4},"end":{"line":224,"column":25}},"110":{"start":{"line":226,"column":4},"end":{"line":226,"column":84}},"111":{"start":{"line":231,"column":0},"end":{"line":242,"column":3}},"112":{"start":{"line":232,"column":22},"end":{"line":232,"column":32}},"113":{"start":{"line":233,"column":2},"end":{"line":241,"column":3}},"114":{"start":{"line":234,"column":18},"end":{"line":234,"column":75}},"115":{"start":{"line":235,"column":4},"end":{"line":237,"column":5}},"116":{"start":{"line":236,"column":6},"end":{"line":236,"column":65}},"117":{"start":{"line":238,"column":4},"end":{"line":238,"column":24}},"118":{"start":{"line":240,"column":4},"end":{"line":240,"column":90}},"119":{"start":{"line":245,"column":0},"end":{"line":276,"column":3}},"120":{"start":{"line":246,"column":22},"end":{"line":246,"column":32}},"121":{"start":{"line":247,"column":31},"end":{"line":247,"column":39}},"122":{"start":{"line":248,"column":2},"end":{"line":250,"column":3}},"123":{"start":{"line":249,"column":4},"end":{"line":249,"column":80}},"124":{"start":{"line":251,"column":2},"end":{"line":275,"column":3}},"125":{"start":{"line":252,"column":17},"end":{"line":252,"column":76}},"126":{"start":{"line":253,"column":4},"end":{"line":255,"column":5}},"127":{"start":{"line":254,"column":6},"end":{"line":254,"column":69}},"128":{"start":{"line":256,"column":17},"end":{"line":256,"column":72}},"129":{"start":{"line":257,"column":4},"end":{"line":259,"column":5}},"130":{"start":{"line":258,"column":6},"end":{"line":258,"column":69}},"131":{"start":{"line":261,"column":26},"end":{"line":271,"column":6}},"132":{"start":{"line":272,"column":4},"end":{"line":272,"column":71}},"133":{"start":{"line":274,"column":4},"end":{"line":274,"column":84}},"134":{"start":{"line":279,"column":0},"end":{"line":303,"column":3}},"135":{"start":{"line":280,"column":22},"end":{"line":280,"column":32}},"136":{"start":{"line":281,"column":31},"end":{"line":281,"column":39}},"137":{"start":{"line":282,"column":2},"end":{"line":284,"column":3}},"138":{"start":{"line":283,"column":4},"end":{"line":283,"column":80}},"139":{"start":{"line":285,"column":2},"end":{"line":302,"column":3}},"140":{"start":{"line":286,"column":17},"end":{"line":286,"column":76}},"141":{"start":{"line":287,"column":4},"end":{"line":289,"column":5}},"142":{"start":{"line":288,"column":6},"end":{"line":288,"column":69}},"143":{"start":{"line":290,"column":4},"end":{"line":298,"column":7}},"144":{"start":{"line":299,"column":4},"end":{"line":299,"column":43}},"145":{"start":{"line":301,"column":4},"end":{"line":301,"column":84}},"146":{"start":{"line":306,"column":0},"end":{"line":356,"column":3}},"147":{"start":{"line":307,"column":2},"end":{"line":307,"column":112}},"148":{"start":{"line":309,"column":2},"end":{"line":311,"column":3}},"149":{"start":{"line":310,"column":4},"end":{"line":310,"column":64}},"150":{"start":{"line":312,"column":18},"end":{"line":312,"column":50}},"151":{"start":{"line":313,"column":2},"end":{"line":315,"column":3}},"152":{"start":{"line":314,"column":4},"end":{"line":314,"column":72}},"153":{"start":{"line":316,"column":2},"end":{"line":355,"column":3}},"154":{"start":{"line":318,"column":25},"end":{"line":321,"column":6}},"155":{"start":{"line":322,"column":25},"end":{"line":322,"column":81}},"156":{"start":{"line":322,"column":50},"end":{"line":322,"column":80}},"157":{"start":{"line":323,"column":4},"end":{"line":330,"column":5}},"158":{"start":{"line":325,"column":24},"end":{"line":325,"column":75}},"159":{"start":{"line":325,"column":51},"end":{"line":325,"column":74}},"160":{"start":{"line":326,"column":22},"end":{"line":326,"column":92}},"161":{"start":{"line":326,"column":44},"end":{"line":326,"column":91}},"162":{"start":{"line":327,"column":6},"end":{"line":329,"column":7}},"163":{"start":{"line":328,"column":8},"end":{"line":328,"column":79}},"164":{"start":{"line":332,"column":27},"end":{"line":338,"column":6}},"165":{"start":{"line":340,"column":18},"end":{"line":340,"column":20}},"166":{"start":{"line":341,"column":4},"end":{"line":351,"column":7}},"167":{"start":{"line":342,"column":6},"end":{"line":349,"column":7}},"168":{"start":{"line":343,"column":8},"end":{"line":348,"column":10}},"169":{"start":{"line":350,"column":6},"end":{"line":350,"column":50}},"170":{"start":{"line":352,"column":4},"end":{"line":352,"column":46}},"171":{"start":{"line":354,"column":4},"end":{"line":354,"column":93}},"172":{"start":{"line":359,"column":0},"end":{"line":406,"column":3}},"173":{"start":{"line":360,"column":22},"end":{"line":360,"column":32}},"174":{"start":{"line":361,"column":53},"end":{"line":361,"column":61}},"175":{"start":{"line":362,"column":2},"end":{"line":364,"column":3}},"176":{"start":{"line":363,"column":4},"end":{"line":363,"column":81}},"177":{"start":{"line":365,"column":2},"end":{"line":405,"column":3}},"178":{"start":{"line":367,"column":18},"end":{"line":367,"column":75}},"179":{"start":{"line":368,"column":4},"end":{"line":370,"column":5}},"180":{"start":{"line":369,"column":6},"end":{"line":369,"column":65}},"181":{"start":{"line":372,"column":23},"end":{"line":372,"column":100}},"182":{"start":{"line":374,"column":19},"end":{"line":384,"column":6}},"183":{"start":{"line":386,"column":23},"end":{"line":386,"column":33}},"184":{"start":{"line":387,"column":4},"end":{"line":400,"column":5}},"185":{"start":{"line":388,"column":6},"end":{"line":399,"column":7}},"186":{"start":{"line":389,"column":8},"end":{"line":398,"column":11}},"187":{"start":{"line":401,"column":4},"end":{"line":401,"column":37}},"188":{"start":{"line":403,"column":4},"end":{"line":403,"column":49}},"189":{"start":{"line":404,"column":4},"end":{"line":404,"column":86}},"190":{"start":{"line":409,"column":0},"end":{"line":416,"column":3}},"191":{"start":{"line":410,"column":2},"end":{"line":415,"column":3}},"192":{"start":{"line":411,"column":18},"end":{"line":411,"column":80}},"193":{"start":{"line":412,"column":4},"end":{"line":412,"column":24}},"194":{"start":{"line":414,"column":4},"end":{"line":414,"column":83}},"195":{"start":{"line":419,"column":0},"end":{"line":426,"column":3}},"196":{"start":{"line":420,"column":2},"end":{"line":425,"column":3}},"197":{"start":{"line":421,"column":18},"end":{"line":421,"column":74}},"198":{"start":{"line":422,"column":4},"end":{"line":422,"column":24}},"199":{"start":{"line":424,"column":4},"end":{"line":424,"column":83}},"200":{"start":{"line":429,"column":0},"end":{"line":448,"column":3}},"201":{"start":{"line":430,"column":20},"end":{"line":430,"column":29}},"202":{"start":{"line":431,"column":2},"end":{"line":433,"column":3}},"203":{"start":{"line":432,"column":4},"end":{"line":432,"column":75}},"204":{"start":{"line":434,"column":2},"end":{"line":447,"column":3}},"205":{"start":{"line":435,"column":18},"end":{"line":443,"column":6}},"206":{"start":{"line":444,"column":4},"end":{"line":444,"column":24}},"207":{"start":{"line":446,"column":4},"end":{"line":446,"column":85}},"208":{"start":{"line":451,"column":0},"end":{"line":467,"column":3}},"209":{"start":{"line":452,"column":26},"end":{"line":452,"column":34}},"210":{"start":{"line":453,"column":2},"end":{"line":455,"column":3}},"211":{"start":{"line":454,"column":4},"end":{"line":454,"column":65}},"212":{"start":{"line":456,"column":2},"end":{"line":466,"column":3}},"213":{"start":{"line":457,"column":21},"end":{"line":457,"column":71}},"214":{"start":{"line":458,"column":4},"end":{"line":460,"column":5}},"215":{"start":{"line":459,"column":6},"end":{"line":459,"column":74}},"216":{"start":{"line":461,"column":17},"end":{"line":461,"column":68}},"217":{"start":{"line":463,"column":4},"end":{"line":463,"column":69}},"218":{"start":{"line":465,"column":4},"end":{"line":465,"column":91}},"219":{"start":{"line":470,"column":0},"end":{"line":482,"column":3}},"220":{"start":{"line":471,"column":22},"end":{"line":471,"column":32}},"221":{"start":{"line":472,"column":2},"end":{"line":481,"column":3}},"222":{"start":{"line":473,"column":20},"end":{"line":477,"column":6}},"223":{"start":{"line":478,"column":4},"end":{"line":478,"column":26}},"224":{"start":{"line":480,"column":4},"end":{"line":480,"column":85}},"225":{"start":{"line":485,"column":0},"end":{"line":502,"column":3}},"226":{"start":{"line":486,"column":32},"end":{"line":486,"column":42}},"227":{"start":{"line":487,"column":2},"end":{"line":489,"column":3}},"228":{"start":{"line":488,"column":4},"end":{"line":488,"column":81}},"229":{"start":{"line":490,"column":2},"end":{"line":501,"column":3}},"230":{"start":{"line":491,"column":19},"end":{"line":494,"column":6}},"231":{"start":{"line":495,"column":4},"end":{"line":497,"column":5}},"232":{"start":{"line":496,"column":6},"end":{"line":496,"column":81}},"233":{"start":{"line":498,"column":4},"end":{"line":498,"column":25}},"234":{"start":{"line":500,"column":4},"end":{"line":500,"column":84}},"235":{"start":{"line":505,"column":0},"end":{"line":528,"column":3}},"236":{"start":{"line":506,"column":32},"end":{"line":506,"column":42}},"237":{"start":{"line":507,"column":20},"end":{"line":507,"column":28}},"238":{"start":{"line":508,"column":22},"end":{"line":508,"column":90}},"239":{"start":{"line":509,"column":2},"end":{"line":511,"column":3}},"240":{"start":{"line":510,"column":4},"end":{"line":510,"column":72}},"241":{"start":{"line":512,"column":2},"end":{"line":527,"column":3}},"242":{"start":{"line":514,"column":19},"end":{"line":514,"column":78}},"243":{"start":{"line":515,"column":4},"end":{"line":517,"column":5}},"244":{"start":{"line":516,"column":6},"end":{"line":516,"column":81}},"245":{"start":{"line":519,"column":20},"end":{"line":523,"column":6}},"246":{"start":{"line":524,"column":4},"end":{"line":524,"column":34}},"247":{"start":{"line":526,"column":4},"end":{"line":526,"column":91}},"248":{"start":{"line":532,"column":16},"end":{"line":532,"column":66}},"249":{"start":{"line":533,"column":2},"end":{"line":533,"column":33}},"250":{"start":{"line":537,"column":0},"end":{"line":548,"column":3}},"251":{"start":{"line":538,"column":19},"end":{"line":538,"column":29}},"252":{"start":{"line":539,"column":2},"end":{"line":547,"column":3}},"253":{"start":{"line":540,"column":18},"end":{"line":540,"column":68}},"254":{"start":{"line":541,"column":4},"end":{"line":543,"column":5}},"255":{"start":{"line":542,"column":6},"end":{"line":542,"column":65}},"256":{"start":{"line":544,"column":4},"end":{"line":544,"column":24}},"257":{"start":{"line":546,"column":4},"end":{"line":546,"column":92}},"258":{"start":{"line":551,"column":0},"end":{"line":576,"column":3}},"259":{"start":{"line":552,"column":19},"end":{"line":552,"column":29}},"260":{"start":{"line":553,"column":21},"end":{"line":553,"column":30}},"261":{"start":{"line":554,"column":2},"end":{"line":575,"column":3}},"262":{"start":{"line":555,"column":20},"end":{"line":555,"column":48}},"263":{"start":{"line":556,"column":4},"end":{"line":558,"column":5}},"264":{"start":{"line":557,"column":6},"end":{"line":557,"column":65}},"265":{"start":{"line":559,"column":18},"end":{"line":559,"column":29}},"266":{"start":{"line":560,"column":4},"end":{"line":562,"column":5}},"267":{"start":{"line":561,"column":6},"end":{"line":561,"column":32}},"268":{"start":{"line":563,"column":20},"end":{"line":571,"column":6}},"269":{"start":{"line":572,"column":4},"end":{"line":572,"column":26}},"270":{"start":{"line":574,"column":4},"end":{"line":574,"column":85}},"271":{"start":{"line":579,"column":0},"end":{"line":625,"column":3}},"272":{"start":{"line":580,"column":19},"end":{"line":580,"column":29}},"273":{"start":{"line":581,"column":53},"end":{"line":581,"column":61}},"274":{"start":{"line":582,"column":2},"end":{"line":584,"column":3}},"275":{"start":{"line":583,"column":4},"end":{"line":583,"column":81}},"276":{"start":{"line":585,"column":2},"end":{"line":624,"column":3}},"277":{"start":{"line":586,"column":20},"end":{"line":586,"column":48}},"278":{"start":{"line":587,"column":4},"end":{"line":589,"column":5}},"279":{"start":{"line":588,"column":6},"end":{"line":588,"column":65}},"280":{"start":{"line":591,"column":23},"end":{"line":591,"column":100}},"281":{"start":{"line":593,"column":19},"end":{"line":603,"column":6}},"282":{"start":{"line":605,"column":23},"end":{"line":605,"column":33}},"283":{"start":{"line":606,"column":4},"end":{"line":619,"column":5}},"284":{"start":{"line":607,"column":6},"end":{"line":618,"column":7}},"285":{"start":{"line":608,"column":8},"end":{"line":617,"column":11}},"286":{"start":{"line":620,"column":4},"end":{"line":620,"column":37}},"287":{"start":{"line":622,"column":4},"end":{"line":622,"column":49}},"288":{"start":{"line":623,"column":4},"end":{"line":623,"column":86}},"289":{"start":{"line":628,"column":0},"end":{"line":653,"column":3}},"290":{"start":{"line":629,"column":29},"end":{"line":629,"column":39}},"291":{"start":{"line":630,"column":2},"end":{"line":632,"column":3}},"292":{"start":{"line":631,"column":4},"end":{"line":631,"column":78}},"293":{"start":{"line":633,"column":2},"end":{"line":652,"column":3}},"294":{"start":{"line":634,"column":20},"end":{"line":634,"column":48}},"295":{"start":{"line":635,"column":4},"end":{"line":637,"column":5}},"296":{"start":{"line":636,"column":6},"end":{"line":636,"column":65}},"297":{"start":{"line":638,"column":19},"end":{"line":645,"column":6}},"298":{"start":{"line":646,"column":4},"end":{"line":648,"column":5}},"299":{"start":{"line":647,"column":6},"end":{"line":647,"column":81}},"300":{"start":{"line":649,"column":4},"end":{"line":649,"column":25}},"301":{"start":{"line":651,"column":4},"end":{"line":651,"column":84}},"302":{"start":{"line":656,"column":0},"end":{"line":684,"column":3}},"303":{"start":{"line":657,"column":29},"end":{"line":657,"column":39}},"304":{"start":{"line":658,"column":63},"end":{"line":658,"column":71}},"305":{"start":{"line":659,"column":2},"end":{"line":683,"column":3}},"306":{"start":{"line":660,"column":20},"end":{"line":660,"column":48}},"307":{"start":{"line":661,"column":4},"end":{"line":661,"column":77}},"308":{"start":{"line":661,"column":18},"end":{"line":661,"column":77}},"309":{"start":{"line":662,"column":19},"end":{"line":662,"column":78}},"310":{"start":{"line":663,"column":4},"end":{"line":665,"column":5}},"311":{"start":{"line":664,"column":6},"end":{"line":664,"column":81}},"312":{"start":{"line":666,"column":17},"end":{"line":666,"column":19}},"313":{"start":{"line":667,"column":4},"end":{"line":667,"column":90}},"314":{"start":{"line":667,"column":43},"end":{"line":667,"column":90}},"315":{"start":{"line":668,"column":4},"end":{"line":668,"column":57}},"316":{"start":{"line":668,"column":32},"end":{"line":668,"column":57}},"317":{"start":{"line":669,"column":4},"end":{"line":669,"column":63}},"318":{"start":{"line":669,"column":34},"end":{"line":669,"column":63}},"319":{"start":{"line":670,"column":4},"end":{"line":670,"column":48}},"320":{"start":{"line":670,"column":29},"end":{"line":670,"column":48}},"321":{"start":{"line":671,"column":20},"end":{"line":679,"column":6}},"322":{"start":{"line":680,"column":4},"end":{"line":680,"column":34}},"323":{"start":{"line":682,"column":4},"end":{"line":682,"column":85}},"324":{"start":{"line":687,"column":0},"end":{"line":760,"column":3}},"325":{"start":{"line":688,"column":2},"end":{"line":690,"column":3}},"326":{"start":{"line":689,"column":4},"end":{"line":689,"column":64}},"327":{"start":{"line":691,"column":19},"end":{"line":691,"column":29}},"328":{"start":{"line":692,"column":79},"end":{"line":692,"column":88}},"329":{"start":{"line":693,"column":18},"end":{"line":693,"column":54}},"330":{"start":{"line":694,"column":19},"end":{"line":694,"column":57}},"331":{"start":{"line":695,"column":2},"end":{"line":697,"column":3}},"332":{"start":{"line":696,"column":4},"end":{"line":696,"column":69}},"333":{"start":{"line":698,"column":2},"end":{"line":759,"column":3}},"334":{"start":{"line":699,"column":20},"end":{"line":699,"column":48}},"335":{"start":{"line":700,"column":4},"end":{"line":702,"column":5}},"336":{"start":{"line":701,"column":6},"end":{"line":701,"column":65}},"337":{"start":{"line":704,"column":25},"end":{"line":707,"column":6}},"338":{"start":{"line":708,"column":25},"end":{"line":708,"column":81}},"339":{"start":{"line":708,"column":50},"end":{"line":708,"column":80}},"340":{"start":{"line":709,"column":4},"end":{"line":716,"column":5}},"341":{"start":{"line":711,"column":24},"end":{"line":711,"column":75}},"342":{"start":{"line":711,"column":51},"end":{"line":711,"column":74}},"343":{"start":{"line":712,"column":22},"end":{"line":712,"column":105}},"344":{"start":{"line":712,"column":44},"end":{"line":712,"column":104}},"345":{"start":{"line":713,"column":6},"end":{"line":715,"column":7}},"346":{"start":{"line":714,"column":8},"end":{"line":714,"column":79}},"347":{"start":{"line":718,"column":31},"end":{"line":718,"column":42}},"348":{"start":{"line":719,"column":4},"end":{"line":721,"column":5}},"349":{"start":{"line":720,"column":6},"end":{"line":720,"column":47}},"350":{"start":{"line":722,"column":4},"end":{"line":729,"column":5}},"351":{"start":{"line":723,"column":6},"end":{"line":728,"column":8}},"352":{"start":{"line":730,"column":27},"end":{"line":738,"column":6}},"353":{"start":{"line":740,"column":18},"end":{"line":740,"column":20}},"354":{"start":{"line":741,"column":4},"end":{"line":751,"column":7}},"355":{"start":{"line":742,"column":6},"end":{"line":749,"column":7}},"356":{"start":{"line":743,"column":8},"end":{"line":748,"column":10}},"357":{"start":{"line":750,"column":6},"end":{"line":750,"column":50}},"358":{"start":{"line":753,"column":18},"end":{"line":755,"column":6}},"359":{"start":{"line":756,"column":4},"end":{"line":756,"column":53}},"360":{"start":{"line":758,"column":4},"end":{"line":758,"column":93}},"361":{"start":{"line":763,"column":0},"end":{"line":818,"column":3}},"362":{"start":{"line":764,"column":2},"end":{"line":766,"column":3}},"363":{"start":{"line":765,"column":4},"end":{"line":765,"column":64}},"364":{"start":{"line":767,"column":27},"end":{"line":767,"column":37}},"365":{"start":{"line":768,"column":32},"end":{"line":768,"column":40}},"366":{"start":{"line":769,"column":2},"end":{"line":771,"column":3}},"367":{"start":{"line":770,"column":4},"end":{"line":770,"column":76}},"368":{"start":{"line":772,"column":2},"end":{"line":817,"column":3}},"369":{"start":{"line":773,"column":20},"end":{"line":773,"column":48}},"370":{"start":{"line":774,"column":4},"end":{"line":776,"column":5}},"371":{"start":{"line":775,"column":6},"end":{"line":775,"column":65}},"372":{"start":{"line":778,"column":25},"end":{"line":781,"column":6}},"373":{"start":{"line":782,"column":25},"end":{"line":782,"column":81}},"374":{"start":{"line":782,"column":50},"end":{"line":782,"column":80}},"375":{"start":{"line":783,"column":4},"end":{"line":790,"column":5}},"376":{"start":{"line":785,"column":24},"end":{"line":785,"column":75}},"377":{"start":{"line":785,"column":51},"end":{"line":785,"column":74}},"378":{"start":{"line":786,"column":22},"end":{"line":786,"column":70}},"379":{"start":{"line":786,"column":44},"end":{"line":786,"column":69}},"380":{"start":{"line":787,"column":6},"end":{"line":789,"column":7}},"381":{"start":{"line":788,"column":8},"end":{"line":788,"column":79}},"382":{"start":{"line":792,"column":4},"end":{"line":795,"column":7}},"383":{"start":{"line":797,"column":23},"end":{"line":799,"column":6}},"384":{"start":{"line":800,"column":4},"end":{"line":802,"column":5}},"385":{"start":{"line":801,"column":6},"end":{"line":801,"column":66}},"386":{"start":{"line":803,"column":23},"end":{"line":803,"column":78}},"387":{"start":{"line":804,"column":4},"end":{"line":806,"column":5}},"388":{"start":{"line":805,"column":6},"end":{"line":805,"column":61}},"389":{"start":{"line":807,"column":4},"end":{"line":813,"column":7}},"390":{"start":{"line":814,"column":4},"end":{"line":814,"column":43}},"391":{"start":{"line":816,"column":4},"end":{"line":816,"column":94}},"392":{"start":{"line":821,"column":0},"end":{"line":856,"column":3}},"393":{"start":{"line":822,"column":2},"end":{"line":824,"column":3}},"394":{"start":{"line":823,"column":4},"end":{"line":823,"column":64}},"395":{"start":{"line":825,"column":27},"end":{"line":825,"column":37}},"396":{"start":{"line":826,"column":2},"end":{"line":828,"column":3}},"397":{"start":{"line":827,"column":4},"end":{"line":827,"column":69}},"398":{"start":{"line":829,"column":2},"end":{"line":855,"column":3}},"399":{"start":{"line":830,"column":20},"end":{"line":830,"column":48}},"400":{"start":{"line":831,"column":4},"end":{"line":833,"column":5}},"401":{"start":{"line":832,"column":6},"end":{"line":832,"column":65}},"402":{"start":{"line":835,"column":25},"end":{"line":838,"column":6}},"403":{"start":{"line":839,"column":25},"end":{"line":839,"column":81}},"404":{"start":{"line":839,"column":50},"end":{"line":839,"column":80}},"405":{"start":{"line":840,"column":4},"end":{"line":847,"column":5}},"406":{"start":{"line":842,"column":24},"end":{"line":842,"column":75}},"407":{"start":{"line":842,"column":51},"end":{"line":842,"column":74}},"408":{"start":{"line":843,"column":22},"end":{"line":843,"column":70}},"409":{"start":{"line":843,"column":44},"end":{"line":843,"column":69}},"410":{"start":{"line":844,"column":6},"end":{"line":846,"column":7}},"411":{"start":{"line":845,"column":8},"end":{"line":845,"column":79}},"412":{"start":{"line":849,"column":4},"end":{"line":851,"column":7}},"413":{"start":{"line":852,"column":4},"end":{"line":852,"column":54}},"414":{"start":{"line":854,"column":4},"end":{"line":854,"column":95}},"415":{"start":{"line":860,"column":2},"end":{"line":860,"column":52}},"416":{"start":{"line":864,"column":0},"end":{"line":894,"column":3}},"417":{"start":{"line":865,"column":2},"end":{"line":867,"column":3}},"418":{"start":{"line":866,"column":4},"end":{"line":866,"column":64}},"419":{"start":{"line":868,"column":19},"end":{"line":868,"column":29}},"420":{"start":{"line":869,"column":2},"end":{"line":893,"column":3}},"421":{"start":{"line":870,"column":20},"end":{"line":870,"column":48}},"422":{"start":{"line":871,"column":4},"end":{"line":871,"column":77}},"423":{"start":{"line":871,"column":18},"end":{"line":871,"column":77}},"424":{"start":{"line":873,"column":25},"end":{"line":873,"column":121}},"425":{"start":{"line":874,"column":25},"end":{"line":874,"column":81}},"426":{"start":{"line":874,"column":50},"end":{"line":874,"column":80}},"427":{"start":{"line":875,"column":4},"end":{"line":879,"column":5}},"428":{"start":{"line":876,"column":24},"end":{"line":876,"column":75}},"429":{"start":{"line":876,"column":51},"end":{"line":876,"column":74}},"430":{"start":{"line":877,"column":22},"end":{"line":877,"column":70}},"431":{"start":{"line":877,"column":44},"end":{"line":877,"column":69}},"432":{"start":{"line":878,"column":6},"end":{"line":878,"column":91}},"433":{"start":{"line":878,"column":20},"end":{"line":878,"column":91}},"434":{"start":{"line":880,"column":20},"end":{"line":884,"column":6}},"435":{"start":{"line":885,"column":20},"end":{"line":885,"column":76}},"436":{"start":{"line":886,"column":27},"end":{"line":889,"column":7}},"437":{"start":{"line":886,"column":50},"end":{"line":889,"column":5}},"438":{"start":{"line":890,"column":4},"end":{"line":890,"column":42}},"439":{"start":{"line":892,"column":4},"end":{"line":892,"column":85}},"440":{"start":{"line":897,"column":0},"end":{"line":940,"column":3}},"441":{"start":{"line":898,"column":2},"end":{"line":900,"column":3}},"442":{"start":{"line":899,"column":4},"end":{"line":899,"column":64}},"443":{"start":{"line":901,"column":19},"end":{"line":901,"column":29}},"444":{"start":{"line":902,"column":45},"end":{"line":902,"column":53}},"445":{"start":{"line":903,"column":2},"end":{"line":939,"column":3}},"446":{"start":{"line":904,"column":20},"end":{"line":904,"column":48}},"447":{"start":{"line":905,"column":4},"end":{"line":905,"column":77}},"448":{"start":{"line":905,"column":18},"end":{"line":905,"column":77}},"449":{"start":{"line":907,"column":25},"end":{"line":907,"column":121}},"450":{"start":{"line":908,"column":25},"end":{"line":908,"column":81}},"451":{"start":{"line":908,"column":50},"end":{"line":908,"column":80}},"452":{"start":{"line":909,"column":4},"end":{"line":913,"column":5}},"453":{"start":{"line":910,"column":24},"end":{"line":910,"column":75}},"454":{"start":{"line":910,"column":51},"end":{"line":910,"column":74}},"455":{"start":{"line":911,"column":22},"end":{"line":911,"column":70}},"456":{"start":{"line":911,"column":44},"end":{"line":911,"column":69}},"457":{"start":{"line":912,"column":6},"end":{"line":912,"column":91}},"458":{"start":{"line":912,"column":20},"end":{"line":912,"column":91}},"459":{"start":{"line":915,"column":21},"end":{"line":915,"column":39}},"460":{"start":{"line":916,"column":23},"end":{"line":916,"column":82}},"461":{"start":{"line":917,"column":4},"end":{"line":917,"column":76}},"462":{"start":{"line":917,"column":21},"end":{"line":917,"column":76}},"463":{"start":{"line":918,"column":17},"end":{"line":918,"column":38}},"464":{"start":{"line":919,"column":19},"end":{"line":929,"column":6}},"465":{"start":{"line":930,"column":20},"end":{"line":930,"column":76}},"466":{"start":{"line":931,"column":4},"end":{"line":936,"column":7}},"467":{"start":{"line":938,"column":4},"end":{"line":938,"column":86}},"468":{"start":{"line":943,"column":0},"end":{"line":970,"column":3}},"469":{"start":{"line":944,"column":2},"end":{"line":946,"column":3}},"470":{"start":{"line":945,"column":4},"end":{"line":945,"column":64}},"471":{"start":{"line":947,"column":29},"end":{"line":947,"column":39}},"472":{"start":{"line":948,"column":49},"end":{"line":948,"column":57}},"473":{"start":{"line":949,"column":2},"end":{"line":969,"column":3}},"474":{"start":{"line":950,"column":20},"end":{"line":950,"column":48}},"475":{"start":{"line":951,"column":4},"end":{"line":951,"column":77}},"476":{"start":{"line":951,"column":18},"end":{"line":951,"column":77}},"477":{"start":{"line":953,"column":25},"end":{"line":953,"column":121}},"478":{"start":{"line":954,"column":25},"end":{"line":954,"column":81}},"479":{"start":{"line":954,"column":50},"end":{"line":954,"column":80}},"480":{"start":{"line":955,"column":4},"end":{"line":959,"column":5}},"481":{"start":{"line":956,"column":24},"end":{"line":956,"column":75}},"482":{"start":{"line":956,"column":51},"end":{"line":956,"column":74}},"483":{"start":{"line":957,"column":22},"end":{"line":957,"column":70}},"484":{"start":{"line":957,"column":44},"end":{"line":957,"column":69}},"485":{"start":{"line":958,"column":6},"end":{"line":958,"column":91}},"486":{"start":{"line":958,"column":20},"end":{"line":958,"column":91}},"487":{"start":{"line":960,"column":23},"end":{"line":960,"column":25}},"488":{"start":{"line":961,"column":4},"end":{"line":961,"column":70}},"489":{"start":{"line":961,"column":39},"end":{"line":961,"column":70}},"490":{"start":{"line":962,"column":4},"end":{"line":962,"column":51}},"491":{"start":{"line":962,"column":28},"end":{"line":962,"column":51}},"492":{"start":{"line":963,"column":4},"end":{"line":963,"column":95}},"493":{"start":{"line":963,"column":33},"end":{"line":963,"column":95}},"494":{"start":{"line":964,"column":4},"end":{"line":964,"column":85}},"495":{"start":{"line":964,"column":31},"end":{"line":964,"column":85}},"496":{"start":{"line":965,"column":19},"end":{"line":965,"column":101}},"497":{"start":{"line":966,"column":4},"end":{"line":966,"column":25}},"498":{"start":{"line":968,"column":4},"end":{"line":968,"column":86}},"499":{"start":{"line":973,"column":0},"end":{"line":1012,"column":3}},"500":{"start":{"line":974,"column":25},"end":{"line":974,"column":35}},"501":{"start":{"line":975,"column":36},"end":{"line":975,"column":44}},"502":{"start":{"line":976,"column":2},"end":{"line":978,"column":3}},"503":{"start":{"line":977,"column":4},"end":{"line":977,"column":79}},"504":{"start":{"line":979,"column":2},"end":{"line":1011,"column":3}},"505":{"start":{"line":980,"column":19},"end":{"line":980,"column":91}},"506":{"start":{"line":981,"column":4},"end":{"line":983,"column":5}},"507":{"start":{"line":982,"column":6},"end":{"line":982,"column":81}},"508":{"start":{"line":984,"column":4},"end":{"line":986,"column":5}},"509":{"start":{"line":985,"column":6},"end":{"line":985,"column":73}},"510":{"start":{"line":987,"column":4},"end":{"line":989,"column":5}},"511":{"start":{"line":988,"column":6},"end":{"line":988,"column":90}},"512":{"start":{"line":991,"column":21},"end":{"line":991,"column":71}},"513":{"start":{"line":992,"column":4},"end":{"line":994,"column":5}},"514":{"start":{"line":993,"column":6},"end":{"line":993,"column":74}},"515":{"start":{"line":995,"column":25},"end":{"line":995,"column":56}},"516":{"start":{"line":996,"column":17},"end":{"line":996,"column":82}},"517":{"start":{"line":998,"column":19},"end":{"line":998,"column":32}},"518":{"start":{"line":999,"column":4},"end":{"line":1005,"column":7}},"519":{"start":{"line":1007,"column":4},"end":{"line":1007,"column":111}},"520":{"start":{"line":1008,"column":4},"end":{"line":1008,"column":125}},"521":{"start":{"line":1010,"column":4},"end":{"line":1010,"column":93}},"522":{"start":{"line":1015,"column":0},"end":{"line":1026,"column":3}},"523":{"start":{"line":1016,"column":19},"end":{"line":1016,"column":29}},"524":{"start":{"line":1017,"column":2},"end":{"line":1025,"column":3}},"525":{"start":{"line":1018,"column":19},"end":{"line":1018,"column":79}},"526":{"start":{"line":1019,"column":4},"end":{"line":1019,"column":77}},"527":{"start":{"line":1019,"column":17},"end":{"line":1019,"column":77}},"528":{"start":{"line":1020,"column":18},"end":{"line":1020,"column":82}},"529":{"start":{"line":1021,"column":4},"end":{"line":1021,"column":75}},"530":{"start":{"line":1021,"column":16},"end":{"line":1021,"column":75}},"531":{"start":{"line":1022,"column":4},"end":{"line":1022,"column":32}},"532":{"start":{"line":1024,"column":4},"end":{"line":1024,"column":93}},"533":{"start":{"line":1029,"column":0},"end":{"line":1079,"column":3}},"534":{"start":{"line":1030,"column":2},"end":{"line":1032,"column":3}},"535":{"start":{"line":1031,"column":4},"end":{"line":1031,"column":64}},"536":{"start":{"line":1033,"column":19},"end":{"line":1033,"column":29}},"537":{"start":{"line":1034,"column":91},"end":{"line":1034,"column":99}},"538":{"start":{"line":1035,"column":2},"end":{"line":1037,"column":3}},"539":{"start":{"line":1036,"column":4},"end":{"line":1036,"column":65}},"540":{"start":{"line":1038,"column":2},"end":{"line":1078,"column":3}},"541":{"start":{"line":1039,"column":18},"end":{"line":1039,"column":68}},"542":{"start":{"line":1040,"column":4},"end":{"line":1042,"column":5}},"543":{"start":{"line":1041,"column":6},"end":{"line":1041,"column":65}},"544":{"start":{"line":1044,"column":25},"end":{"line":1044,"column":121}},"545":{"start":{"line":1045,"column":25},"end":{"line":1045,"column":81}},"546":{"start":{"line":1045,"column":50},"end":{"line":1045,"column":80}},"547":{"start":{"line":1046,"column":23},"end":{"line":1046,"column":28}},"548":{"start":{"line":1047,"column":4},"end":{"line":1053,"column":5}},"549":{"start":{"line":1048,"column":24},"end":{"line":1048,"column":76}},"550":{"start":{"line":1048,"column":51},"end":{"line":1048,"column":75}},"551":{"start":{"line":1049,"column":6},"end":{"line":1049,"column":70}},"552":{"start":{"line":1049,"column":43},"end":{"line":1049,"column":68}},"553":{"start":{"line":1050,"column":6},"end":{"line":1052,"column":7}},"554":{"start":{"line":1051,"column":8},"end":{"line":1051,"column":79}},"555":{"start":{"line":1055,"column":4},"end":{"line":1060,"column":5}},"556":{"start":{"line":1056,"column":23},"end":{"line":1056,"column":82}},"557":{"start":{"line":1057,"column":6},"end":{"line":1059,"column":7}},"558":{"start":{"line":1058,"column":8},"end":{"line":1058,"column":71}},"559":{"start":{"line":1062,"column":23},"end":{"line":1062,"column":25}},"560":{"start":{"line":1063,"column":4},"end":{"line":1063,"column":37}},"561":{"start":{"line":1063,"column":14},"end":{"line":1063,"column":37}},"562":{"start":{"line":1064,"column":4},"end":{"line":1064,"column":43}},"563":{"start":{"line":1064,"column":17},"end":{"line":1064,"column":43}},"564":{"start":{"line":1065,"column":4},"end":{"line":1065,"column":72}},"565":{"start":{"line":1065,"column":35},"end":{"line":1065,"column":72}},"566":{"start":{"line":1066,"column":4},"end":{"line":1066,"column":51}},"567":{"start":{"line":1066,"column":28},"end":{"line":1066,"column":51}},"568":{"start":{"line":1067,"column":4},"end":{"line":1067,"column":95}},"569":{"start":{"line":1067,"column":33},"end":{"line":1067,"column":95}},"570":{"start":{"line":1068,"column":4},"end":{"line":1068,"column":87}},"571":{"start":{"line":1068,"column":31},"end":{"line":1068,"column":87}},"572":{"start":{"line":1069,"column":4},"end":{"line":1069,"column":60}},"573":{"start":{"line":1069,"column":31},"end":{"line":1069,"column":60}},"574":{"start":{"line":1070,"column":4},"end":{"line":1070,"column":78}},"575":{"start":{"line":1070,"column":37},"end":{"line":1070,"column":78}},"576":{"start":{"line":1071,"column":20},"end":{"line":1074,"column":6}},"577":{"start":{"line":1075,"column":4},"end":{"line":1075,"column":33}},"578":{"start":{"line":1077,"column":4},"end":{"line":1077,"column":85}},"579":{"start":{"line":1087,"column":0},"end":{"line":1133,"column":3}},"580":{"start":{"line":1088,"column":2},"end":{"line":1090,"column":3}},"581":{"start":{"line":1089,"column":4},"end":{"line":1089,"column":64}},"582":{"start":{"line":1091,"column":19},"end":{"line":1091,"column":29}},"583":{"start":{"line":1092,"column":2},"end":{"line":1132,"column":3}},"584":{"start":{"line":1093,"column":18},"end":{"line":1093,"column":68}},"585":{"start":{"line":1094,"column":4},"end":{"line":1096,"column":5}},"586":{"start":{"line":1095,"column":6},"end":{"line":1095,"column":65}},"587":{"start":{"line":1098,"column":25},"end":{"line":1098,"column":121}},"588":{"start":{"line":1099,"column":25},"end":{"line":1099,"column":81}},"589":{"start":{"line":1099,"column":50},"end":{"line":1099,"column":80}},"590":{"start":{"line":1100,"column":23},"end":{"line":1100,"column":28}},"591":{"start":{"line":1101,"column":4},"end":{"line":1107,"column":5}},"592":{"start":{"line":1102,"column":24},"end":{"line":1102,"column":76}},"593":{"start":{"line":1102,"column":51},"end":{"line":1102,"column":75}},"594":{"start":{"line":1103,"column":6},"end":{"line":1103,"column":70}},"595":{"start":{"line":1103,"column":43},"end":{"line":1103,"column":68}},"596":{"start":{"line":1104,"column":6},"end":{"line":1106,"column":7}},"597":{"start":{"line":1105,"column":8},"end":{"line":1105,"column":79}},"598":{"start":{"line":1108,"column":4},"end":{"line":1129,"column":7}},"599":{"start":{"line":1109,"column":6},"end":{"line":1111,"column":7}},"600":{"start":{"line":1110,"column":8},"end":{"line":1110,"column":91}},"601":{"start":{"line":1112,"column":6},"end":{"line":1114,"column":7}},"602":{"start":{"line":1113,"column":8},"end":{"line":1113,"column":68}},"603":{"start":{"line":1116,"column":6},"end":{"line":1116,"column":74}},"604":{"start":{"line":1118,"column":6},"end":{"line":1126,"column":9}},"605":{"start":{"line":1128,"column":6},"end":{"line":1128,"column":38}},"606":{"start":{"line":1131,"column":4},"end":{"line":1131,"column":84}},"607":{"start":{"line":1139,"column":0},"end":{"line":1152,"column":3}},"608":{"start":{"line":1140,"column":19},"end":{"line":1140,"column":29}},"609":{"start":{"line":1141,"column":2},"end":{"line":1151,"column":3}},"610":{"start":{"line":1142,"column":18},"end":{"line":1142,"column":68}},"611":{"start":{"line":1143,"column":4},"end":{"line":1143,"column":63}},"612":{"start":{"line":1143,"column":16},"end":{"line":1143,"column":63}},"613":{"start":{"line":1144,"column":17},"end":{"line":1144,"column":84}},"614":{"start":{"line":1145,"column":4},"end":{"line":1145,"column":61}},"615":{"start":{"line":1145,"column":15},"end":{"line":1145,"column":61}},"616":{"start":{"line":1146,"column":4},"end":{"line":1146,"column":49}},"617":{"start":{"line":1147,"column":4},"end":{"line":1147,"column":80}},"618":{"start":{"line":1148,"column":4},"end":{"line":1148,"column":24}},"619":{"start":{"line":1150,"column":4},"end":{"line":1150,"column":49}},"620":{"start":{"line":1155,"column":0},"end":{"line":1186,"column":3}},"621":{"start":{"line":1156,"column":29},"end":{"line":1156,"column":39}},"622":{"start":{"line":1157,"column":2},"end":{"line":1159,"column":3}},"623":{"start":{"line":1158,"column":4},"end":{"line":1158,"column":64}},"624":{"start":{"line":1160,"column":2},"end":{"line":1185,"column":3}},"625":{"start":{"line":1161,"column":20},"end":{"line":1161,"column":48}},"626":{"start":{"line":1162,"column":4},"end":{"line":1162,"column":77}},"627":{"start":{"line":1162,"column":18},"end":{"line":1162,"column":77}},"628":{"start":{"line":1163,"column":19},"end":{"line":1163,"column":78}},"629":{"start":{"line":1164,"column":4},"end":{"line":1166,"column":5}},"630":{"start":{"line":1165,"column":6},"end":{"line":1165,"column":81}},"631":{"start":{"line":1167,"column":27},"end":{"line":1170,"column":6}},"632":{"start":{"line":1171,"column":18},"end":{"line":1171,"column":58}},"633":{"start":{"line":1171,"column":44},"end":{"line":1171,"column":57}},"634":{"start":{"line":1172,"column":31},"end":{"line":1172,"column":96}},"635":{"start":{"line":1172,"column":47},"end":{"line":1172,"column":95}},"636":{"start":{"line":1173,"column":18},"end":{"line":1173,"column":30}},"637":{"start":{"line":1174,"column":4},"end":{"line":1176,"column":5}},"638":{"start":{"line":1175,"column":6},"end":{"line":1175,"column":34}},"639":{"start":{"line":1177,"column":21},"end":{"line":1181,"column":6}},"640":{"start":{"line":1182,"column":4},"end":{"line":1182,"column":27}},"641":{"start":{"line":1184,"column":4},"end":{"line":1184,"column":86}},"642":{"start":{"line":1189,"column":0},"end":{"line":1235,"column":3}},"643":{"start":{"line":1190,"column":29},"end":{"line":1190,"column":39}},"644":{"start":{"line":1191,"column":31},"end":{"line":1191,"column":39}},"645":{"start":{"line":1192,"column":2},"end":{"line":1194,"column":3}},"646":{"start":{"line":1193,"column":4},"end":{"line":1193,"column":64}},"647":{"start":{"line":1195,"column":2},"end":{"line":1197,"column":3}},"648":{"start":{"line":1196,"column":4},"end":{"line":1196,"column":72}},"649":{"start":{"line":1198,"column":2},"end":{"line":1234,"column":3}},"650":{"start":{"line":1199,"column":20},"end":{"line":1199,"column":48}},"651":{"start":{"line":1200,"column":4},"end":{"line":1200,"column":77}},"652":{"start":{"line":1200,"column":18},"end":{"line":1200,"column":77}},"653":{"start":{"line":1201,"column":19},"end":{"line":1201,"column":78}},"654":{"start":{"line":1202,"column":4},"end":{"line":1204,"column":5}},"655":{"start":{"line":1203,"column":6},"end":{"line":1203,"column":81}},"656":{"start":{"line":1205,"column":27},"end":{"line":1208,"column":6}},"657":{"start":{"line":1209,"column":18},"end":{"line":1209,"column":58}},"658":{"start":{"line":1209,"column":44},"end":{"line":1209,"column":57}},"659":{"start":{"line":1210,"column":31},"end":{"line":1210,"column":96}},"660":{"start":{"line":1210,"column":47},"end":{"line":1210,"column":95}},"661":{"start":{"line":1211,"column":23},"end":{"line":1211,"column":77}},"662":{"start":{"line":1212,"column":4},"end":{"line":1214,"column":5}},"663":{"start":{"line":1213,"column":6},"end":{"line":1213,"column":111}},"664":{"start":{"line":1215,"column":28},"end":{"line":1215,"column":36}},"665":{"start":{"line":1216,"column":4},"end":{"line":1221,"column":5}},"666":{"start":{"line":1217,"column":6},"end":{"line":1219,"column":7}},"667":{"start":{"line":1218,"column":8},"end":{"line":1218,"column":103}},"668":{"start":{"line":1220,"column":6},"end":{"line":1220,"column":37}},"669":{"start":{"line":1222,"column":20},"end":{"line":1230,"column":6}},"670":{"start":{"line":1231,"column":4},"end":{"line":1231,"column":38}},"671":{"start":{"line":1233,"column":4},"end":{"line":1233,"column":86}},"672":{"start":{"line":1238,"column":0},"end":{"line":1284,"column":3}},"673":{"start":{"line":1239,"column":40},"end":{"line":1239,"column":50}},"674":{"start":{"line":1240,"column":31},"end":{"line":1240,"column":39}},"675":{"start":{"line":1241,"column":2},"end":{"line":1243,"column":3}},"676":{"start":{"line":1242,"column":4},"end":{"line":1242,"column":64}},"677":{"start":{"line":1244,"column":2},"end":{"line":1246,"column":3}},"678":{"start":{"line":1245,"column":4},"end":{"line":1245,"column":72}},"679":{"start":{"line":1247,"column":2},"end":{"line":1283,"column":3}},"680":{"start":{"line":1248,"column":20},"end":{"line":1248,"column":48}},"681":{"start":{"line":1249,"column":4},"end":{"line":1249,"column":77}},"682":{"start":{"line":1249,"column":18},"end":{"line":1249,"column":77}},"683":{"start":{"line":1250,"column":20},"end":{"line":1250,"column":87}},"684":{"start":{"line":1251,"column":4},"end":{"line":1253,"column":5}},"685":{"start":{"line":1252,"column":6},"end":{"line":1252,"column":67}},"686":{"start":{"line":1254,"column":19},"end":{"line":1254,"column":78}},"687":{"start":{"line":1255,"column":4},"end":{"line":1257,"column":5}},"688":{"start":{"line":1256,"column":6},"end":{"line":1256,"column":92}},"689":{"start":{"line":1259,"column":4},"end":{"line":1261,"column":5}},"690":{"start":{"line":1260,"column":6},"end":{"line":1260,"column":87}},"691":{"start":{"line":1263,"column":27},"end":{"line":1266,"column":6}},"692":{"start":{"line":1267,"column":18},"end":{"line":1267,"column":58}},"693":{"start":{"line":1267,"column":44},"end":{"line":1267,"column":57}},"694":{"start":{"line":1268,"column":28},"end":{"line":1268,"column":46}},"695":{"start":{"line":1269,"column":4},"end":{"line":1274,"column":5}},"696":{"start":{"line":1270,"column":6},"end":{"line":1272,"column":7}},"697":{"start":{"line":1270,"column":56},"end":{"line":1270,"column":104}},"698":{"start":{"line":1271,"column":8},"end":{"line":1271,"column":102}},"699":{"start":{"line":1273,"column":6},"end":{"line":1273,"column":37}},"700":{"start":{"line":1275,"column":20},"end":{"line":1279,"column":6}},"701":{"start":{"line":1280,"column":4},"end":{"line":1280,"column":35}},"702":{"start":{"line":1282,"column":4},"end":{"line":1282,"column":86}},"703":{"start":{"line":1287,"column":0},"end":{"line":1318,"column":3}},"704":{"start":{"line":1288,"column":40},"end":{"line":1288,"column":50}},"705":{"start":{"line":1289,"column":2},"end":{"line":1291,"column":3}},"706":{"start":{"line":1290,"column":4},"end":{"line":1290,"column":64}},"707":{"start":{"line":1292,"column":2},"end":{"line":1317,"column":3}},"708":{"start":{"line":1293,"column":20},"end":{"line":1293,"column":48}},"709":{"start":{"line":1294,"column":4},"end":{"line":1294,"column":77}},"710":{"start":{"line":1294,"column":18},"end":{"line":1294,"column":77}},"711":{"start":{"line":1295,"column":20},"end":{"line":1295,"column":87}},"712":{"start":{"line":1296,"column":4},"end":{"line":1298,"column":5}},"713":{"start":{"line":1297,"column":6},"end":{"line":1297,"column":67}},"714":{"start":{"line":1299,"column":19},"end":{"line":1299,"column":78}},"715":{"start":{"line":1300,"column":4},"end":{"line":1302,"column":5}},"716":{"start":{"line":1301,"column":6},"end":{"line":1301,"column":92}},"717":{"start":{"line":1303,"column":27},"end":{"line":1306,"column":6}},"718":{"start":{"line":1307,"column":18},"end":{"line":1307,"column":58}},"719":{"start":{"line":1307,"column":44},"end":{"line":1307,"column":57}},"720":{"start":{"line":1308,"column":27},"end":{"line":1308,"column":79}},"721":{"start":{"line":1308,"column":43},"end":{"line":1308,"column":78}},"722":{"start":{"line":1310,"column":4},"end":{"line":1312,"column":5}},"723":{"start":{"line":1311,"column":6},"end":{"line":1311,"column":101}},"724":{"start":{"line":1313,"column":4},"end":{"line":1313,"column":68}},"725":{"start":{"line":1314,"column":4},"end":{"line":1314,"column":46}},"726":{"start":{"line":1316,"column":4},"end":{"line":1316,"column":86}},"727":{"start":{"line":1321,"column":0},"end":{"line":1340,"column":3}},"728":{"start":{"line":1322,"column":2},"end":{"line":1324,"column":3}},"729":{"start":{"line":1323,"column":4},"end":{"line":1323,"column":64}},"730":{"start":{"line":1325,"column":19},"end":{"line":1325,"column":29}},"731":{"start":{"line":1326,"column":2},"end":{"line":1339,"column":3}},"732":{"start":{"line":1327,"column":20},"end":{"line":1327,"column":48}},"733":{"start":{"line":1328,"column":4},"end":{"line":1330,"column":5}},"734":{"start":{"line":1329,"column":6},"end":{"line":1329,"column":65}},"735":{"start":{"line":1331,"column":27},"end":{"line":1334,"column":6}},"736":{"start":{"line":1335,"column":18},"end":{"line":1335,"column":58}},"737":{"start":{"line":1335,"column":44},"end":{"line":1335,"column":57}},"738":{"start":{"line":1336,"column":4},"end":{"line":1336,"column":24}},"739":{"start":{"line":1338,"column":4},"end":{"line":1338,"column":99}},"740":{"start":{"line":1343,"column":0},"end":{"line":1371,"column":3}},"741":{"start":{"line":1344,"column":2},"end":{"line":1346,"column":3}},"742":{"start":{"line":1345,"column":4},"end":{"line":1345,"column":64}},"743":{"start":{"line":1347,"column":2},"end":{"line":1370,"column":3}},"744":{"start":{"line":1348,"column":27},"end":{"line":1351,"column":6}},"745":{"start":{"line":1353,"column":22},"end":{"line":1353,"column":24}},"746":{"start":{"line":1354,"column":4},"end":{"line":1365,"column":7}},"747":{"start":{"line":1355,"column":6},"end":{"line":1355,"column":29}},"748":{"start":{"line":1355,"column":22},"end":{"line":1355,"column":29}},"749":{"start":{"line":1356,"column":6},"end":{"line":1363,"column":7}},"750":{"start":{"line":1357,"column":8},"end":{"line":1362,"column":10}},"751":{"start":{"line":1364,"column":6},"end":{"line":1364,"column":56}},"752":{"start":{"line":1366,"column":19},"end":{"line":1366,"column":43}},"753":{"start":{"line":1367,"column":4},"end":{"line":1367,"column":25}},"754":{"start":{"line":1369,"column":4},"end":{"line":1369,"column":90}},"755":{"start":{"line":1374,"column":0},"end":{"line":1388,"column":3}},"756":{"start":{"line":1375,"column":23},"end":{"line":1375,"column":33}},"757":{"start":{"line":1376,"column":2},"end":{"line":1387,"column":3}},"758":{"start":{"line":1377,"column":21},"end":{"line":1377,"column":82}},"759":{"start":{"line":1378,"column":4},"end":{"line":1380,"column":5}},"760":{"start":{"line":1379,"column":6},"end":{"line":1379,"column":88}},"761":{"start":{"line":1381,"column":4},"end":{"line":1381,"column":88}},"762":{"start":{"line":1382,"column":4},"end":{"line":1382,"column":53}},"763":{"start":{"line":1383,"column":4},"end":{"line":1383,"column":51}},"764":{"start":{"line":1384,"column":4},"end":{"line":1384,"column":28}},"765":{"start":{"line":1386,"column":4},"end":{"line":1386,"column":95}},"766":{"start":{"line":1391,"column":0},"end":{"line":1427,"column":3}},"767":{"start":{"line":1392,"column":23},"end":{"line":1392,"column":33}},"768":{"start":{"line":1394,"column":2},"end":{"line":1426,"column":3}},"769":{"start":{"line":1395,"column":19},"end":{"line":1395,"column":78}},"770":{"start":{"line":1396,"column":4},"end":{"line":1396,"column":77}},"771":{"start":{"line":1396,"column":17},"end":{"line":1396,"column":77}},"772":{"start":{"line":1397,"column":4},"end":{"line":1399,"column":5}},"773":{"start":{"line":1398,"column":6},"end":{"line":1398,"column":67}},"774":{"start":{"line":1400,"column":23},"end":{"line":1400,"column":100}},"775":{"start":{"line":1401,"column":20},"end":{"line":1401,"column":22}},"776":{"start":{"line":1402,"column":4},"end":{"line":1422,"column":5}},"777":{"start":{"line":1403,"column":23},"end":{"line":1413,"column":8}},"778":{"start":{"line":1414,"column":6},"end":{"line":1421,"column":9}},"779":{"start":{"line":1423,"column":4},"end":{"line":1423,"column":45}},"780":{"start":{"line":1425,"column":4},"end":{"line":1425,"column":94}},"781":{"start":{"line":1430,"column":0},"end":{"line":1442,"column":3}},"782":{"start":{"line":1431,"column":23},"end":{"line":1431,"column":33}},"783":{"start":{"line":1432,"column":2},"end":{"line":1441,"column":3}},"784":{"start":{"line":1433,"column":18},"end":{"line":1437,"column":6}},"785":{"start":{"line":1438,"column":4},"end":{"line":1438,"column":24}},"786":{"start":{"line":1440,"column":4},"end":{"line":1440,"column":92}},"787":{"start":{"line":1445,"column":0},"end":{"line":1457,"column":3}},"788":{"start":{"line":1446,"column":25},"end":{"line":1446,"column":35}},"789":{"start":{"line":1447,"column":2},"end":{"line":1456,"column":3}},"790":{"start":{"line":1448,"column":21},"end":{"line":1448,"column":88}},"791":{"start":{"line":1449,"column":4},"end":{"line":1449,"column":86}},"792":{"start":{"line":1449,"column":19},"end":{"line":1449,"column":86}},"793":{"start":{"line":1450,"column":4},"end":{"line":1450,"column":88}},"794":{"start":{"line":1451,"column":4},"end":{"line":1451,"column":53}},"795":{"start":{"line":1452,"column":4},"end":{"line":1452,"column":51}},"796":{"start":{"line":1453,"column":4},"end":{"line":1453,"column":28}},"797":{"start":{"line":1455,"column":4},"end":{"line":1455,"column":95}},"798":{"start":{"line":1460,"column":0},"end":{"line":1471,"column":3}},"799":{"start":{"line":1461,"column":25},"end":{"line":1461,"column":35}},"800":{"start":{"line":1463,"column":2},"end":{"line":1470,"column":3}},"801":{"start":{"line":1464,"column":21},"end":{"line":1464,"column":88}},"802":{"start":{"line":1465,"column":4},"end":{"line":1465,"column":86}},"803":{"start":{"line":1465,"column":19},"end":{"line":1465,"column":86}},"804":{"start":{"line":1466,"column":4},"end":{"line":1466,"column":68}},"805":{"start":{"line":1467,"column":4},"end":{"line":1467,"column":52}},"806":{"start":{"line":1469,"column":4},"end":{"line":1469,"column":93}},"807":{"start":{"line":1473,"column":0},"end":{"line":1477,"column":1}},"808":{"start":{"line":1474,"column":2},"end":{"line":1476,"column":5}},"809":{"start":{"line":1475,"column":4},"end":{"line":1475,"column":60}},"810":{"start":{"line":1479,"column":0},"end":{"line":1479,"column":21}}},"fnMap":{"0":{"name":"(anonymous_0)","decl":{"start":{"line":19,"column":8},"end":{"line":19,"column":9}},"loc":{"start":{"line":19,"column":28},"end":{"line":22,"column":1}},"line":19},"1":{"name":"(anonymous_1)","decl":{"start":{"line":66,"column":2},"end":{"line":66,"column":3}},"loc":{"start":{"line":66,"column":35},"end":{"line":80,"column":3}},"line":66},"2":{"name":"(anonymous_2)","decl":{"start":{"line":83,"column":23},"end":{"line":83,"column":24}},"loc":{"start":{"line":83,"column":39},"end":{"line":85,"column":1}},"line":83},"3":{"name":"(anonymous_3)","decl":{"start":{"line":86,"column":25},"end":{"line":86,"column":26}},"loc":{"start":{"line":86,"column":45},"end":{"line":93,"column":1}},"line":86},"4":{"name":"(anonymous_4)","decl":{"start":{"line":96,"column":22},"end":{"line":96,"column":23}},"loc":{"start":{"line":96,"column":42},"end":{"line":136,"column":1}},"line":96},"5":{"name":"(anonymous_5)","decl":{"start":{"line":139,"column":51},"end":{"line":139,"column":52}},"loc":{"start":{"line":139,"column":65},"end":{"line":141,"column":1}},"line":139},"6":{"name":"(anonymous_6)","decl":{"start":{"line":144,"column":20},"end":{"line":144,"column":21}},"loc":{"start":{"line":144,"column":34},"end":{"line":149,"column":1}},"line":144},"7":{"name":"(anonymous_7)","decl":{"start":{"line":145,"column":13},"end":{"line":145,"column":14}},"loc":{"start":{"line":145,"column":20},"end":{"line":148,"column":3}},"line":145},"8":{"name":"(anonymous_8)","decl":{"start":{"line":152,"column":20},"end":{"line":152,"column":21}},"loc":{"start":{"line":152,"column":40},"end":{"line":165,"column":1}},"line":152},"9":{"name":"(anonymous_9)","decl":{"start":{"line":160,"column":37},"end":{"line":160,"column":38}},"loc":{"start":{"line":160,"column":44},"end":{"line":160,"column":57}},"line":160},"10":{"name":"(anonymous_10)","decl":{"start":{"line":167,"column":13},"end":{"line":167,"column":14}},"loc":{"start":{"line":167,"column":33},"end":{"line":174,"column":1}},"line":167},"11":{"name":"(anonymous_11)","decl":{"start":{"line":176,"column":23},"end":{"line":176,"column":24}},"loc":{"start":{"line":176,"column":43},"end":{"line":190,"column":1}},"line":176},"12":{"name":"(anonymous_12)","decl":{"start":{"line":193,"column":47},"end":{"line":193,"column":48}},"loc":{"start":{"line":193,"column":61},"end":{"line":195,"column":1}},"line":193},"13":{"name":"(anonymous_13)","decl":{"start":{"line":198,"column":41},"end":{"line":198,"column":42}},"loc":{"start":{"line":198,"column":61},"end":{"line":218,"column":1}},"line":198},"14":{"name":"(anonymous_14)","decl":{"start":{"line":221,"column":40},"end":{"line":221,"column":41}},"loc":{"start":{"line":221,"column":60},"end":{"line":228,"column":1}},"line":221},"15":{"name":"(anonymous_15)","decl":{"start":{"line":231,"column":66},"end":{"line":231,"column":67}},"loc":{"start":{"line":231,"column":86},"end":{"line":242,"column":1}},"line":231},"16":{"name":"(anonymous_16)","decl":{"start":{"line":245,"column":73},"end":{"line":245,"column":74}},"loc":{"start":{"line":245,"column":93},"end":{"line":276,"column":1}},"line":245},"17":{"name":"(anonymous_17)","decl":{"start":{"line":279,"column":75},"end":{"line":279,"column":76}},"loc":{"start":{"line":279,"column":95},"end":{"line":303,"column":1}},"line":279},"18":{"name":"(anonymous_18)","decl":{"start":{"line":306,"column":34},"end":{"line":306,"column":35}},"loc":{"start":{"line":306,"column":54},"end":{"line":356,"column":1}},"line":306},"19":{"name":"(anonymous_19)","decl":{"start":{"line":322,"column":43},"end":{"line":322,"column":44}},"loc":{"start":{"line":322,"column":50},"end":{"line":322,"column":80}},"line":322},"20":{"name":"(anonymous_20)","decl":{"start":{"line":325,"column":44},"end":{"line":325,"column":45}},"loc":{"start":{"line":325,"column":51},"end":{"line":325,"column":74}},"line":325},"21":{"name":"(anonymous_21)","decl":{"start":{"line":326,"column":37},"end":{"line":326,"column":38}},"loc":{"start":{"line":326,"column":44},"end":{"line":326,"column":91}},"line":326},"22":{"name":"(anonymous_22)","decl":{"start":{"line":341,"column":27},"end":{"line":341,"column":28}},"loc":{"start":{"line":341,"column":34},"end":{"line":351,"column":5}},"line":341},"23":{"name":"(anonymous_23)","decl":{"start":{"line":359,"column":67},"end":{"line":359,"column":68}},"loc":{"start":{"line":359,"column":87},"end":{"line":406,"column":1}},"line":359},"24":{"name":"(anonymous_24)","decl":{"start":{"line":409,"column":45},"end":{"line":409,"column":46}},"loc":{"start":{"line":409,"column":65},"end":{"line":416,"column":1}},"line":409},"25":{"name":"(anonymous_25)","decl":{"start":{"line":419,"column":45},"end":{"line":419,"column":46}},"loc":{"start":{"line":419,"column":65},"end":{"line":426,"column":1}},"line":419},"26":{"name":"(anonymous_26)","decl":{"start":{"line":429,"column":52},"end":{"line":429,"column":53}},"loc":{"start":{"line":429,"column":72},"end":{"line":448,"column":1}},"line":429},"27":{"name":"(anonymous_27)","decl":{"start":{"line":451,"column":46},"end":{"line":451,"column":47}},"loc":{"start":{"line":451,"column":66},"end":{"line":467,"column":1}},"line":451},"28":{"name":"(anonymous_28)","decl":{"start":{"line":470,"column":36},"end":{"line":470,"column":37}},"loc":{"start":{"line":470,"column":56},"end":{"line":482,"column":1}},"line":470},"29":{"name":"(anonymous_29)","decl":{"start":{"line":485,"column":46},"end":{"line":485,"column":47}},"loc":{"start":{"line":485,"column":66},"end":{"line":502,"column":1}},"line":485},"30":{"name":"(anonymous_30)","decl":{"start":{"line":505,"column":105},"end":{"line":505,"column":106}},"loc":{"start":{"line":505,"column":125},"end":{"line":528,"column":1}},"line":505},"31":{"name":"getEventIdBySlug","decl":{"start":{"line":531,"column":15},"end":{"line":531,"column":31}},"loc":{"start":{"line":531,"column":38},"end":{"line":534,"column":1}},"line":531},"32":{"name":"(anonymous_32)","decl":{"start":{"line":537,"column":29},"end":{"line":537,"column":30}},"loc":{"start":{"line":537,"column":49},"end":{"line":548,"column":1}},"line":537},"33":{"name":"(anonymous_33)","decl":{"start":{"line":551,"column":38},"end":{"line":551,"column":39}},"loc":{"start":{"line":551,"column":58},"end":{"line":576,"column":1}},"line":551},"34":{"name":"(anonymous_34)","decl":{"start":{"line":579,"column":69},"end":{"line":579,"column":70}},"loc":{"start":{"line":579,"column":89},"end":{"line":625,"column":1}},"line":579},"35":{"name":"(anonymous_35)","decl":{"start":{"line":628,"column":48},"end":{"line":628,"column":49}},"loc":{"start":{"line":628,"column":68},"end":{"line":653,"column":1}},"line":628},"36":{"name":"(anonymous_36)","decl":{"start":{"line":656,"column":101},"end":{"line":656,"column":102}},"loc":{"start":{"line":656,"column":121},"end":{"line":684,"column":1}},"line":656},"37":{"name":"(anonymous_37)","decl":{"start":{"line":687,"column":36},"end":{"line":687,"column":37}},"loc":{"start":{"line":687,"column":56},"end":{"line":760,"column":1}},"line":687},"38":{"name":"(anonymous_38)","decl":{"start":{"line":708,"column":43},"end":{"line":708,"column":44}},"loc":{"start":{"line":708,"column":50},"end":{"line":708,"column":80}},"line":708},"39":{"name":"(anonymous_39)","decl":{"start":{"line":711,"column":44},"end":{"line":711,"column":45}},"loc":{"start":{"line":711,"column":51},"end":{"line":711,"column":74}},"line":711},"40":{"name":"(anonymous_40)","decl":{"start":{"line":712,"column":37},"end":{"line":712,"column":38}},"loc":{"start":{"line":712,"column":44},"end":{"line":712,"column":104}},"line":712},"41":{"name":"(anonymous_41)","decl":{"start":{"line":741,"column":27},"end":{"line":741,"column":28}},"loc":{"start":{"line":741,"column":34},"end":{"line":751,"column":5}},"line":741},"42":{"name":"(anonymous_42)","decl":{"start":{"line":763,"column":46},"end":{"line":763,"column":47}},"loc":{"start":{"line":763,"column":66},"end":{"line":818,"column":1}},"line":763},"43":{"name":"(anonymous_43)","decl":{"start":{"line":782,"column":43},"end":{"line":782,"column":44}},"loc":{"start":{"line":782,"column":50},"end":{"line":782,"column":80}},"line":782},"44":{"name":"(anonymous_44)","decl":{"start":{"line":785,"column":44},"end":{"line":785,"column":45}},"loc":{"start":{"line":785,"column":51},"end":{"line":785,"column":74}},"line":785},"45":{"name":"(anonymous_45)","decl":{"start":{"line":786,"column":37},"end":{"line":786,"column":38}},"loc":{"start":{"line":786,"column":44},"end":{"line":786,"column":69}},"line":786},"46":{"name":"(anonymous_46)","decl":{"start":{"line":821,"column":47},"end":{"line":821,"column":48}},"loc":{"start":{"line":821,"column":67},"end":{"line":856,"column":1}},"line":821},"47":{"name":"(anonymous_47)","decl":{"start":{"line":839,"column":43},"end":{"line":839,"column":44}},"loc":{"start":{"line":839,"column":50},"end":{"line":839,"column":80}},"line":839},"48":{"name":"(anonymous_48)","decl":{"start":{"line":842,"column":44},"end":{"line":842,"column":45}},"loc":{"start":{"line":842,"column":51},"end":{"line":842,"column":74}},"line":842},"49":{"name":"(anonymous_49)","decl":{"start":{"line":843,"column":37},"end":{"line":843,"column":38}},"loc":{"start":{"line":843,"column":44},"end":{"line":843,"column":69}},"line":843},"50":{"name":"generateInviteCode","decl":{"start":{"line":859,"column":9},"end":{"line":859,"column":27}},"loc":{"start":{"line":859,"column":41},"end":{"line":861,"column":1}},"line":859},"51":{"name":"(anonymous_51)","decl":{"start":{"line":864,"column":38},"end":{"line":864,"column":39}},"loc":{"start":{"line":864,"column":58},"end":{"line":894,"column":1}},"line":864},"52":{"name":"(anonymous_52)","decl":{"start":{"line":874,"column":43},"end":{"line":874,"column":44}},"loc":{"start":{"line":874,"column":50},"end":{"line":874,"column":80}},"line":874},"53":{"name":"(anonymous_53)","decl":{"start":{"line":876,"column":44},"end":{"line":876,"column":45}},"loc":{"start":{"line":876,"column":51},"end":{"line":876,"column":74}},"line":876},"54":{"name":"(anonymous_54)","decl":{"start":{"line":877,"column":37},"end":{"line":877,"column":38}},"loc":{"start":{"line":877,"column":44},"end":{"line":877,"column":69}},"line":877},"55":{"name":"(anonymous_55)","decl":{"start":{"line":886,"column":39},"end":{"line":886,"column":40}},"loc":{"start":{"line":886,"column":50},"end":{"line":889,"column":5}},"line":886},"56":{"name":"(anonymous_56)","decl":{"start":{"line":897,"column":39},"end":{"line":897,"column":40}},"loc":{"start":{"line":897,"column":59},"end":{"line":940,"column":1}},"line":897},"57":{"name":"(anonymous_57)","decl":{"start":{"line":908,"column":43},"end":{"line":908,"column":44}},"loc":{"start":{"line":908,"column":50},"end":{"line":908,"column":80}},"line":908},"58":{"name":"(anonymous_58)","decl":{"start":{"line":910,"column":44},"end":{"line":910,"column":45}},"loc":{"start":{"line":910,"column":51},"end":{"line":910,"column":74}},"line":910},"59":{"name":"(anonymous_59)","decl":{"start":{"line":911,"column":37},"end":{"line":911,"column":38}},"loc":{"start":{"line":911,"column":44},"end":{"line":911,"column":69}},"line":911},"60":{"name":"(anonymous_60)","decl":{"start":{"line":943,"column":50},"end":{"line":943,"column":51}},"loc":{"start":{"line":943,"column":70},"end":{"line":970,"column":1}},"line":943},"61":{"name":"(anonymous_61)","decl":{"start":{"line":954,"column":43},"end":{"line":954,"column":44}},"loc":{"start":{"line":954,"column":50},"end":{"line":954,"column":80}},"line":954},"62":{"name":"(anonymous_62)","decl":{"start":{"line":956,"column":44},"end":{"line":956,"column":45}},"loc":{"start":{"line":956,"column":51},"end":{"line":956,"column":74}},"line":956},"63":{"name":"(anonymous_63)","decl":{"start":{"line":957,"column":37},"end":{"line":957,"column":38}},"loc":{"start":{"line":957,"column":44},"end":{"line":957,"column":69}},"line":957},"64":{"name":"(anonymous_64)","decl":{"start":{"line":973,"column":41},"end":{"line":973,"column":42}},"loc":{"start":{"line":973,"column":61},"end":{"line":1012,"column":1}},"line":973},"65":{"name":"(anonymous_65)","decl":{"start":{"line":1015,"column":26},"end":{"line":1015,"column":27}},"loc":{"start":{"line":1015,"column":46},"end":{"line":1026,"column":1}},"line":1015},"66":{"name":"(anonymous_66)","decl":{"start":{"line":1029,"column":32},"end":{"line":1029,"column":33}},"loc":{"start":{"line":1029,"column":52},"end":{"line":1079,"column":1}},"line":1029},"67":{"name":"(anonymous_67)","decl":{"start":{"line":1045,"column":43},"end":{"line":1045,"column":44}},"loc":{"start":{"line":1045,"column":50},"end":{"line":1045,"column":80}},"line":1045},"68":{"name":"(anonymous_68)","decl":{"start":{"line":1048,"column":44},"end":{"line":1048,"column":45}},"loc":{"start":{"line":1048,"column":51},"end":{"line":1048,"column":75}},"line":1048},"69":{"name":"(anonymous_69)","decl":{"start":{"line":1049,"column":36},"end":{"line":1049,"column":37}},"loc":{"start":{"line":1049,"column":43},"end":{"line":1049,"column":68}},"line":1049},"70":{"name":"(anonymous_70)","decl":{"start":{"line":1087,"column":36},"end":{"line":1087,"column":37}},"loc":{"start":{"line":1087,"column":56},"end":{"line":1133,"column":1}},"line":1087},"71":{"name":"(anonymous_71)","decl":{"start":{"line":1099,"column":43},"end":{"line":1099,"column":44}},"loc":{"start":{"line":1099,"column":50},"end":{"line":1099,"column":80}},"line":1099},"72":{"name":"(anonymous_72)","decl":{"start":{"line":1102,"column":44},"end":{"line":1102,"column":45}},"loc":{"start":{"line":1102,"column":51},"end":{"line":1102,"column":75}},"line":1102},"73":{"name":"(anonymous_73)","decl":{"start":{"line":1103,"column":36},"end":{"line":1103,"column":37}},"loc":{"start":{"line":1103,"column":43},"end":{"line":1103,"column":68}},"line":1103},"74":{"name":"(anonymous_74)","decl":{"start":{"line":1108,"column":40},"end":{"line":1108,"column":41}},"loc":{"start":{"line":1108,"column":61},"end":{"line":1129,"column":5}},"line":1108},"75":{"name":"(anonymous_75)","decl":{"start":{"line":1139,"column":35},"end":{"line":1139,"column":36}},"loc":{"start":{"line":1139,"column":55},"end":{"line":1152,"column":1}},"line":1139},"76":{"name":"(anonymous_76)","decl":{"start":{"line":1155,"column":57},"end":{"line":1155,"column":58}},"loc":{"start":{"line":1155,"column":77},"end":{"line":1186,"column":1}},"line":1155},"77":{"name":"(anonymous_77)","decl":{"start":{"line":1171,"column":37},"end":{"line":1171,"column":38}},"loc":{"start":{"line":1171,"column":44},"end":{"line":1171,"column":57}},"line":1171},"78":{"name":"(anonymous_78)","decl":{"start":{"line":1172,"column":42},"end":{"line":1172,"column":43}},"loc":{"start":{"line":1172,"column":47},"end":{"line":1172,"column":95}},"line":1172},"79":{"name":"(anonymous_79)","decl":{"start":{"line":1189,"column":58},"end":{"line":1189,"column":59}},"loc":{"start":{"line":1189,"column":78},"end":{"line":1235,"column":1}},"line":1189},"80":{"name":"(anonymous_80)","decl":{"start":{"line":1209,"column":37},"end":{"line":1209,"column":38}},"loc":{"start":{"line":1209,"column":44},"end":{"line":1209,"column":57}},"line":1209},"81":{"name":"(anonymous_81)","decl":{"start":{"line":1210,"column":42},"end":{"line":1210,"column":43}},"loc":{"start":{"line":1210,"column":47},"end":{"line":1210,"column":95}},"line":1210},"82":{"name":"(anonymous_82)","decl":{"start":{"line":1238,"column":70},"end":{"line":1238,"column":71}},"loc":{"start":{"line":1238,"column":90},"end":{"line":1284,"column":1}},"line":1238},"83":{"name":"(anonymous_83)","decl":{"start":{"line":1267,"column":37},"end":{"line":1267,"column":38}},"loc":{"start":{"line":1267,"column":44},"end":{"line":1267,"column":57}},"line":1267},"84":{"name":"(anonymous_84)","decl":{"start":{"line":1270,"column":51},"end":{"line":1270,"column":52}},"loc":{"start":{"line":1270,"column":56},"end":{"line":1270,"column":104}},"line":1270},"85":{"name":"(anonymous_85)","decl":{"start":{"line":1287,"column":71},"end":{"line":1287,"column":72}},"loc":{"start":{"line":1287,"column":91},"end":{"line":1318,"column":1}},"line":1287},"86":{"name":"(anonymous_86)","decl":{"start":{"line":1307,"column":37},"end":{"line":1307,"column":38}},"loc":{"start":{"line":1307,"column":44},"end":{"line":1307,"column":57}},"line":1307},"87":{"name":"(anonymous_87)","decl":{"start":{"line":1308,"column":38},"end":{"line":1308,"column":39}},"loc":{"start":{"line":1308,"column":43},"end":{"line":1308,"column":78}},"line":1308},"88":{"name":"(anonymous_88)","decl":{"start":{"line":1321,"column":39},"end":{"line":1321,"column":40}},"loc":{"start":{"line":1321,"column":59},"end":{"line":1340,"column":1}},"line":1321},"89":{"name":"(anonymous_89)","decl":{"start":{"line":1335,"column":37},"end":{"line":1335,"column":38}},"loc":{"start":{"line":1335,"column":44},"end":{"line":1335,"column":57}},"line":1335},"90":{"name":"(anonymous_90)","decl":{"start":{"line":1343,"column":28},"end":{"line":1343,"column":29}},"loc":{"start":{"line":1343,"column":48},"end":{"line":1371,"column":1}},"line":1343},"91":{"name":"(anonymous_91)","decl":{"start":{"line":1354,"column":27},"end":{"line":1354,"column":28}},"loc":{"start":{"line":1354,"column":34},"end":{"line":1365,"column":5}},"line":1354},"92":{"name":"(anonymous_92)","decl":{"start":{"line":1374,"column":39},"end":{"line":1374,"column":40}},"loc":{"start":{"line":1374,"column":59},"end":{"line":1388,"column":1}},"line":1374},"93":{"name":"(anonymous_93)","decl":{"start":{"line":1391,"column":75},"end":{"line":1391,"column":76}},"loc":{"start":{"line":1391,"column":95},"end":{"line":1427,"column":1}},"line":1391},"94":{"name":"(anonymous_94)","decl":{"start":{"line":1430,"column":39},"end":{"line":1430,"column":40}},"loc":{"start":{"line":1430,"column":59},"end":{"line":1442,"column":1}},"line":1430},"95":{"name":"(anonymous_95)","decl":{"start":{"line":1445,"column":42},"end":{"line":1445,"column":43}},"loc":{"start":{"line":1445,"column":62},"end":{"line":1457,"column":1}},"line":1445},"96":{"name":"(anonymous_96)","decl":{"start":{"line":1460,"column":36},"end":{"line":1460,"column":37}},"loc":{"start":{"line":1460,"column":56},"end":{"line":1471,"column":1}},"line":1460},"97":{"name":"(anonymous_97)","decl":{"start":{"line":1474,"column":19},"end":{"line":1474,"column":20}},"loc":{"start":{"line":1474,"column":25},"end":{"line":1476,"column":3}},"line":1474}},"branchMap":{"0":{"loc":{"start":{"line":41,"column":10},"end":{"line":41,"column":60}},"type":"binary-expr","locations":[{"start":{"line":41,"column":10},"end":{"line":41,"column":33}},{"start":{"line":41,"column":37},"end":{"line":41,"column":60}}],"line":41},"1":{"loc":{"start":{"line":51,"column":10},"end":{"line":51,"column":50}},"type":"binary-expr","locations":[{"start":{"line":51,"column":10},"end":{"line":51,"column":36}},{"start":{"line":51,"column":40},"end":{"line":51,"column":50}}],"line":51},"2":{"loc":{"start":{"line":69,"column":6},"end":{"line":71,"column":7}},"type":"if","locations":[{"start":{"line":69,"column":6},"end":{"line":71,"column":7}},{"start":{},"end":{}}],"line":69},"3":{"loc":{"start":{"line":69,"column":10},"end":{"line":69,"column":37}},"type":"binary-expr","locations":[{"start":{"line":69,"column":10},"end":{"line":69,"column":15}},{"start":{"line":69,"column":19},"end":{"line":69,"column":37}}],"line":69},"4":{"loc":{"start":{"line":73,"column":6},"end":{"line":75,"column":7}},"type":"if","locations":[{"start":{"line":73,"column":6},"end":{"line":75,"column":7}},{"start":{},"end":{}}],"line":73},"5":{"loc":{"start":{"line":98,"column":2},"end":{"line":100,"column":3}},"type":"if","locations":[{"start":{"line":98,"column":2},"end":{"line":100,"column":3}},{"start":{},"end":{}}],"line":98},"6":{"loc":{"start":{"line":98,"column":6},"end":{"line":98,"column":25}},"type":"binary-expr","locations":[{"start":{"line":98,"column":6},"end":{"line":98,"column":12}},{"start":{"line":98,"column":16},"end":{"line":98,"column":25}}],"line":98},"7":{"loc":{"start":{"line":103,"column":4},"end":{"line":105,"column":5}},"type":"if","locations":[{"start":{"line":103,"column":4},"end":{"line":105,"column":5}},{"start":{},"end":{}}],"line":103},"8":{"loc":{"start":{"line":113,"column":4},"end":{"line":126,"column":5}},"type":"if","locations":[{"start":{"line":113,"column":4},"end":{"line":126,"column":5}},{"start":{},"end":{}}],"line":113},"9":{"loc":{"start":{"line":115,"column":6},"end":{"line":117,"column":7}},"type":"if","locations":[{"start":{"line":115,"column":6},"end":{"line":117,"column":7}},{"start":{},"end":{}}],"line":115},"10":{"loc":{"start":{"line":146,"column":4},"end":{"line":146,"column":70}},"type":"if","locations":[{"start":{"line":146,"column":4},"end":{"line":146,"column":70}},{"start":{},"end":{}}],"line":146},"11":{"loc":{"start":{"line":153,"column":2},"end":{"line":164,"column":3}},"type":"if","locations":[{"start":{"line":153,"column":2},"end":{"line":164,"column":3}},{"start":{"line":162,"column":9},"end":{"line":164,"column":3}}],"line":153},"12":{"loc":{"start":{"line":153,"column":6},"end":{"line":153,"column":50}},"type":"binary-expr","locations":[{"start":{"line":153,"column":6},"end":{"line":153,"column":25}},{"start":{"line":153,"column":29},"end":{"line":153,"column":50}}],"line":153},"13":{"loc":{"start":{"line":170,"column":2},"end":{"line":172,"column":3}},"type":"if","locations":[{"start":{"line":170,"column":2},"end":{"line":172,"column":3}},{"start":{},"end":{}}],"line":170},"14":{"loc":{"start":{"line":200,"column":2},"end":{"line":202,"column":3}},"type":"if","locations":[{"start":{"line":200,"column":2},"end":{"line":202,"column":3}},{"start":{},"end":{}}],"line":200},"15":{"loc":{"start":{"line":200,"column":6},"end":{"line":200,"column":20}},"type":"binary-expr","locations":[{"start":
[...]
87":1,"88":1,"89":0,"90":1,"91":0,"92":1,"93":0,"94":0,"95":0,"96":0,"97":0,"98":0,"99":0,"100":0,"101":0,"102":0,"103":0,"104":0,"105":0,"106":1,"107":0,"108":0,"109":0,"110":0,"111":1,"112":0,"113":0,"114":0,"115":0,"116":0,"117":0,"118":0,"119":1,"120":0,"121":0,"122":0,"123":0,"124":0,"125":0,"126":0,"127":0,"128":0,"129":0,"130":0,"131":0,"132":0,"133":0,"134":1,"135":0,"136":0,"137":0,"138":0,"139":0,"140":0,"141":0,"142":0,"143":0,"144":0,"145":0,"146":1,"147":0,"148":0,"149":0,"150":0,"151":0,"152":0,"153":0,"154":0,"155":0,"156":0,"157":0,"158":0,"159":0,"160":0,"161":0,"162":0,"163":0,"164":0,"165":0,"166":0,"167":0,"168":0,"169":0,"170":0,"171":0,"172":1,"173":0,"174":0,"175":0,"176":0,"177":0,"178":0,"179":0,"180":0,"181":0,"182":0,"183":0,"184":0,"185":0,"186":0,"187":0,"188":0,"189":0,"190":1,"191":0,"192":0,"193":0,"194":0,"195":1,"196":0,"197":0,"198":0,"199":0,"200":1,"201":0,"202":0,"203":0,"204":0,"205":0,"206":0,"207":0,"208":1,"209":0,"210":0,"211":0,"212":0,"213":0,"214":0,"215":0,"216":0,"217":0,"218":0,"219":1,"220":0,"221":0,"222":0,"223":0,"224":0,"225":1,"226":0,"227":0,"228":0,"229":0,"230":0,"231":0,"232":0,"233":0,"234":0,"235":1,"236":0,"237":0,"238":0,"239":0,"240":0,"241":0,"242":0,"243":0,"244":0,"245":0,"246":0,"247":0,"248":0,"249":0,"250":1,"251":0,"252":0,"253":0,"254":0,"255":0,"256":0,"257":0,"258":1,"259":0,"260":0,"261":0,"262":0,"263":0,"264":0,"265":0,"266":0,"267":0,"268":0,"269":0,"270":0,"271":1,"272":0,"273":0,"274":0,"275":0,"276":0,"277":0,"278":0,"279":0,"280":0,"281":0,"282":0,"283":0,"284":0,"285":0,"286":0,"287":0,"288":0,"289":1,"290":0,"291":0,"292":0,"293":0,"294":0,"295":0,"296":0,"297":0,"298":0,"299":0,"300":0,"301":0,"302":1,"303":0,"304":0,"305":0,"306":0,"307":0,"308":0,"309":0,"310":0,"311":0,"312":0,"313":0,"314":0,"315":0,"316":0,"317":0,"318":0,"319":0,"320":0,"321":0,"322":0,"323":0,"324":1,"325":0,"326":0,"327":0,"328":0,"329":0,"330":0,"331":0,"332":0,"333":0,"334":0,"335":0,"336":0,"337":0,"338":0,"339":0,"340":0,"341":0,"342":0,"343":0,"344":0,"345":0,"346":0,"347":0,"348":0,"349":0,"350":0,"351":0,"352":0,"353":0,"354":0,"355":0,"356":0,"357":0,"358":0,"359":0,"360":0,"361":1,"362":0,"363":0,"364":0,"365":0,"366":0,"367":0,"368":0,"369":0,"370":0,"371":0,"372":0,"373":0,"374":0,"375":0,"376":0,"377":0,"378":0,"379":0,"380":0,"381":0,"382":0,"383":0,"384":0,"385":0,"386":0,"387":0,"388":0,"389":0,"390":0,"391":0,"392":1,"393":0,"394":0,"395":0,"396":0,"397":0,"398":0,"399":0,"400":0,"401":0,"402":0,"403":0,"404":0,"405":0,"406":0,"407":0,"408":0,"409":0,"410":0,"411":0,"412":0,"413":0,"414":0,"415":0,"416":1,"417":0,"418":0,"419":0,"420":0,"421":0,"422":0,"423":0,"424":0,"425":0,"426":0,"427":0,"428":0,"429":0,"430":0,"431":0,"432":0,"433":0,"434":0,"435":0,"436":0,"437":0,"438":0,"439":0,"440":1,"441":0,"442":0,"443":0,"444":0,"445":0,"446":0,"447":0,"448":0,"449":0,"450":0,"451":0,"452":0,"453":0,"454":0,"455":0,"456":0,"457":0,"458":0,"459":0,"460":0,"461":0,"462":0,"463":0,"464":0,"465":0,"466":0,"467":0,"468":1,"469":0,"470":0,"471":0,"472":0,"473":0,"474":0,"475":0,"476":0,"477":0,"478":0,"479":0,"480":0,"481":0,"482":0,"483":0,"484":0,"485":0,"486":0,"487":0,"488":0,"489":0,"490":0,"491":0,"492":0,"493":0,"494":0,"495":0,"496":0,"497":0,"498":0,"499":1,"500":0,"501":0,"502":0,"503":0,"504":0,"505":0,"506":0,"507":0,"508":0,"509":0,"510":0,"511":0,"512":0,"513":0,"514":0,"515":0,"516":0,"517":0,"518":0,"519":0,"520":0,"521":0,"522":1,"523":0,"524":0,"525":0,"526":0,"527":0,"528":0,"529":0,"530":0,"531":0,"532":0,"533":1,"534":0,"535":0,"536":0,"537":0,"538":0,"539":0,"540":0,"541":0,"542":0,"543":0,"544":0,"545":0,"546":0,"547":0,"548":0,"549":0,"550":0,"551":0,"552":0,"553":0,"554":0,"555":0,"556":0,"557":0,"558":0,"559":0,"560":0,"561":0,"562":0,"563":0,"564":0,"565":0,"566":0,"567":0,"568":0,"569":0,"570":0,"571":0,"572":0,"573":0,"574":0,"575":0,"576":0,"577":0,"578":0,"579":1,"580":0,"581":0,"582":0,"583":0,"584":0,"585":0,"586":0,"587":0,"588":0,"589":0,"590":0,"591":0,"592":0,"593":0,"594":0,"595":0,"596":0,"597":0,"598":0,"599":0,"600":0,"601":0,"602":0,"603":0,"604":0,"605":0,"606":0,"607":1,"608":0,"609":0,"610":0,"611":0,"612":0,"613":0,"614":0,"615":0,"616":0,"617":0,"618":0,"619":0,"620":1,"621":0,"622":0,"623":0,"624":0,"625":0,"626":0,"627":0,"628":0,"629":0,"630":0,"631":0,"632":0,"633":0,"634":0,"635":0,"636":0,"637":0,"638":0,"639":0,"640":0,"641":0,"642":1,"643":0,"644":0,"645":0,"646":0,"647":0,"648":0,"649":0,"650":0,"651":0,"652":0,"653":0,"654":0,"655":0,"656":0,"657":0,"658":0,"659":0,"660":0,"661":0,"662":0,"663":0,"664":0,"665":0,"666":0,"667":0,"668":0,"669":0,"670":0,"671":0,"672":1,"673":0,"674":0,"675":0,"676":0,"677":0,"678":0,"679":0,"680":0,"681":0,"682":0,"683":0,"684":0,"685":0,"686":0,"687":0,"688":0,"689":0,"690":0,"691":0,"692":0,"693":0,"694":0,"695":0,"696":0,"697":0,"698":0,"699":0,"700":0,"701":0,"702":0,"703":1,"704":0,"705":0,"706":0,"707":0,"708":0,"709":0,"710":0,"711":0,"712":0,"713":0,"714":0,"715":0,"716":0,"717":0,"718":0,"719":0,"720":0,"721":0,"722":0,"723":0,"724":0,"725":0,"726":0,"727":1,"728":0,"729":0,"730":0,"731":0,"732":0,"733":0,"734":0,"735":0,"736":0,"737":0,"738":0,"739":0,"740":1,"741":0,"742":0,"743":0,"744":0,"745":0,"746":0,"747":0,"748":0,"749":0,"750":0,"751":0,"752":0,"753":0,"754":0,"755":1,"756":0,"757":0,"758":0,"759":0,"760":0,"761":0,"762":0,"763":0,"764":0,"765":0,"766":1,"767":0,"768":0,"769":0,"770":0,"771":0,"772":0,"773":0,"774":0,"775":0,"776":0,"777":0,"778":0,"779":0,"780":0,"781":1,"782":0,"783":0,"784":0,"785":0,"786":0,"787":1,"788":0,"789":0,"790":0,"791":0,"792":0,"793":0,"794":0,"795":0,"796":0,"797":0,"798":1,"799":0,"800":0,"801":0,"802":0,"803":0,"804":0,"805":0,"806":0,"807":1,"808":0,"809":0,"810":1},"f":{"0":1,"1":0,"2":0,"3":0,"4":0,"5":0,"6":0,"7":0,"8":0,"9":0,"10":0,"11":1,"12":0,"13":0,"14":0,"15":0,"16":0,"17":0,"18":0,"19":0,"20":0,"21":0,"22":0,"23":0,"24":0,"25":0,"26":0,"27":0,"28":0,"29":0,"30":0,"31":0,"32":0,"33":0,"34":0,"35":0,"36":0,"37":0,"38":0,"39":0,"40":0,"41":0,"42":0,"43":0,"44":0,"45":0,"46":0,"47":0,"48":0,"49":0,"50":0,"51":0,"52":0,"53":0,"54":0,"55":0,"56":0,"57":0,"58":0,"59":0,"60":0,"61":0,"62":0,"63":0,"64":0,"65":0,"66":0,"67":0,"68":0,"69":0,"70":0,"71":0,"72":0,"73":0,"74":0,"75":0,"76":0,"77":0,"78":0,"79":0,"80":0,"81":0,"82":0,"83":0,"84":0,"85":0,"86":0,"87":0,"88":0,"89":0,"90":0,"91":0,"92":0,"93":0,"94":0,"95":0,"96":0,"97":0},"b":{"0":[1,1],"1":[1,1],"2":[0,0],"3":[0,0],"4":[0,0],"5":[0,0],"6":[0,0],"7":[0,0],"8":[0,0],"9":[0,0],"10":[0,0],"11":[0,0],"12":[0,0],"13":[0,0],"14":[0,0],"15":[0,0],"16":[0,0],"17":[0,0],"18":[0,0],"19":[0,0],"20":[0,0],"21":[0,0],"22":[0,0],"23":[0,0],"24":[0,0],"25":[0,0],"26":[0,0],"27":[0,0,0],"28":[0,0],"29":[0,0],"30":[0,0],"31":[0,0],"32":[0,0],"33":[0,0],"34":[0,0],"35":[0,0],"36":[0,0],"37":[0,0,0],"38":[0,0],"39":[0,0],"40":[0,0],"41":[0,0],"42":[0,0],"43":[0,0],"44":[0,0],"45":[0,0],"46":[0,0],"47":[0,0],"48":[0,0],"49":[0,0],"50":[0,0],"51":[0,0],"52":[0,0],"53":[0,0],"54":[0,0],"55":[0,0],"56":[0,0],"57":[0,0],"58":[0,0],"59":[0,0],"60":[0,0],"61":[0,0,0],"62":[0,0],"63":[0,0],"64":[0,0],"65":[0,0],"66":[0,0],"67":[0,0],"68":[0,0],"69":[0,0],"70":[0,0],"71":[0,0],"72":[0,0],"73":[0,0],"74":[0,0],"75":[0,0],"76":[0,0],"77":[0,0],"78":[0,0],"79":[0,0,0],"80":[0],"81":[0],"82":[0],"83":[0],"84":[0,0],"85":[0,0],"86":[0,0],"87":[0,0],"88":[0,0],"89":[0,0],"90":[0,0],"91":[0,0],"92":[0,0],"93":[0,0],"94":[0,0,0],"95":[0,0],"96":[0,0,0],"97":[0,0],"98":[0,0],"99":[0,0],"100":[0,0],"101":[0,0],"102":[0,0,0],"103":[0,0],"104":[0,0],"105":[0,0],"106":[0,0],"107":[0,0],"108":[0],"109":[0,0],"110":[0,0,0],"111":[0,0],"112":[0,0],"113":[0,0],"114":[0,0],"115":[0,0],"116":[0,0,0],"117":[0,0],"118":[0,0],"119":[0,0],"120":[0,0],"121":[0,0],"122":[0,0],"123":[0,0],"124":[0,0],"125":[0,0],"126":[0,0],"127":[0,0,0],"128":[0,0],"129":[0,0],"130":[0,0],"131":[0,0],"132":[0,0],"133":[0,0],"134":[0,0],"135":[0,0],"136":[0,0],"137":[0,0],"138":[0,0],"139":[0,0],"140":[0,0],"141":[0,0],"142":[0,0],"143":[0,0],"144":[0,0],"145":[0,0],"146":[0,0],"147":[0,0],"148":[0,0],"149":[0,0,0],"150":[0,0],"151":[0,0,0,0,0,0,0,0],"152":[0,0],"153":[0,0],"154":[0,0],"155":[0,0],"156":[0,0],"157":[0,0],"158":[0,0],"159":[0,0],"160":[0,0],"161":[0,0],"162":[0,0],"163":[0,0],"164":[0,0],"165":[0,0],"166":[0,0],"167":[0,0],"168":[0,0],"169":[0,0,0],"170":[0,0],"171":[0,0],"172":[0,0],"173":[0,0],"174":[0,0],"175":[0,0],"176":[0,0],"177":[0,0],"178":[0,0,0],"179":[0,0],"180":[0,0],"181":[0,0],"182":[0,0],"183":[0,0],"184":[0,0,0],"185":[0,0],"186":[0,0],"187":[0,0],"188":[0,0],"189":[0,0],"190":[0,0],"191":[0,0],"192":[0,0],"193":[0,0],"194":[0,0],"195":[0,0],"196":[0,0,0],"197":[0,0],"198":[0,0],"199":[0,0],"200":[0,0],"201":[0,0],"202":[0,0,0],"203":[0,0],"204":[0,0],"205":[0,0],"206":[0,0],"207":[0,0],"208":[0,0],"209":[0,0,0],"210":[0,0],"211":[0,0],"212":[0,0],"213":[0,0,0],"214":[0,0],"215":[0,0],"216":[0,0],"217":[0,0,0],"218":[0,0],"219":[0,0],"220":[0,0,0],"221":[0,0],"222":[0,0],"223":[0,0],"224":[0,0],"225":[0,0],"226":[0,0],"227":[0,0],"228":[0,0,0],"229":[0,0],"230":[0,0],"231":[0,1]},"_coverageSchema":"1a1c01bbd47fc00a2c39e90264f33305004495a9","hash":"ccb4190b4d0ce10582365ceeac0816f94775ff52"}
,"/Users/mattstratton/src/github.com/mattstratton/conducky/backend/utils/rbac.js": {"path":"/Users/mattstratton/src/github.com/mattstratton/conducky/backend/utils/rbac.js","statementMap":{"0":{"start":{"line":1,"column":25},"end":{"line":1,"column":50}},"1":{"start":{"line":2,"column":15},"end":{"line":2,"column":33}},"2":{"start":{"line":9,"column":2},"end":{"line":81,"column":4}},"3":{"start":{"line":10,"column":4},"end":{"line":10,"column":47}},"4":{"start":{"line":11,"column":4},"end":{"line":11,"column":56}},"5":{"start":{"line":12,"column":19},"end":{"line":12,"column":92}},"6":{"start":{"line":13,"column":4},"end":{"line":13,"column":48}},"7":{"start":{"line":14,"column":18},"end":{"line":14,"column":102}},"8":{"start":{"line":15,"column":4},"end":{"line":15,"column":67}},"9":{"start":{"line":17,"column":4},"end":{"line":30,"column":5}},"10":{"start":{"line":18,"column":6},"end":{"line":29,"column":7}},"11":{"start":{"line":19,"column":8},"end":{"line":19,"column":107}},"12":{"start":{"line":20,"column":23},"end":{"line":20,"column":89}},"13":{"start":{"line":21,"column":8},"end":{"line":26,"column":9}},"14":{"start":{"line":22,"column":10},"end":{"line":22,"column":35}},"15":{"start":{"line":23,"column":10},"end":{"line":23,"column":108}},"16":{"start":{"line":25,"column":10},"end":{"line":25,"column":85}},"17":{"start":{"line":28,"column":8},"end":{"line":28,"column":94}},"18":{"start":{"line":32,"column":4},"end":{"line":45,"column":5}},"19":{"start":{"line":33,"column":6},"end":{"line":44,"column":7}},"20":{"start":{"line":34,"column":8},"end":{"line":34,"column":100}},"21":{"start":{"line":35,"column":22},"end":{"line":35,"column":85}},"22":{"start":{"line":36,"column":8},"end":{"line":41,"column":9}},"23":{"start":{"line":37,"column":10},"end":{"line":37,"column":29}},"24":{"start":{"line":38,"column":10},"end":{"line":38,"column":98}},"25":{"start":{"line":40,"column":10},"end":{"line":40,"column":76}},"26":{"start":{"line":43,"column":8},"end":{"line":43,"column":85}},"27":{"start":{"line":46,"column":4},"end":{"line":48,"column":5}},"28":{"start":{"line":47,"column":6},"end":{"line":47,"column":66}},"29":{"start":{"line":49,"column":4},"end":{"line":56,"column":7}},"30":{"start":{"line":57,"column":4},"end":{"line":80,"column":5}},"31":{"start":{"line":59,"column":27},"end":{"line":62,"column":8}},"32":{"start":{"line":63,"column":27},"end":{"line":63,"column":83}},"33":{"start":{"line":63,"column":52},"end":{"line":63,"column":82}},"34":{"start":{"line":64,"column":6},"end":{"line":66,"column":7}},"35":{"start":{"line":65,"column":8},"end":{"line":65,"column":22}},"36":{"start":{"line":68,"column":6},"end":{"line":70,"column":7}},"37":{"start":{"line":69,"column":8},"end":{"line":69,"column":142}},"38":{"start":{"line":72,"column":24},"end":{"line":72,"column":75}},"39":{"start":{"line":72,"column":51},"end":{"line":72,"column":74}},"40":{"start":{"line":73,"column":22},"end":{"line":73,"column":81}},"41":{"start":{"line":73,"column":44},"end":{"line":73,"column":80}},"42":{"start":{"line":74,"column":6},"end":{"line":76,"column":7}},"43":{"start":{"line":75,"column":8},"end":{"line":75,"column":79}},"44":{"start":{"line":77,"column":6},"end":{"line":77,"column":13}},"45":{"start":{"line":79,"column":6},"end":{"line":79,"column":81}},"46":{"start":{"line":88,"column":2},"end":{"line":107,"column":4}},"47":{"start":{"line":89,"column":4},"end":{"line":91,"column":5}},"48":{"start":{"line":90,"column":6},"end":{"line":90,"column":66}},"49":{"start":{"line":92,"column":4},"end":{"line":106,"column":5}},"50":{"start":{"line":93,"column":24},"end":{"line":98,"column":8}},"51":{"start":{"line":99,"column":27},"end":{"line":99,"column":80}},"52":{"start":{"line":99,"column":49},"end":{"line":99,"column":79}},"53":{"start":{"line":100,"column":6},"end":{"line":102,"column":7}},"54":{"start":{"line":101,"column":8},"end":{"line":101,"column":79}},"55":{"start":{"line":103,"column":6},"end":{"line":103,"column":13}},"56":{"start":{"line":105,"column":6},"end":{"line":105,"column":88}},"57":{"start":{"line":110,"column":0},"end":{"line":110,"column":52}}},"fnMap":{"0":{"name":"requireRole","decl":{"start":{"line":8,"column":9},"end":{"line":8,"column":20}},"loc":{"start":{"line":8,"column":35},"end":{"line":82,"column":1}},"line":8},"1":{"name":"(anonymous_1)","decl":{"start":{"line":9,"column":9},"end":{"line":9,"column":10}},"loc":{"start":{"line":9,"column":35},"end":{"line":81,"column":3}},"line":9},"2":{"name":"(anonymous_2)","decl":{"start":{"line":63,"column":45},"end":{"line":63,"column":46}},"loc":{"start":{"line":63,"column":52},"end":{"line":63,"column":82}},"line":63},"3":{"name":"(anonymous_3)","decl":{"start":{"line":72,"column":44},"end":{"line":72,"column":45}},"loc":{"start":{"line":72,"column":51},"end":{"line":72,"column":74}},"line":72},"4":{"name":"(anonymous_4)","decl":{"start":{"line":73,"column":37},"end":{"line":73,"column":38}},"loc":{"start":{"line":73,"column":44},"end":{"line":73,"column":80}},"line":73},"5":{"name":"requireSuperAdmin","decl":{"start":{"line":87,"column":9},"end":{"line":87,"column":26}},"loc":{"start":{"line":87,"column":29},"end":{"line":108,"column":1}},"line":87},"6":{"name":"(anonymous_6)","decl":{"start":{"line":88,"column":9},"end":{"line":88,"column":10}},"loc":{"start":{"line":88,"column":35},"end":{"line":107,"column":3}},"line":88},"7":{"name":"(anonymous_7)","decl":{"start":{"line":99,"column":42},"end":{"line":99,"column":43}},"loc":{"start":{"line":99,"column":49},"end":{"line":99,"column":79}},"line":99}},"branchMap":{"0":{"loc":{"start":{"line":12,"column":19},"end":{"line":12,"column":92}},"type":"cond-expr","locations":[{"start":{"line":12,"column":77},"end":{"line":12,"column":87}},{"start":{"line":12,"column":90},"end":{"line":12,"column":92}}],"line":12},"1":{"loc":{"start":{"line":12,"column":20},"end":{"line":12,"column":73}},"type":"binary-expr","locations":[{"start":{"line":12,"column":20},"end":{"line":12,"column":50}},{"start":{"line":12,"column":54},"end":{"line":12,"column":73}}],"line":12},"2":{"loc":{"start":{"line":14,"column":18},"end":{"line":14,"column":102}},"type":"binary-expr","locations":[{"start":{"line":14,"column":19},"end":{"line":14,"column":28}},{"start":{"line":14,"column":32},"end":{"line":14,"column":49}},{"start":{"line":14,"column":55},"end":{"line":14,"column":63}},{"start":{"line":14,"column":67},"end":{"line":14,"column":83}},{"start":{"line":14,"column":88},"end":{"line":14,"column":102}}],"line":14},"3":{"loc":{"start":{"line":17,"column":4},"end":{"line":30,"column":5}},"type":"if","locations":[{"start":{"line":17,"column":4},"end":{"line":30,"column":5}},{"start":{},"end":{}}],"line":17},"4":{"loc":{"start":{"line":17,"column":8},"end":{"line":17,"column":35}},"type":"binary-expr","locations":[{"start":{"line":17,"column":8},"end":{"line":17,"column":16}},{"start":{"line":17,"column":20},"end":{"line":17,"column":35}}],"line":17},"5":{"loc":{"start":{"line":21,"column":8},"end":{"line":26,"column":9}},"type":"if","locations":[{"start":{"line":21,"column":8},"end":{"line":26,"column":9}},{"start":{"line":24,"column":15},"end":{"line":26,"column":9}}],"line":21},"6":{"loc":{"start":{"line":32,"column":4},"end":{"line":45,"column":5}},"type":"if","locations":[{"start":{"line":32,"column":4},"end":{"line":45,"column":5}},{"start":{},"end":{}}],"line":32},"7":{"loc":{"start":{"line":32,"column":8},"end":{"line":32,"column":31}},"type":"binary-expr","locations":[{"start":{"line":32,"column":8},"end":{"line":32,"column":16}},{"start":{"line":32,"column":20},"end":{"line":32,"column":31}}],"line":32},"8":{"loc":{"start":{"line":36,"column":8},"end":{"line":41,"column":9}},"type":"if","locations":[{"start":{"line":36,"column":8},"end":{"line":41,"column":9}},{"start":{"line":39,"column":15},"end":{"line":41,"column":9}}],"line":36},"9":{"loc":{"start":{"line":46,"column":4},"end":{"line":48,"column":5}},"type":"if","locations":[{"start":{"line":46,"column":4},"end":{"line":48,"column":5}},{"start":{},"end":{}}],"line":46},"10":{"loc":{"start":{"line":46,"column":8},"end":{"line":46,"column":67}},"type":"binary-expr","locations":[{"start":{"line":46,"column":8},"end":{"line":46,"column":28}},{"start":{"line":46,"column":32},"end":{"line":46,"column":54}},{"start":{"line":46,"column":58},"end":{"line":46,"column":67}}],"line":46},"11":{"loc":{"start":{"line":64,"column":6},"end":{"line":66,"column":7}},"type":"if","locations":[{"start":{"line":64,"column":6},"end":{"line":66,"column":7}},{"start":{},"end":{}}],"line":64},"12":{"loc":{"start":{"line":64,"column":10},"end":{"line":64,"column":61}},"type":"binary-expr","locations":[{"start":{"line":64,"column":10},"end":{"line":64,"column":45}},{"start":{"line":64,"column":49},"end":{"line":64,"column":61}}],"line":64},"13":{"loc":{"start":{"line":68,"column":6},"end":{"line":70,"column":7}},"type":"if","locations":[{"start":{"line":68,"column":6},"end":{"line":70,"column":7}},{"start":{},"end":{}}],"line":68},"14":{"loc":{"start":{"line":74,"column":6},"end":{"line":76,"column":7}},"type":"if","locations":[{"start":{"line":74,"column":6},"end":{"line":76,"column":7}},{"start":{},"end":{}}],"line":74},"15":{"loc":{"start":{"line":89,"column":4},"end":{"line":91,"column":5}},"type":"if","locations":[{"start":{"line":89,"column":4},"end":{"line":91,"column":5}},{"start":{},"end":{}}],"line":89},"16":{"loc":{"start":{"line":89,"column":8},"end":{"line":89,"column":67}},"type":"binary-expr","locations":[{"start":{"line":89,"column":8},"end":{"line":89,"column":28}},{"start":{"line":89,"column":32},"end":{"line":89,"column":54}},{"start":{"line":89,"column":58},"end":{"line":89,"column":67}}],"line":89},"17":{"loc":{"start":{"line":100,"column":6},"end":{"line":102,"column":7}},"type":"if","locations":[{"start":{"line":100,"column":6},"end":{"line":102,"column":7}},{"start":{},"end":{}}],"line":100}},"s":{"0":2,"1":2,"2":7,"3":1,"4":1,"5":1,"6":1,"7":1,"8":1,"9":1,"10":0,"11":0,"12":0,"13":0,"14":0,"15":0,"16":0,"17":0,"18":1,"19":0,"20":0,"21":0,"22":0,"23":0,"24":0,"25":0,"26":0,"27":1,"28":1,"29":0,"30":0,"31":0,"32":0,"33":0,"34":0,"35":0,"36":0,"37":0,"38":0,"39":0,"40":0,"41":0,"42":0,"43":0,"44":0,"45":0,"46":6,"47":0,"48":0,"49":0,"50":0,"51":0,"52":0,"53":0,"54":0,"55":0,"56":0,"57":2},"f":{"0":7,"1":1,"2":0,"3":0,"4":0,"5":6,"6":0,"7":0},"b":{"0":[1,0],"1":[1,1],"2":[1,1,1,1,1],"3":[0,1],"4":[1,1],"5":[0,0],"6":[0,1],"7":[1,1],"8":[0,0],"9":[1,0],"10":[1,1,0],"11":[0,0],"12":[0,0],"13":[0,0],"14":[0,0],"15":[0,0],"16":[0,0,0],"17":[0,0]},"_coverageSchema":"1a1c01bbd47fc00a2c39e90264f33305004495a9","hash":"828ce08a40aa96855700dce6426381a12ac99fe8"}
}
