TN:
SF:index.js
FN:19,(anonymous_0)
FN:66,(anonymous_1)
FN:83,(anonymous_2)
FN:86,(anonymous_3)
FN:96,(anonymous_4)
FN:139,(anonymous_5)
FN:144,(anonymous_6)
FN:145,(anonymous_7)
FN:152,(anonymous_8)
FN:160,(anonymous_9)
FN:167,(anonymous_10)
FN:176,(anonymous_11)
FN:193,(anonymous_12)
FN:198,(anonymous_13)
FN:221,(anonymous_14)
FN:231,(anonymous_15)
FN:245,(anonymous_16)
FN:279,(anonymous_17)
FN:306,(anonymous_18)
FN:322,(anonymous_19)
FN:325,(anonymous_20)
FN:326,(anonymous_21)
FN:341,(anonymous_22)
FN:359,(anonymous_23)
FN:409,(anonymous_24)
FN:419,(anonymous_25)
FN:429,(anonymous_26)
FN:451,(anonymous_27)
FN:470,(anonymous_28)
FN:485,(anonymous_29)
FN:505,(anonymous_30)
FN:531,getEventIdBySlug
FN:537,(anonymous_32)
FN:551,(anonymous_33)
FN:579,(anonymous_34)
FN:628,(anonymous_35)
FN:656,(anonymous_36)
FN:687,(anonymous_37)
FN:708,(anonymous_38)
FN:711,(anonymous_39)
FN:712,(anonymous_40)
FN:741,(anonymous_41)
FN:763,(anonymous_42)
FN:782,(anonymous_43)
FN:785,(anonymous_44)
FN:786,(anonymous_45)
FN:821,(anonymous_46)
FN:839,(anonymous_47)
FN:842,(anonymous_48)
FN:843,(anonymous_49)
FN:859,generateInviteCode
FN:864,(anonymous_51)
FN:874,(anonymous_52)
FN:876,(anonymous_53)
FN:877,(anonymous_54)
FN:886,(anonymous_55)
FN:897,(anonymous_56)
FN:908,(anonymous_57)
FN:910,(anonymous_58)
FN:911,(anonymous_59)
FN:943,(anonymous_60)
FN:954,(anonymous_61)
FN:956,(anonymous_62)
FN:957,(anonymous_63)
FN:973,(anonymous_64)
FN:1015,(anonymous_65)
FN:1029,(anonymous_66)
FN:1045,(anonymous_67)
FN:1048,(anonymous_68)
FN:1049,(anonymous_69)
FN:1087,(anonymous_70)
FN:1099,(anonymous_71)
FN:1102,(anonymous_72)
FN:1103,(anonymous_73)
FN:1108,(anonymous_74)
FN:1139,(anonymous_75)
FN:1155,(anonymous_76)
FN:1171,(anonymous_77)
FN:1172,(anonymous_78)
FN:1189,(anonymous_79)
FN:1209,(anonymous_80)
FN:1210,(anonymous_81)
FN:1238,(anonymous_82)
FN:1267,(anonymous_83)
FN:1270,(anonymous_84)
FN:1287,(anonymous_85)
FN:1307,(anonymous_86)
FN:1308,(anonymous_87)
FN:1321,(anonymous_88)
FN:1335,(anonymous_89)
FN:1343,(anonymous_90)
FN:1354,(anonymous_91)
FN:1374,(anonymous_92)
FN:1391,(anonymous_93)
FN:1430,(anonymous_94)
FN:1445,(anonymous_95)
FN:1460,(anonymous_96)
FN:1474,(anonymous_97)
FNF:98
FNH:2
FNDA:1,(anonymous_0)
FNDA:0,(anonymous_1)
FNDA:0,(anonymous_2)
FNDA:0,(anonymous_3)
FNDA:0,(anonymous_4)
FNDA:0,(anonymous_5)
FNDA:0,(anonymous_6)
FNDA:0,(anonymous_7)
FNDA:0,(anonymous_8)
FNDA:0,(anonymous_9)
FNDA:0,(anonymous_10)
FNDA:1,(anonymous_11)
FNDA:0,(anonymous_12)
FNDA:0,(anonymous_13)
FNDA:0,(anonymous_14)
FNDA:0,(anonymous_15)
FNDA:0,(anonymous_16)
FNDA:0,(anonymous_17)
FNDA:0,(anonymous_18)
FNDA:0,(anonymous_19)
FNDA:0,(anonymous_20)
FNDA:0,(anonymous_21)
FNDA:0,(anonymous_22)
FNDA:0,(anonymous_23)
FNDA:0,(anonymous_24)
FNDA:0,(anonymous_25)
FNDA:0,(anonymous_26)
FNDA:0,(anonymous_27)
FNDA:0,(anonymous_28)
FNDA:0,(anonymous_29)
FNDA:0,(anonymous_30)
FNDA:0,getEventIdBySlug
FNDA:0,(anonymous_32)
FNDA:0,(anonymous_33)
FNDA:0,(anonymous_34)
FNDA:0,(anonymous_35)
FNDA:0,(anonymous_36)
FNDA:0,(anonymous_37)
FNDA:0,(anonymous_38)
FNDA:0,(anonymous_39)
FNDA:0,(anonymous_40)
FNDA:0,(anonymous_41)
FNDA:0,(anonymous_42)
FNDA:0,(anonymous_43)
FNDA:0,(anonymous_44)
FNDA:0,(anonymous_45)
FNDA:0,(anonymous_46)
FNDA:0,(anonymous_47)
FNDA:0,(anonymous_48)
FNDA:0,(anonymous_49)
FNDA:0,generateInviteCode
FNDA:0,(anonymous_51)
FNDA:0,(anonymous_52)
FNDA:0,(anonymous_53)
FNDA:0,(anonymous_54)
FNDA:0,(anonymous_55)
FNDA:0,(anonymous_56)
FNDA:0,(anonymous_57)
FNDA:0,(anonymous_58)
FNDA:0,(anonymous_59)
FNDA:0,(anonymous_60)
FNDA:0,(anonymous_61)
FNDA:0,(anonymous_62)
FNDA:0,(anonymous_63)
FNDA:0,(anonymous_64)
FNDA:0,(anonymous_65)
FNDA:0,(anonymous_66)
FNDA:0,(anonymous_67)
FNDA:0,(anonymous_68)
FNDA:0,(anonymous_69)
FNDA:0,(anonymous_70)
FNDA:0,(anonymous_71)
FNDA:0,(anonymous_72)
FNDA:0,(anonymous_73)
FNDA:0,(anonymous_74)
FNDA:0,(anonymous_75)
FNDA:0,(anonymous_76)
FNDA:0,(anonymous_77)
FNDA:0,(anonymous_78)
FNDA:0,(anonymous_79)
FNDA:0,(anonymous_80)
FNDA:0,(anonymous_81)
FNDA:0,(anonymous_82)
FNDA:0,(anonymous_83)
FNDA:0,(anonymous_84)
FNDA:0,(anonymous_85)
FNDA:0,(anonymous_86)
FNDA:0,(anonymous_87)
FNDA:0,(anonymous_88)
FNDA:0,(anonymous_89)
FNDA:0,(anonymous_90)
FNDA:0,(anonymous_91)
FNDA:0,(anonymous_92)
FNDA:0,(anonymous_93)
FNDA:0,(anonymous_94)
FNDA:0,(anonymous_95)
FNDA:0,(anonymous_96)
FNDA:0,(anonymous_97)
DA:1,1
DA:2,1
DA:3,1
DA:4,1
DA:5,1
DA:6,1
DA:7,1
DA:8,1
DA:9,1
DA:10,1
DA:11,1
DA:12,1
DA:13,1
DA:14,1
DA:15,1
DA:16,1
DA:19,1
DA:20,1
DA:21,1
DA:25,1
DA:31,1
DA:34,1
DA:40,1
DA:46,1
DA:47,1
DA:50,1
DA:57,1
DA:60,1
DA:61,1
DA:64,1
DA:67,0
DA:68,0
DA:69,0
DA:70,0
DA:72,0
DA:73,0
DA:74,0
DA:76,0
DA:78,0
DA:83,1
DA:84,0
DA:86,1
DA:87,0
DA:88,0
DA:89,0
DA:91,0
DA:96,1
DA:97,0
DA:98,0
DA:99,0
DA:101,0
DA:102,0
DA:103,0
DA:104,0
DA:106,0
DA:107,0
DA:108,0
DA:112,0
DA:113,0
DA:114,0
DA:115,0
DA:116,0
DA:118,0
DA:125,0
DA:128,0
DA:134,0
DA:139,1
DA:140,0
DA:144,1
DA:145,0
DA:146,0
DA:147,0
DA:152,1
DA:153,0
DA:155,0
DA:160,0
DA:161,0
DA:163,0
DA:167,1
DA:169,0
DA:170,0
DA:171,0
DA:173,0
DA:176,1
DA:178,1
DA:179,1
DA:186,1
DA:188,0
DA:193,1
DA:194,0
DA:198,1
DA:199,0
DA:200,0
DA:201,0
DA:204,0
DA:205,0
DA:206,0
DA:208,0
DA:209,0
DA:210,0
DA:211,0
DA:213,0
DA:214,0
DA:216,0
DA:221,1
DA:222,0
DA:223,0
DA:224,0
DA:226,0
DA:231,1
DA:232,0
DA:233,0
DA:234,0
DA:235,0
DA:236,0
DA:238,0
DA:240,0
DA:245,1
DA:246,0
DA:247,0
DA:248,0
DA:249,0
DA:251,0
DA:252,0
DA:253,0
DA:254,0
DA:256,0
DA:257,0
DA:258,0
DA:261,0
DA:272,0
DA:274,0
DA:279,1
DA:280,0
DA:281,0
DA:282,0
DA:283,0
DA:285,0
DA:286,0
DA:287,0
DA:288,0
DA:290,0
DA:299,0
DA:301,0
DA:306,1
DA:307,0
DA:309,0
DA:310,0
DA:312,0
DA:313,0
DA:314,0
DA:316,0
DA:318,0
DA:322,0
DA:323,0
DA:325,0
DA:326,0
DA:327,0
DA:328,0
DA:332,0
DA:340,0
DA:341,0
DA:342,0
DA:343,0
DA:350,0
DA:352,0
DA:354,0
DA:359,1
DA:360,0
DA:361,0
DA:362,0
DA:363,0
DA:365,0
DA:367,0
DA:368,0
DA:369,0
DA:372,0
DA:374,0
DA:386,0
DA:387,0
DA:388,0
DA:389,0
DA:401,0
DA:403,0
DA:404,0
DA:409,1
DA:410,0
DA:411,0
DA:412,0
DA:414,0
DA:419,1
DA:420,0
DA:421,0
DA:422,0
DA:424,0
DA:429,1
DA:430,0
DA:431,0
DA:432,0
DA:434,0
DA:435,0
DA:444,0
DA:446,0
DA:451,1
DA:452,0
DA:453,0
DA:454,0
DA:456,0
DA:457,0
DA:458,0
DA:459,0
DA:461,0
DA:463,0
DA:465,0
DA:470,1
DA:471,0
DA:472,0
DA:473,0
DA:478,0
DA:480,0
DA:485,1
DA:486,0
DA:487,0
DA:488,0
DA:490,0
DA:491,0
DA:495,0
DA:496,0
DA:498,0
DA:500,0
DA:505,1
DA:506,0
DA:507,0
DA:508,0
DA:509,0
DA:510,0
DA:512,0
DA:514,0
DA:515,0
DA:516,0
DA:519,0
DA:524,0
DA:526,0
DA:532,0
DA:533,0
DA:537,1
DA:538,0
DA:539,0
DA:540,0
DA:541,0
DA:542,0
DA:544,0
DA:546,0
DA:551,1
DA:552,0
DA:553,0
DA:554,0
DA:555,0
DA:556,0
DA:557,0
DA:559,0
DA:560,0
DA:561,0
DA:563,0
DA:572,0
DA:574,0
DA:579,1
DA:580,0
DA:581,0
DA:582,0
DA:583,0
DA:585,0
DA:586,0
DA:587,0
DA:588,0
DA:591,0
DA:593,0
DA:605,0
DA:606,0
DA:607,0
DA:608,0
DA:620,0
DA:622,0
DA:623,0
DA:628,1
DA:629,0
DA:630,0
DA:631,0
DA:633,0
DA:634,0
DA:635,0
DA:636,0
DA:638,0
DA:646,0
DA:647,0
DA:649,0
DA:651,0
DA:656,1
DA:657,0
DA:658,0
DA:659,0
DA:660,0
DA:661,0
DA:662,0
DA:663,0
DA:664,0
DA:666,0
DA:667,0
DA:668,0
DA:669,0
DA:670,0
DA:671,0
DA:680,0
DA:682,0
DA:687,1
DA:688,0
DA:689,0
DA:691,0
DA:692,0
DA:693,0
DA:694,0
DA:695,0
DA:696,0
DA:698,0
DA:699,0
DA:700,0
DA:701,0
DA:704,0
DA:708,0
DA:709,0
DA:711,0
DA:712,0
DA:713,0
DA:714,0
DA:718,0
DA:719,0
DA:720,0
DA:722,0
DA:723,0
DA:730,0
DA:740,0
DA:741,0
DA:742,0
DA:743,0
DA:750,0
DA:753,0
DA:756,0
DA:758,0
DA:763,1
DA:764,0
DA:765,0
DA:767,0
DA:768,0
DA:769,0
DA:770,0
DA:772,0
DA:773,0
DA:774,0
DA:775,0
DA:778,0
DA:782,0
DA:783,0
DA:785,0
DA:786,0
DA:787,0
DA:788,0
DA:792,0
DA:797,0
DA:800,0
DA:801,0
DA:803,0
DA:804,0
DA:805,0
DA:807,0
DA:814,0
DA:816,0
DA:821,1
DA:822,0
DA:823,0
DA:825,0
DA:826,0
DA:827,0
DA:829,0
DA:830,0
DA:831,0
DA:832,0
DA:835,0
DA:839,0
DA:840,0
DA:842,0
DA:843,0
DA:844,0
DA:845,0
DA:849,0
DA:852,0
DA:854,0
DA:860,0
DA:864,1
DA:865,0
DA:866,0
DA:868,0
DA:869,0
DA:870,0
DA:871,0
DA:873,0
DA:874,0
DA:875,0
DA:876,0
DA:877,0
DA:878,0
DA:880,0
DA:885,0
DA:886,0
DA:890,0
DA:892,0
DA:897,1
DA:898,0
DA:899,0
DA:901,0
DA:902,0
DA:903,0
DA:904,0
DA:905,0
DA:907,0
DA:908,0
DA:909,0
DA:910,0
DA:911,0
DA:912,0
DA:915,0
DA:916,0
DA:917,0
DA:918,0
DA:919,0
DA:930,0
DA:931,0
DA:938,0
DA:943,1
DA:944,0
DA:945,0
DA:947,0
DA:948,0
DA:949,0
DA:950,0
DA:951,0
DA:953,0
DA:954,0
DA:955,0
DA:956,0
DA:957,0
DA:958,0
DA:960,0
DA:961,0
DA:962,0
DA:963,0
DA:964,0
DA:965,0
DA:966,0
DA:968,0
DA:973,1
DA:974,0
DA:975,0
DA:976,0
DA:977,0
DA:979,0
DA:980,0
DA:981,0
DA:982,0
DA:984,0
DA:985,0
DA:987,0
DA:988,0
DA:991,0
DA:992,0
DA:993,0
DA:995,0
DA:996,0
DA:998,0
DA:999,0
DA:1007,0
DA:1008,0
DA:1010,0
DA:1015,1
DA:1016,0
DA:1017,0
DA:1018,0
DA:1019,0
DA:1020,0
DA:1021,0
DA:1022,0
DA:1024,0
DA:1029,1
DA:1030,0
DA:1031,0
DA:1033,0
DA:1034,0
DA:1035,0
DA:1036,0
DA:1038,0
DA:1039,0
DA:1040,0
DA:1041,0
DA:1044,0
DA:1045,0
DA:1046,0
DA:1047,0
DA:1048,0
DA:1049,0
DA:1050,0
DA:1051,0
DA:1055,0
DA:1056,0
DA:1057,0
DA:1058,0
DA:1062,0
DA:1063,0
DA:1064,0
DA:1065,0
DA:1066,0
DA:1067,0
DA:1068,0
DA:1069,0
DA:1070,0
DA:1071,0
DA:1075,0
DA:1077,0
DA:1087,1
DA:1088,0
DA:1089,0
DA:1091,0
DA:1092,0
DA:1093,0
DA:1094,0
DA:1095,0
DA:1098,0
DA:1099,0
DA:1100,0
DA:1101,0
DA:1102,0
DA:1103,0
DA:1104,0
DA:1105,0
DA:1108,0
DA:1109,0
DA:1110,0
DA:1112,0
DA:1113,0
DA:1116,0
DA:1118,0
DA:1128,0
DA:1131,0
DA:1139,1
DA:1140,0
DA:1141,0
DA:1142,0
DA:1143,0
DA:1144,0
DA:1145,0
DA:1146,0
DA:1147,0
DA:1148,0
DA:1150,0
DA:1155,1
DA:1156,0
DA:1157,0
DA:1158,0
DA:1160,0
DA:1161,0
DA:1162,0
DA:1163,0
DA:1164,0
DA:1165,0
DA:1167,0
DA:1171,0
DA:1172,0
DA:1173,0
DA:1174,0
DA:1175,0
DA:1177,0
DA:1182,0
DA:1184,0
DA:1189,1
DA:1190,0
DA:1191,0
DA:1192,0
DA:1193,0
DA:1195,0
DA:1196,0
DA:1198,0
DA:1199,0
DA:1200,0
DA:1201,0
DA:1202,0
DA:1203,0
DA:1205,0
DA:1209,0
DA:1210,0
DA:1211,0
DA:1212,0
DA:1213,0
DA:1215,0
DA:1216,0
DA:1217,0
DA:1218,0
DA:1220,0
DA:1222,0
DA:1231,0
DA:1233,0
DA:1238,1
DA:1239,0
DA:1240,0
DA:1241,0
DA:1242,0
DA:1244,0
DA:1245,0
DA:1247,0
DA:1248,0
DA:1249,0
DA:1250,0
DA:1251,0
DA:1252,0
DA:1254,0
DA:1255,0
DA:1256,0
DA:1259,0
DA:1260,0
DA:1263,0
DA:1267,0
DA:1268,0
DA:1269,0
DA:1270,0
DA:1271,0
DA:1273,0
DA:1275,0
DA:1280,0
DA:1282,0
DA:1287,1
DA:1288,0
DA:1289,0
DA:1290,0
DA:1292,0
DA:1293,0
DA:1294,0
DA:1295,0
DA:1296,0
DA:1297,0
DA:1299,0
DA:1300,0
DA:1301,0
DA:1303,0
DA:1307,0
DA:1308,0
DA:1310,0
DA:1311,0
DA:1313,0
DA:1314,0
DA:1316,0
DA:1321,1
DA:1322,0
DA:1323,0
DA:1325,0
DA:1326,0
DA:1327,0
DA:1328,0
DA:1329,0
DA:1331,0
DA:1335,0
DA:1336,0
DA:1338,0
DA:1343,1
DA:1344,0
DA:1345,0
DA:1347,0
DA:1348,0
DA:1353,0
DA:1354,0
DA:1355,0
DA:1356,0
DA:1357,0
DA:1364,0
DA:1366,0
DA:1367,0
DA:1369,0
DA:1374,1
DA:1375,0
DA:1376,0
DA:1377,0
DA:1378,0
DA:1379,0
DA:1381,0
DA:1382,0
DA:1383,0
DA:1384,0
DA:1386,0
DA:1391,1
DA:1392,0
DA:1394,0
DA:1395,0
DA:1396,0
DA:1397,0
DA:1398,0
DA:1400,0
DA:1401,0
DA:1402,0
DA:1403,0
DA:1414,0
DA:1423,0
DA:1425,0
DA:1430,1
DA:1431,0
DA:1432,0
DA:1433,0
DA:1438,0
DA:1440,0
DA:1445,1
DA:1446,0
DA:1447,0
DA:1448,0
DA:1449,0
DA:1450,0
DA:1451,0
DA:1452,0
DA:1453,0
DA:1455,0
DA:1460,1
DA:1461,0
DA:1463,0
DA:1464,0
DA:1465,0
DA:1466,0
DA:1467,0
DA:1469,0
DA:1473,1
DA:1474,0
DA:1475,0
DA:1479,1
LF:736
LH:85
BRDA:41,0,0,1
BRDA:41,0,1,1
BRDA:51,1,0,1
BRDA:51,1,1,1
BRDA:69,2,0,0
BRDA:69,2,1,0
BRDA:69,3,0,0
BRDA:69,3,1,0
BRDA:73,4,0,0
BRDA:73,4,1,0
BRDA:98,5,0,0
BRDA:98,5,1,0
BRDA:98,6,0,0
BRDA:98,6,1,0
BRDA:103,7,0,0
BRDA:103,7,1,0
BRDA:113,8,0,0
BRDA:113,8,1,0
BRDA:115,9,0,0
BRDA:115,9,1,0
BRDA:146,10,0,0
BRDA:146,10,1,0
BRDA:153,11,0,0
BRDA:153,11,1,0
BRDA:153,12,0,0
BRDA:153,12,1,0
BRDA:170,13,0,0
BRDA:170,13,1,0
BRDA:200,14,0,0
BRDA:200,14,1,0
BRDA:200,15,0,0
BRDA:200,15,1,0
BRDA:205,16,0,0
BRDA:205,16,1,0
BRDA:210,17,0,0
BRDA:210,17,1,0
BRDA:235,18,0,0
BRDA:235,18,1,0
BRDA:248,19,0,0
BRDA:248,19,1,0
BRDA:248,20,0,0
BRDA:248,20,1,0
BRDA:253,21,0,0
BRDA:253,21,1,0
BRDA:257,22,0,0
BRDA:257,22,1,0
BRDA:282,23,0,0
BRDA:282,23,1,0
BRDA:282,24,0,0
BRDA:282,24,1,0
BRDA:287,25,0,0
BRDA:287,25,1,0
BRDA:309,26,0,0
BRDA:309,26,1,0
BRDA:309,27,0,0
BRDA:309,27,1,0
BRDA:309,27,2,0
BRDA:312,28,0,0
BRDA:312,28,1,0
BRDA:313,29,0,0
BRDA:313,29,1,0
BRDA:323,30,0,0
BRDA:323,30,1,0
BRDA:327,31,0,0
BRDA:327,31,1,0
BRDA:342,32,0,0
BRDA:342,32,1,0
BRDA:362,33,0,0
BRDA:362,33,1,0
BRDA:362,34,0,0
BRDA:362,34,1,0
BRDA:368,35,0,0
BRDA:368,35,1,0
BRDA:372,36,0,0
BRDA:372,36,1,0
BRDA:372,37,0,0
BRDA:372,37,1,0
BRDA:372,37,2,0
BRDA:381,38,0,0
BRDA:381,38,1,0
BRDA:382,39,0,0
BRDA:382,39,1,0
BRDA:387,40,0,0
BRDA:387,40,1,0
BRDA:387,41,0,0
BRDA:387,41,1,0
BRDA:431,42,0,0
BRDA:431,42,1,0
BRDA:453,43,0,0
BRDA:453,43,1,0
BRDA:458,44,0,0
BRDA:458,44,1,0
BRDA:487,45,0,0
BRDA:487,45,1,0
BRDA:487,46,0,0
BRDA:487,46,1,0
BRDA:495,47,0,0
BRDA:495,47,1,0
BRDA:495,48,0,0
BRDA:495,48,1,0
BRDA:509,49,0,0
BRDA:509,49,1,0
BRDA:509,50,0,0
BRDA:509,50,1,0
BRDA:515,51,0,0
BRDA:515,51,1,0
BRDA:515,52,0,0
BRDA:515,52,1,0
BRDA:533,53,0,0
BRDA:533,53,1,0
BRDA:541,54,0,0
BRDA:541,54,1,0
BRDA:556,55,0,0
BRDA:556,55,1,0
BRDA:560,56,0,0
BRDA:560,56,1,0
BRDA:582,57,0,0
BRDA:582,57,1,0
BRDA:582,58,0,0
BRDA:582,58,1,0
BRDA:587,59,0,0
BRDA:587,59,1,0
BRDA:591,60,0,0
BRDA:591,60,1,0
BRDA:591,61,0,0
BRDA:591,61,1,0
BRDA:591,61,2,0
BRDA:600,62,0,0
BRDA:600,62,1,0
BRDA:601,63,0,0
BRDA:601,63,1,0
BRDA:606,64,0,0
BRDA:606,64,1,0
BRDA:606,65,0,0
BRDA:606,65,1,0
BRDA:630,66,0,0
BRDA:630,66,1,0
BRDA:630,67,0,0
BRDA:630,67,1,0
BRDA:635,68,0,0
BRDA:635,68,1,0
BRDA:646,69,0,0
BRDA:646,69,1,0
BRDA:646,70,0,0
BRDA:646,70,1,0
BRDA:661,71,0,0
BRDA:661,71,1,0
BRDA:663,72,0,0
BRDA:663,72,1,0
BRDA:663,73,0,0
BRDA:663,73,1,0
BRDA:667,74,0,0
BRDA:667,74,1,0
BRDA:668,75,0,0
BRDA:668,75,1,0
BRDA:669,76,0,0
BRDA:669,76,1,0
BRDA:670,77,0,0
BRDA:670,77,1,0
BRDA:688,78,0,0
BRDA:688,78,1,0
BRDA:688,79,0,0
BRDA:688,79,1,0
BRDA:688,79,2,0
BRDA:692,80,0,0
BRDA:692,81,0,0
BRDA:692,82,0,0
BRDA:692,83,0,0
BRDA:693,84,0,0
BRDA:693,84,1,0
BRDA:694,85,0,0
BRDA:694,85,1,0
BRDA:695,86,0,0
BRDA:695,86,1,0
BRDA:700,87,0,0
BRDA:700,87,1,0
BRDA:709,88,0,0
BRDA:709,88,1,0
BRDA:713,89,0,0
BRDA:713,89,1,0
BRDA:719,90,0,0
BRDA:719,90,1,0
BRDA:722,91,0,0
BRDA:722,91,1,0
BRDA:742,92,0,0
BRDA:742,92,1,0
BRDA:764,93,0,0
BRDA:764,93,1,0
BRDA:764,94,0,0
BRDA:764,94,1,0
BRDA:764,94,2,0
BRDA:769,95,0,0
BRDA:769,95,1,0
BRDA:769,96,0,0
BRDA:769,96,1,0
BRDA:769,96,2,0
BRDA:774,97,0,0
BRDA:774,97,1,0
BRDA:783,98,0,0
BRDA:783,98,1,0
BRDA:787,99,0,0
BRDA:787,99,1,0
BRDA:804,100,0,0
BRDA:804,100,1,0
BRDA:822,101,0,0
BRDA:822,101,1,0
BRDA:822,102,0,0
BRDA:822,102,1,0
BRDA:822,102,2,0
BRDA:826,103,0,0
BRDA:826,103,1,0
BRDA:826,104,0,0
BRDA:826,104,1,0
BRDA:831,105,0,0
BRDA:831,105,1,0
BRDA:840,106,0,0
BRDA:840,106,1,0
BRDA:844,107,0,0
BRDA:844,107,1,0
BRDA:859,108,0,0
BRDA:865,109,0,0
BRDA:865,109,1,0
BRDA:865,110,0,0
BRDA:865,110,1,0
BRDA:865,110,2,0
BRDA:871,111,0,0
BRDA:871,111,1,0
BRDA:875,112,0,0
BRDA:875,112,1,0
BRDA:878,113,0,0
BRDA:878,113,1,0
BRDA:885,114,0,0
BRDA:885,114,1,0
BRDA:898,115,0,0
BRDA:898,115,1,0
BRDA:898,116,0,0
BRDA:898,116,1,0
BRDA:898,116,2,0
BRDA:905,117,0,0
BRDA:905,117,1,0
BRDA:909,118,0,0
BRDA:909,118,1,0
BRDA:912,119,0,0
BRDA:912,119,1,0
BRDA:915,120,0,0
BRDA:915,120,1,0
BRDA:917,121,0,0
BRDA:917,121,1,0
BRDA:924,122,0,0
BRDA:924,122,1,0
BRDA:925,123,0,0
BRDA:925,123,1,0
BRDA:926,124,0,0
BRDA:926,124,1,0
BRDA:930,125,0,0
BRDA:930,125,1,0
BRDA:944,126,0,0
BRDA:944,126,1,0
BRDA:944,127,0,0
BRDA:944,127,1,0
BRDA:944,127,2,0
BRDA:951,128,0,0
BRDA:951,128,1,0
BRDA:955,129,0,0
BRDA:955,129,1,0
BRDA:958,130,0,0
BRDA:958,130,1,0
BRDA:961,131,0,0
BRDA:961,131,1,0
BRDA:962,132,0,0
BRDA:962,132,1,0
BRDA:963,133,0,0
BRDA:963,133,1,0
BRDA:963,134,0,0
BRDA:963,134,1,0
BRDA:964,135,0,0
BRDA:964,135,1,0
BRDA:964,136,0,0
BRDA:964,136,1,0
BRDA:976,137,0,0
BRDA:976,137,1,0
BRDA:976,138,0,0
BRDA:976,138,1,0
BRDA:981,139,0,0
BRDA:981,139,1,0
BRDA:981,140,0,0
BRDA:981,140,1,0
BRDA:984,141,0,0
BRDA:984,141,1,0
BRDA:984,142,0,0
BRDA:984,142,1,0
BRDA:987,143,0,0
BRDA:987,143,1,0
BRDA:987,144,0,0
BRDA:987,144,1,0
BRDA:992,145,0,0
BRDA:992,145,1,0
BRDA:1019,146,0,0
BRDA:1019,146,1,0
BRDA:1021,147,0,0
BRDA:1021,147,1,0
BRDA:1030,148,0,0
BRDA:1030,148,1,0
BRDA:1030,149,0,0
BRDA:1030,149,1,0
BRDA:1030,149,2,0
BRDA:1035,150,0,0
BRDA:1035,150,1,0
BRDA:1035,151,0,0
BRDA:1035,151,1,0
BRDA:1035,151,2,0
BRDA:1035,151,3,0
BRDA:1035,151,4,0
BRDA:1035,151,5,0
BRDA:1035,151,6,0
BRDA:1035,151,7,0
BRDA:1040,152,0,0
BRDA:1040,152,1,0
BRDA:1047,153,0,0
BRDA:1047,153,1,0
BRDA:1050,154,0,0
BRDA:1050,154,1,0
BRDA:1055,155,0,0
BRDA:1055,155,1,0
BRDA:1055,156,0,0
BRDA:1055,156,1,0
BRDA:1057,157,0,0
BRDA:1057,157,1,0
BRDA:1063,158,0,0
BRDA:1063,158,1,0
BRDA:1064,159,0,0
BRDA:1064,159,1,0
BRDA:1065,160,0,0
BRDA:1065,160,1,0
BRDA:1066,161,0,0
BRDA:1066,161,1,0
BRDA:1067,162,0,0
BRDA:1067,162,1,0
BRDA:1067,163,0,0
BRDA:1067,163,1,0
BRDA:1068,164,0,0
BRDA:1068,164,1,0
BRDA:1068,165,0,0
BRDA:1068,165,1,0
BRDA:1069,166,0,0
BRDA:1069,166,1,0
BRDA:1070,167,0,0
BRDA:1070,167,1,0
BRDA:1088,168,0,0
BRDA:1088,168,1,0
BRDA:1088,169,0,0
BRDA:1088,169,1,0
BRDA:1088,169,2,0
BRDA:1094,170,0,0
BRDA:1094,170,1,0
BRDA:1101,171,0,0
BRDA:1101,171,1,0
BRDA:1104,172,0,0
BRDA:1104,172,1,0
BRDA:1109,173,0,0
BRDA:1109,173,1,0
BRDA:1112,174,0,0
BRDA:1112,174,1,0
BRDA:1143,175,0,0
BRDA:1143,175,1,0
BRDA:1145,176,0,0
BRDA:1145,176,1,0
BRDA:1157,177,0,0
BRDA:1157,177,1,0
BRDA:1157,178,0,0
BRDA:1157,178,1,0
BRDA:1157,178,2,0
BRDA:1162,179,0,0
BRDA:1162,179,1,0
BRDA:1164,180,0,0
BRDA:1164,180,1,0
BRDA:1164,181,0,0
BRDA:1164,181,1,0
BRDA:1174,182,0,0
BRDA:1174,182,1,0
BRDA:1192,183,0,0
BRDA:1192,183,1,0
BRDA:1192,184,0,0
BRDA:1192,184,1,0
BRDA:1192,184,2,0
BRDA:1195,185,0,0
BRDA:1195,185,1,0
BRDA:1195,186,0,0
BRDA:1195,186,1,0
BRDA:1200,187,0,0
BRDA:1200,187,1,0
BRDA:1202,188,0,0
BRDA:1202,188,1,0
BRDA:1202,189,0,0
BRDA:1202,189,1,0
BRDA:1211,190,0,0
BRDA:1211,190,1,0
BRDA:1212,191,0,0
BRDA:1212,191,1,0
BRDA:1212,192,0,0
BRDA:1212,192,1,0
BRDA:1216,193,0,0
BRDA:1216,193,1,0
BRDA:1217,194,0,0
BRDA:1217,194,1,0
BRDA:1241,195,0,0
BRDA:1241,195,1,0
BRDA:1241,196,0,0
BRDA:1241,196,1,0
BRDA:1241,196,2,0
BRDA:1244,197,0,0
BRDA:1244,197,1,0
BRDA:1244,198,0,0
BRDA:1244,198,1,0
BRDA:1249,199,0,0
BRDA:1249,199,1,0
BRDA:1251,200,0,0
BRDA:1251,200,1,0
BRDA:1255,201,0,0
BRDA:1255,201,1,0
BRDA:1255,202,0,0
BRDA:1255,202,1,0
BRDA:1255,202,2,0
BRDA:1259,203,0,0
BRDA:1259,203,1,0
BRDA:1269,204,0,0
BRDA:1269,204,1,0
BRDA:1269,205,0,0
BRDA:1269,205,1,0
BRDA:1270,206,0,0
BRDA:1270,206,1,0
BRDA:1270,207,0,0
BRDA:1270,207,1,0
BRDA:1289,208,0,0
BRDA:1289,208,1,0
BRDA:1289,209,0,0
BRDA:1289,209,1,0
BRDA:1289,209,2,0
BRDA:1294,210,0,0
BRDA:1294,210,1,0
BRDA:1296,211,0,0
BRDA:1296,211,1,0
BRDA:1300,212,0,0
BRDA:1300,212,1,0
BRDA:1300,213,0,0
BRDA:1300,213,1,0
BRDA:1300,213,2,0
BRDA:1310,214,0,0
BRDA:1310,214,1,0
BRDA:1310,215,0,0
BRDA:1310,215,1,0
BRDA:1322,216,0,0
BRDA:1322,216,1,0
BRDA:1322,217,0,0
BRDA:1322,217,1,0
BRDA:1322,217,2,0
BRDA:1328,218,0,0
BRDA:1328,218,1,0
BRDA:1344,219,0,0
BRDA:1344,219,1,0
BRDA:1344,220,0,0
BRDA:1344,220,1,0
BRDA:1344,220,2,0
BRDA:1355,221,0,0
BRDA:1355,221,1,0
BRDA:1356,222,0,0
BRDA:1356,222,1,0
BRDA:1378,223,0,0
BRDA:1378,223,1,0
BRDA:1396,224,0,0
BRDA:1396,224,1,0
BRDA:1397,225,0,0
BRDA:1397,225,1,0
BRDA:1397,226,0,0
BRDA:1397,226,1,0
BRDA:1400,227,0,0
BRDA:1400,227,1,0
BRDA:1400,228,0,0
BRDA:1400,228,1,0
BRDA:1400,228,2,0
BRDA:1449,229,0,0
BRDA:1449,229,1,0
BRDA:1465,230,0,0
BRDA:1465,230,1,0
BRDA:1473,231,0,0
BRDA:1473,231,1,1
BRF:486
BRH:5
end_of_record
TN:
SF:utils/rbac.js
FN:8,requireRole
FN:9,(anonymous_1)
FN:63,(anonymous_2)
FN:72,(anonymous_3)
FN:73,(anonymous_4)
FN:87,requireSuperAdmin
FN:88,(anonymous_6)
FN:99,(anonymous_7)
FNF:8
FNH:3
FNDA:7,requireRole
FNDA:1,(anonymous_1)
FNDA:0,(anonymous_2)
FNDA:0,(anonymous_3)
FNDA:0,(anonymous_4)
FNDA:6,requireSuperAdmin
FNDA:0,(anonymous_6)
FNDA:0,(anonymous_7)
DA:1,2
DA:2,2
DA:9,7
DA:10,1
DA:11,1
DA:12,1
DA:13,1
DA:14,1
DA:15,1
DA:17,1
DA:18,0
DA:19,0
DA:20,0
DA:21,0
DA:22,0
DA:23,0
DA:25,0
DA:28,0
DA:32,1
DA:33,0
DA:34,0
DA:35,0
DA:36,0
DA:37,0
DA:38,0
DA:40,0
DA:43,0
DA:46,1
DA:47,1
DA:49,0
DA:57,0
DA:59,0
DA:63,0
DA:64,0
DA:65,0
DA:68,0
DA:69,0
DA:72,0
DA:73,0
DA:74,0
DA:75,0
DA:77,0
DA:79,0
DA:88,6
DA:89,0
DA:90,0
DA:92,0
DA:93,0
DA:99,0
DA:100,0
DA:101,0
DA:103,0
DA:105,0
DA:110,2
LF:54
LH:15
BRDA:12,0,0,1
BRDA:12,0,1,0
BRDA:12,1,0,1
BRDA:12,1,1,1
BRDA:14,2,0,1
BRDA:14,2,1,1
BRDA:14,2,2,1
BRDA:14,2,3,1
BRDA:14,2,4,1
BRDA:17,3,0,0
BRDA:17,3,1,1
BRDA:17,4,0,1
BRDA:17,4,1,1
BRDA:21,5,0,0
BRDA:21,5,1,0
BRDA:32,6,0,0
BRDA:32,6,1,1
BRDA:32,7,0,1
BRDA:32,7,1,1
BRDA:36,8,0,0
BRDA:36,8,1,0
BRDA:46,9,0,1
BRDA:46,9,1,0
BRDA:46,10,0,1
BRDA:46,10,1,1
BRDA:46,10,2,0
BRDA:64,11,0,0
BRDA:64,11,1,0
BRDA:64,12,0,0
BRDA:64,12,1,0
BRDA:68,13,0,0
BRDA:68,13,1,0
BRDA:74,14,0,0
BRDA:74,14,1,0
BRDA:89,15,0,0
BRDA:89,15,1,0
BRDA:89,16,0,0
BRDA:89,16,1,0
BRDA:89,16,2,0
BRDA:100,17,0,0
BRDA:100,17,1,0
BRF:41
BRH:17
end_of_record
